{"/Users/jacobdavey/ChangePlusPlus/miracleflightsbackend/src/tests/Trimming.tests.ts":{"path":"/Users/jacobdavey/ChangePlusPlus/miracleflightsbackend/src/tests/Trimming.tests.ts","statementMap":{"0":{"start":{"line":2,"column":22},"end":{"line":12,"column":3}},"1":{"start":{"line":3,"column":4},"end":{"line":3,"column":33}},"2":{"start":{"line":3,"column":26},"end":{"line":3,"column":33}},"3":{"start":{"line":4,"column":15},"end":{"line":4,"column":52}},"4":{"start":{"line":5,"column":4},"end":{"line":7,"column":5}},"5":{"start":{"line":6,"column":6},"end":{"line":6,"column":68}},"6":{"start":{"line":6,"column":51},"end":{"line":6,"column":63}},"7":{"start":{"line":8,"column":4},"end":{"line":8,"column":39}},"8":{"start":{"line":10,"column":4},"end":{"line":10,"column":33}},"9":{"start":{"line":10,"column":26},"end":{"line":10,"column":33}},"10":{"start":{"line":11,"column":4},"end":{"line":11,"column":17}},"11":{"start":{"line":13,"column":25},"end":{"line":17,"column":2}},"12":{"start":{"line":14,"column":4},"end":{"line":14,"column":72}},"13":{"start":{"line":16,"column":4},"end":{"line":16,"column":21}},"14":{"start":{"line":18,"column":19},"end":{"line":24,"column":1}},"15":{"start":{"line":19,"column":4},"end":{"line":19,"column":42}},"16":{"start":{"line":19,"column":31},"end":{"line":19,"column":42}},"17":{"start":{"line":20,"column":17},"end":{"line":20,"column":19}},"18":{"start":{"line":21,"column":4},"end":{"line":21,"column":141}},"19":{"start":{"line":21,"column":21},"end":{"line":21,"column":141}},"20":{"start":{"line":21,"column":40},"end":{"line":21,"column":141}},"21":{"start":{"line":21,"column":109},"end":{"line":21,"column":141}},"22":{"start":{"line":22,"column":4},"end":{"line":22,"column":36}},"23":{"start":{"line":23,"column":4},"end":{"line":23,"column":18}},"24":{"start":{"line":25,"column":0},"end":{"line":25,"column":62}},"25":{"start":{"line":26,"column":26},"end":{"line":26,"column":69}},"26":{"start":{"line":27,"column":22},"end":{"line":27,"column":61}},"27":{"start":{"line":28,"column":21},"end":{"line":28,"column":59}},"28":{"start":{"line":29,"column":20},"end":{"line":29,"column":48}},"29":{"start":{"line":30,"column":15},"end":{"line":30,"column":44}},"30":{"start":{"line":31,"column":0},"end":{"line":31,"column":24}},"31":{"start":{"line":32,"column":0},"end":{"line":143,"column":3}},"32":{"start":{"line":33,"column":4},"end":{"line":87,"column":7}},"33":{"start":{"line":34,"column":28},"end":{"line":34,"column":74}},"34":{"start":{"line":35,"column":31},"end":{"line":35,"column":78}},"35":{"start":{"line":36,"column":8},"end":{"line":36,"column":71}},"36":{"start":{"line":37,"column":8},"end":{"line":37,"column":89}},"37":{"start":{"line":38,"column":8},"end":{"line":38,"column":106}},"38":{"start":{"line":39,"column":8},"end":{"line":39,"column":98}},"39":{"start":{"line":40,"column":8},"end":{"line":40,"column":108}},"40":{"start":{"line":41,"column":8},"end":{"line":41,"column":104}},"41":{"start":{"line":42,"column":8},"end":{"line":42,"column":108}},"42":{"start":{"line":43,"column":8},"end":{"line":43,"column":134}},"43":{"start":{"line":44,"column":8},"end":{"line":44,"column":98}},"44":{"start":{"line":45,"column":8},"end":{"line":45,"column":102}},"45":{"start":{"line":46,"column":8},"end":{"line":46,"column":104}},"46":{"start":{"line":47,"column":8},"end":{"line":47,"column":92}},"47":{"start":{"line":48,"column":8},"end":{"line":48,"column":108}},"48":{"start":{"line":49,"column":8},"end":{"line":49,"column":92}},"49":{"start":{"line":50,"column":8},"end":{"line":50,"column":110}},"50":{"start":{"line":51,"column":8},"end":{"line":51,"column":110}},"51":{"start":{"line":52,"column":8},"end":{"line":52,"column":126}},"52":{"start":{"line":53,"column":8},"end":{"line":53,"column":128}},"53":{"start":{"line":54,"column":8},"end":{"line":54,"column":102}},"54":{"start":{"line":55,"column":8},"end":{"line":55,"column":114}},"55":{"start":{"line":56,"column":8},"end":{"line":56,"column":98}},"56":{"start":{"line":57,"column":8},"end":{"line":57,"column":134}},"57":{"start":{"line":58,"column":8},"end":{"line":58,"column":106}},"58":{"start":{"line":59,"column":8},"end":{"line":59,"column":114}},"59":{"start":{"line":60,"column":8},"end":{"line":60,"column":116}},"60":{"start":{"line":61,"column":8},"end":{"line":61,"column":102}},"61":{"start":{"line":62,"column":8},"end":{"line":62,"column":86}},"62":{"start":{"line":63,"column":8},"end":{"line":63,"column":94}},"63":{"start":{"line":64,"column":8},"end":{"line":64,"column":108}},"64":{"start":{"line":65,"column":8},"end":{"line":65,"column":106}},"65":{"start":{"line":66,"column":8},"end":{"line":66,"column":136}},"66":{"start":{"line":67,"column":8},"end":{"line":67,"column":88}},"67":{"start":{"line":68,"column":8},"end":{"line":68,"column":102}},"68":{"start":{"line":69,"column":8},"end":{"line":69,"column":102}},"69":{"start":{"line":70,"column":8},"end":{"line":70,"column":108}},"70":{"start":{"line":71,"column":8},"end":{"line":71,"column":110}},"71":{"start":{"line":72,"column":8},"end":{"line":72,"column":126}},"72":{"start":{"line":73,"column":8},"end":{"line":73,"column":102}},"73":{"start":{"line":74,"column":8},"end":{"line":74,"column":136}},"74":{"start":{"line":75,"column":8},"end":{"line":75,"column":118}},"75":{"start":{"line":76,"column":8},"end":{"line":76,"column":118}},"76":{"start":{"line":77,"column":8},"end":{"line":77,"column":116}},"77":{"start":{"line":78,"column":8},"end":{"line":78,"column":132}},"78":{"start":{"line":79,"column":8},"end":{"line":79,"column":140}},"79":{"start":{"line":80,"column":8},"end":{"line":80,"column":140}},"80":{"start":{"line":81,"column":8},"end":{"line":81,"column":138}},"81":{"start":{"line":82,"column":8},"end":{"line":82,"column":116}},"82":{"start":{"line":83,"column":8},"end":{"line":83,"column":120}},"83":{"start":{"line":84,"column":8},"end":{"line":84,"column":98}},"84":{"start":{"line":85,"column":8},"end":{"line":85,"column":110}},"85":{"start":{"line":86,"column":8},"end":{"line":86,"column":100}},"86":{"start":{"line":88,"column":4},"end":{"line":113,"column":7}},"87":{"start":{"line":89,"column":24},"end":{"line":89,"column":66}},"88":{"start":{"line":90,"column":27},"end":{"line":90,"column":68}},"89":{"start":{"line":91,"column":8},"end":{"line":91,"column":63}},"90":{"start":{"line":92,"column":8},"end":{"line":92,"column":81}},"91":{"start":{"line":93,"column":8},"end":{"line":93,"column":78}},"92":{"start":{"line":94,"column":8},"end":{"line":94,"column":80}},"93":{"start":{"line":95,"column":8},"end":{"line":95,"column":110}},"94":{"start":{"line":96,"column":8},"end":{"line":96,"column":106}},"95":{"start":{"line":97,"column":8},"end":{"line":97,"column":100}},"96":{"start":{"line":98,"column":8},"end":{"line":98,"column":86}},"97":{"start":{"line":99,"column":8},"end":{"line":99,"column":106}},"98":{"start":{"line":100,"column":8},"end":{"line":100,"column":102}},"99":{"start":{"line":101,"column":8},"end":{"line":101,"column":84}},"100":{"start":{"line":102,"column":8},"end":{"line":102,"column":88}},"101":{"start":{"line":103,"column":8},"end":{"line":103,"column":94}},"102":{"start":{"line":104,"column":8},"end":{"line":104,"column":102}},"103":{"start":{"line":105,"column":8},"end":{"line":105,"column":92}},"104":{"start":{"line":106,"column":8},"end":{"line":106,"column":108}},"105":{"start":{"line":107,"column":8},"end":{"line":107,"column":124}},"106":{"start":{"line":108,"column":8},"end":{"line":108,"column":130}},"107":{"start":{"line":109,"column":8},"end":{"line":109,"column":108}},"108":{"start":{"line":110,"column":8},"end":{"line":110,"column":96}},"109":{"start":{"line":111,"column":8},"end":{"line":111,"column":110}},"110":{"start":{"line":112,"column":8},"end":{"line":112,"column":100}},"111":{"start":{"line":114,"column":4},"end":{"line":142,"column":7}},"112":{"start":{"line":115,"column":30},"end":{"line":115,"column":72}},"113":{"start":{"line":116,"column":33},"end":{"line":116,"column":79}},"114":{"start":{"line":117,"column":8},"end":{"line":117,"column":75}},"115":{"start":{"line":118,"column":8},"end":{"line":118,"column":93}},"116":{"start":{"line":119,"column":8},"end":{"line":119,"column":86}},"117":{"start":{"line":120,"column":8},"end":{"line":120,"column":104}},"118":{"start":{"line":121,"column":8},"end":{"line":121,"column":102}},"119":{"start":{"line":122,"column":8},"end":{"line":122,"column":110}},"120":{"start":{"line":123,"column":8},"end":{"line":123,"column":90}},"121":{"start":{"line":124,"column":8},"end":{"line":124,"column":90}},"122":{"start":{"line":125,"column":8},"end":{"line":125,"column":92}},"123":{"start":{"line":126,"column":8},"end":{"line":126,"column":88}},"124":{"start":{"line":127,"column":8},"end":{"line":127,"column":116}},"125":{"start":{"line":128,"column":8},"end":{"line":128,"column":112}},"126":{"start":{"line":129,"column":8},"end":{"line":129,"column":96}},"127":{"start":{"line":130,"column":8},"end":{"line":130,"column":116}},"128":{"start":{"line":131,"column":8},"end":{"line":131,"column":114}},"129":{"start":{"line":132,"column":8},"end":{"line":132,"column":134}},"130":{"start":{"line":133,"column":8},"end":{"line":133,"column":114}},"131":{"start":{"line":134,"column":8},"end":{"line":134,"column":96}},"132":{"start":{"line":135,"column":8},"end":{"line":135,"column":120}},"133":{"start":{"line":136,"column":8},"end":{"line":136,"column":116}},"134":{"start":{"line":137,"column":8},"end":{"line":137,"column":138}},"135":{"start":{"line":138,"column":8},"end":{"line":138,"column":106}},"136":{"start":{"line":139,"column":8},"end":{"line":139,"column":102}},"137":{"start":{"line":140,"column":8},"end":{"line":140,"column":84}},"138":{"start":{"line":141,"column":8},"end":{"line":141,"column":106}}},"fnMap":{"0":{"name":"(anonymous_0)","decl":{"start":{"line":2,"column":74},"end":{"line":2,"column":75}},"loc":{"start":{"line":2,"column":96},"end":{"line":9,"column":1}},"line":2},"1":{"name":"(anonymous_1)","decl":{"start":{"line":6,"column":38},"end":{"line":6,"column":39}},"loc":{"start":{"line":6,"column":49},"end":{"line":6,"column":65}},"line":6},"2":{"name":"(anonymous_2)","decl":{"start":{"line":9,"column":6},"end":{"line":9,"column":7}},"loc":{"start":{"line":9,"column":28},"end":{"line":12,"column":1}},"line":9},"3":{"name":"(anonymous_3)","decl":{"start":{"line":13,"column":80},"end":{"line":13,"column":81}},"loc":{"start":{"line":13,"column":95},"end":{"line":15,"column":1}},"line":13},"4":{"name":"(anonymous_4)","decl":{"start":{"line":15,"column":5},"end":{"line":15,"column":6}},"loc":{"start":{"line":15,"column":20},"end":{"line":17,"column":1}},"line":15},"5":{"name":"(anonymous_5)","decl":{"start":{"line":18,"column":50},"end":{"line":18,"column":51}},"loc":{"start":{"line":18,"column":65},"end":{"line":24,"column":1}},"line":18},"6":{"name":"(anonymous_6)","decl":{"start":{"line":32,"column":21},"end":{"line":32,"column":22}},"loc":{"start":{"line":32,"column":27},"end":{"line":143,"column":1}},"line":32},"7":{"name":"(anonymous_7)","decl":{"start":{"line":33,"column":39},"end":{"line":33,"column":40}},"loc":{"start":{"line":33,"column":45},"end":{"line":87,"column":5}},"line":33},"8":{"name":"(anonymous_8)","decl":{"start":{"line":88,"column":42},"end":{"line":88,"column":43}},"loc":{"start":{"line":88,"column":48},"end":{"line":113,"column":5}},"line":88},"9":{"name":"(anonymous_9)","decl":{"start":{"line":114,"column":41},"end":{"line":114,"column":42}},"loc":{"start":{"line":114,"column":47},"end":{"line":142,"column":5}},"line":114}},"branchMap":{"0":{"loc":{"start":{"line":2,"column":22},"end":{"line":12,"column":3}},"type":"binary-expr","locations":[{"start":{"line":2,"column":23},"end":{"line":2,"column":27}},{"start":{"line":2,"column":31},"end":{"line":2,"column":51}},{"start":{"line":2,"column":57},"end":{"line":12,"column":2}}],"line":2},"1":{"loc":{"start":{"line":2,"column":57},"end":{"line":12,"column":2}},"type":"cond-expr","locations":[{"start":{"line":2,"column":74},"end":{"line":9,"column":1}},{"start":{"line":9,"column":6},"end":{"line":12,"column":1}}],"line":2},"2":{"loc":{"start":{"line":3,"column":4},"end":{"line":3,"column":33}},"type":"if","locations":[{"start":{"line":3,"column":4},"end":{"line":3,"column":33}},{"start":{"line":3,"column":4},"end":{"line":3,"column":33}}],"line":3},"3":{"loc":{"start":{"line":5,"column":4},"end":{"line":7,"column":5}},"type":"if","locations":[{"start":{"line":5,"column":4},"end":{"line":7,"column":5}},{"start":{"line":5,"column":4},"end":{"line":7,"column":5}}],"line":5},"4":{"loc":{"start":{"line":5,"column":8},"end":{"line":5,"column":85}},"type":"binary-expr","locations":[{"start":{"line":5,"column":8},"end":{"line":5,"column":13}},{"start":{"line":5,"column":18},"end":{"line":5,"column":84}}],"line":5},"5":{"loc":{"start":{"line":5,"column":18},"end":{"line":5,"column":84}},"type":"cond-expr","locations":[{"start":{"line":5,"column":34},"end":{"line":5,"column":47}},{"start":{"line":5,"column":50},"end":{"line":5,"column":84}}],"line":5},"6":{"loc":{"start":{"line":5,"column":50},"end":{"line":5,"column":84}},"type":"binary-expr","locations":[{"start":{"line":5,"column":50},"end":{"line":5,"column":63}},{"start":{"line":5,"column":67},"end":{"line":5,"column":84}}],"line":5},"7":{"loc":{"start":{"line":10,"column":4},"end":{"line":10,"column":33}},"type":"if","locations":[{"start":{"line":10,"column":4},"end":{"line":10,"column":33}},{"start":{"line":10,"column":4},"end":{"line":10,"column":33}}],"line":10},"8":{"loc":{"start":{"line":13,"column":25},"end":{"line":17,"column":2}},"type":"binary-expr","locations":[{"start":{"line":13,"column":26},"end":{"line":13,"column":30}},{"start":{"line":13,"column":34},"end":{"line":13,"column":57}},{"start":{"line":13,"column":63},"end":{"line":17,"column":1}}],"line":13},"9":{"loc":{"start":{"line":13,"column":63},"end":{"line":17,"column":1}},"type":"cond-expr","locations":[{"start":{"line":13,"column":80},"end":{"line":15,"column":1}},{"start":{"line":15,"column":5},"end":{"line":17,"column":1}}],"line":13},"10":{"loc":{"start":{"line":18,"column":19},"end":{"line":24,"column":1}},"type":"binary-expr","locations":[{"start":{"line":18,"column":20},"end":{"line":18,"column":24}},{"start":{"line":18,"column":28},"end":{"line":18,"column":45}},{"start":{"line":18,"column":50},"end":{"line":24,"column":1}}],"line":18},"11":{"loc":{"start":{"line":19,"column":4},"end":{"line":19,"column":42}},"type":"if","locations":[{"start":{"line":19,"column":4},"end":{"line":19,"column":42}},{"start":{"line":19,"column":4},"end":{"line":19,"column":42}}],"line":19},"12":{"loc":{"start":{"line":19,"column":8},"end":{"line":19,"column":29}},"type":"binary-expr","locations":[{"start":{"line":19,"column":8},"end":{"line":19,"column":11}},{"start":{"line":19,"column":15},"end":{"line":19,"column":29}}],"line":19},"13":{"loc":{"start":{"line":21,"column":4},"end":{"line":21,"column":141}},"type":"if","locations":[{"start":{"line":21,"column":4},"end":{"line":21,"column":141}},{"start":{"line":21,"column":4},"end":{"line":21,"column":141}}],"line":21},"14":{"loc":{"start":{"line":21,"column":40},"end":{"line":21,"column":141}},"type":"if","locations":[{"start":{"line":21,"column":40},"end":{"line":21,"column":141}},{"start":{"line":21,"column":40},"end":{"line":21,"column":141}}],"line":21},"15":{"loc":{"start":{"line":21,"column":44},"end":{"line":21,"column":107}},"type":"binary-expr","locations":[{"start":{"line":21,"column":44},"end":{"line":21,"column":59}},{"start":{"line":21,"column":63},"end":{"line":21,"column":107}}],"line":21}},"s":{"0":1,"1":10,"2":10,"3":10,"4":10,"5":10,"6":95,"7":10,"8":0,"9":0,"10":0,"11":1,"12":1,"13":0,"14":1,"15":1,"16":0,"17":1,"18":1,"19":1,"20":10,"21":10,"22":1,"23":1,"24":1,"25":1,"26":1,"27":1,"28":1,"29":1,"30":1,"31":1,"32":1,"33":1,"34":1,"35":1,"36":1,"37":1,"38":1,"39":1,"40":1,"41":1,"42":1,"43":1,"44":1,"45":1,"46":1,"47":1,"48":1,"49":1,"50":1,"51":1,"52":1,"53":1,"54":1,"55":1,"56":1,"57":1,"58":1,"59":1,"60":1,"61":1,"62":1,"63":1,"64":1,"65":1,"66":1,"67":1,"68":1,"69":1,"70":1,"71":1,"72":1,"73":1,"74":1,"75":1,"76":1,"77":1,"78":1,"79":1,"80":1,"81":1,"82":1,"83":1,"84":1,"85":1,"86":1,"87":1,"88":1,"89":1,"90":1,"91":1,"92":1,"93":1,"94":1,"95":1,"96":1,"97":1,"98":1,"99":1,"100":1,"101":1,"102":1,"103":1,"104":1,"105":1,"106":1,"107":1,"108":0,"109":0,"110":0,"111":1,"112":1,"113":1,"114":1,"115":1,"116":1,"117":1,"118":1,"119":1,"120":1,"121":1,"122":1,"123":1,"124":1,"125":1,"126":1,"127":1,"128":1,"129":1,"130":1,"131":1,"132":1,"133":1,"134":1,"135":1,"136":1,"137":1,"138":1},"f":{"0":10,"1":95,"2":0,"3":1,"4":0,"5":1,"6":1,"7":1,"8":1,"9":1},"b":{"0":[1,1,1],"1":[1,0],"2":[10,0],"3":[10,0],"4":[10,10],"5":[0,10],"6":[10,0],"7":[0,0],"8":[1,1,1],"9":[1,0],"10":[1,1,1],"11":[0,1],"12":[1,1],"13":[1,0],"14":[10,0],"15":[10,10]},"inputSourceMap":{"version":3,"file":"/Users/jacobdavey/ChangePlusPlus/miracleflightsbackend/src/tests/Trimming.tests.ts","sources":["/Users/jacobdavey/ChangePlusPlus/miracleflightsbackend/src/tests/Trimming.tests.ts"],"names":[],"mappings":";;;;;;;;;;;;;;;;;;;;;;;;;AAAA,sEAA+D;AAC/D,8DAA6D;AAC7D,4DAA4D;AAC5D,iDAI2B;AAO3B,6CAAoC;AACpC,cAAI,CAAC,MAAM,EAAE,CAAC;AAEd,QAAQ,CAAC,UAAU,EAAE,GAAG,EAAE;IACxB,EAAE,CAAC,8BAA8B,EAAE,GAAG,EAAE;QACtC,MAAM,WAAW,GAAsB,IAAA,uCAA2B,GAAE,CAAC;QACrE,MAAM,cAAc,GAAyB,IAAA,6BAAW,EAAC,WAAW,CAAC,CAAC;QACtE,IAAA,aAAM,EAAC,WAAW,CAAC,EAAE,CAAC,CAAC,EAAE,CAAC,KAAK,CAAC,cAAc,CAAC,EAAE,CAAC,CAAC;QACnD,IAAA,aAAM,EAAC,WAAW,CAAC,WAAW,CAAC,CAAC,EAAE,CAAC,KAAK,CAAC,cAAc,CAAC,WAAW,CAAC,CAAC;QACrE,IAAA,aAAM,EAAC,WAAW,CAAC,MAAM,CAAC,eAAe,CAAC,CAAC,CAAC,EAAE,CAAC,KAAK,CAClD,cAAc,CAAC,eAAe,CAAC,CAChC,CAAC;QACF,IAAA,aAAM,EAAC,WAAW,CAAC,MAAM,CAAC,WAAW,CAAC,CAAC,CAAC,EAAE,CAAC,KAAK,CAAC,cAAc,CAAC,WAAW,CAAC,CAAC,CAAC;QAC9E,IAAA,aAAM,EAAC,WAAW,CAAC,MAAM,CAAC,gBAAgB,CAAC,CAAC,CAAC,EAAE,CAAC,KAAK,CACnD,cAAc,CAAC,gBAAgB,CAAC,CACjC,CAAC;QACF,IAAA,aAAM,EAAC,WAAW,CAAC,MAAM,CAAC,cAAc,CAAC,CAAC,CAAC,EAAE,CAAC,KAAK,CACjD,cAAc,CAAC,cAAc,CAAC,CAC/B,CAAC;QACF,IAAA,aAAM,EAAC,WAAW,CAAC,MAAM,CAAC,gBAAgB,CAAC,CAAC,CAAC,EAAE,CAAC,KAAK,CACnD,cAAc,CAAC,gBAAgB,CAAC,CACjC,CAAC;QACF,IAAA,aAAM,EAAC,WAAW,CAAC,MAAM,CAAC,6BAA6B,CAAC,CAAC,CAAC,EAAE,CAAC,KAAK,CAChE,cAAc,CAAC,6BAA6B,CAAC,CAC9C,CAAC;QACF,IAAA,aAAM,EAAC,WAAW,CAAC,MAAM,CAAC,WAAW,CAAC,CAAC,CAAC,EAAE,CAAC,KAAK,CAAC,cAAc,CAAC,WAAW,CAAC,CAAC,CAAC;QAC9E,IAAA,aAAM,EAAC,WAAW,CAAC,MAAM,CAAC,aAAa,CAAC,CAAC,CAAC,EAAE,CAAC,KAAK,CAChD,cAAc,CAAC,aAAa,CAAC,CAC9B,CAAC;QACF,IAAA,aAAM,EAAC,WAAW,CAAC,MAAM,CAAC,cAAc,CAAC,CAAC,CAAC,EAAE,CAAC,KAAK,CACjD,cAAc,CAAC,cAAc,CAAC,CAC/B,CAAC;QACF,IAAA,aAAM,EAAC,WAAW,CAAC,MAAM,CAAC,SAAS,CAAC,CAAC,EAAE,CAAC,KAAK,CAAC,cAAc,CAAC,SAAS,CAAC,CAAC;QACxE,IAAA,aAAM,EAAC,WAAW,CAAC,MAAM,CAAC,gBAAgB,CAAC,CAAC,CAAC,EAAE,CAAC,KAAK,CACnD,cAAc,CAAC,gBAAgB,CAAC,CACjC,CAAC;QACF,IAAA,aAAM,EAAC,WAAW,CAAC,MAAM,CAAC,SAAS,CAAC,CAAC,EAAE,CAAC,KAAK,CAAC,cAAc,CAAC,SAAS,CAAC,CAAC;QACxE,IAAA,aAAM,EAAC,WAAW,CAAC,MAAM,CAAC,iBAAiB,CAAC,CAAC,CAAC,EAAE,CAAC,KAAK,CACpD,cAAc,CAAC,iBAAiB,CAAC,CAClC,CAAC;QACF,IAAA,aAAM,EAAC,WAAW,CAAC,MAAM,CAAC,iBAAiB,CAAC,CAAC,CAAC,EAAE,CAAC,KAAK,CACpD,cAAc,CAAC,iBAAiB,CAAC,CAClC,CAAC;QACF,IAAA,aAAM,EAAC,WAAW,CAAC,MAAM,CAAC,yBAAyB,CAAC,CAAC,CAAC,EAAE,CAAC,KAAK,CAC5D,cAAc,CAAC,yBAAyB,CAAC,CAC1C,CAAC;QACF,IAAA,aAAM,EAAC,WAAW,CAAC,MAAM,CAAC,0BAA0B,CAAC,CAAC,CAAC,EAAE,CAAC,KAAK,CAC7D,cAAc,CAAC,0BAA0B,CAAC,CAC3C,CAAC;QACF,IAAA,aAAM,EAAC,WAAW,CAAC,MAAM,CAAC,aAAa,CAAC,CAAC,CAAC,EAAE,CAAC,KAAK,CAChD,cAAc,CAAC,aAAa,CAAC,CAC9B,CAAC;QACF,IAAA,aAAM,EAAC,WAAW,CAAC,MAAM,CAAC,mBAAmB,CAAC,CAAC,CAAC,EAAE,CAAC,KAAK,CACtD,cAAc,CAAC,mBAAmB,CAAC,CACpC,CAAC;QACF,IAAA,aAAM,EAAC,WAAW,CAAC,MAAM,CAAC,WAAW,CAAC,CAAC,CAAC,EAAE,CAAC,KAAK,CAAC,cAAc,CAAC,WAAW,CAAC,CAAC,CAAC;QAC9E,IAAA,aAAM,EAAC,WAAW,CAAC,MAAM,CAAC,6BAA6B,CAAC,CAAC,CAAC,EAAE,CAAC,KAAK,CAChE,cAAc,CAAC,6BAA6B,CAAC,CAC9C,CAAC;QACF,IAAA,aAAM,EAAC,WAAW,CAAC,MAAM,CAAC,eAAe,CAAC,CAAC,CAAC,EAAE,CAAC,KAAK,CAClD,cAAc,CAAC,eAAe,CAAC,CAChC,CAAC;QACF,IAAA,aAAM,EAAC,WAAW,CAAC,MAAM,CAAC,mBAAmB,CAAC,CAAC,CAAC,EAAE,CAAC,KAAK,CACtD,cAAc,CAAC,mBAAmB,CAAC,CACpC,CAAC;QACF,IAAA,aAAM,EAAC,WAAW,CAAC,MAAM,CAAC,oBAAoB,CAAC,CAAC,CAAC,EAAE,CAAC,KAAK,CACvD,cAAc,CAAC,oBAAoB,CAAC,CACrC,CAAC;QACF,IAAA,aAAM,EAAC,WAAW,CAAC,MAAM,CAAC,aAAa,CAAC,CAAC,CAAC,EAAE,CAAC,KAAK,CAChD,cAAc,CAAC,aAAa,CAAC,CAC9B,CAAC;QACF,IAAA,aAAM,EAAC,WAAW,CAAC,MAAM,CAAC,MAAM,CAAC,CAAC,EAAE,CAAC,KAAK,CAAC,cAAc,CAAC,MAAM,CAAC,CAAC;QAClE,IAAA,aAAM,EAAC,WAAW,CAAC,MAAM,CAAC,SAAS,CAAC,CAAC,CAAC,EAAE,CAAC,KAAK,CAAC,cAAc,CAAC,SAAS,CAAC,CAAC,CAAC;QAC1E,IAAA,aAAM,EAAC,WAAW,CAAC,MAAM,CAAC,gBAAgB,CAAC,CAAC,CAAC,EAAE,CAAC,KAAK,CACnD,cAAc,CAAC,gBAAgB,CAAC,CACjC,CAAC;QACF,IAAA,aAAM,EAAC,WAAW,CAAC,MAAM,CAAC,eAAe,CAAC,CAAC,CAAC,EAAE,CAAC,KAAK,CAClD,cAAc,CAAC,eAAe,CAAC,CAChC,CAAC;QACF,IAAA,aAAM,EAAC,WAAW,CAAC,MAAM,CAAC,8BAA8B,CAAC,CAAC,CAAC,EAAE,CAAC,KAAK,CACjE,cAAc,CAAC,8BAA8B,CAAC,CAC/C,CAAC;QACF,IAAA,aAAM,EAAC,WAAW,CAAC,MAAM,CAAC,OAAO,CAAC,CAAC,EAAE,CAAC,KAAK,CAAC,cAAc,CAAC,OAAO,CAAC,CAAC;QACpE,IAAA,aAAM,EAAC,WAAW,CAAC,MAAM,CAAC,aAAa,CAAC,CAAC,CAAC,EAAE,CAAC,KAAK,CAChD,cAAc,CAAC,aAAa,CAAC,CAC9B,CAAC;QACF,IAAA,aAAM,EAAC,WAAW,CAAC,MAAM,CAAC,aAAa,CAAC,CAAC,CAAC,EAAE,CAAC,KAAK,CAChD,cAAc,CAAC,aAAa,CAAC,CAC9B,CAAC;QACF,IAAA,aAAM,EAAC,WAAW,CAAC,MAAM,CAAC,gBAAgB,CAAC,CAAC,CAAC,EAAE,CAAC,KAAK,CACnD,cAAc,CAAC,gBAAgB,CAAC,CACjC,CAAC;QACF,IAAA,aAAM,EAAC,WAAW,CAAC,MAAM,CAAC,iBAAiB,CAAC,CAAC,CAAC,EAAE,CAAC,KAAK,CACpD,cAAc,CAAC,iBAAiB,CAAC,CAClC,CAAC;QACF,IAAA,aAAM,EAAC,WAAW,CAAC,MAAM,CAAC,yBAAyB,CAAC,CAAC,CAAC,EAAE,CAAC,KAAK,CAC5D,cAAc,CAAC,yBAAyB,CAAC,CAC1C,CAAC;QACF,IAAA,aAAM,EAAC,WAAW,CAAC,MAAM,CAAC,aAAa,CAAC,CAAC,CAAC,EAAE,CAAC,KAAK,CAChD,cAAc,CAAC,aAAa,CAAC,CAC9B,CAAC;QACF,IAAA,aAAM,EAAC,WAAW,CAAC,MAAM,CAAC,8BAA8B,CAAC,CAAC,CAAC,EAAE,CAAC,KAAK,CACjE,cAAc,CAAC,8BAA8B,CAAC,CAC/C,CAAC;QACF,IAAA,aAAM,EAAC,WAAW,CAAC,MAAM,CAAC,qBAAqB,CAAC,CAAC,CAAC,EAAE,CAAC,KAAK,CACxD,cAAc,CAAC,qBAAqB,CAAC,CACtC,CAAC;QACF,IAAA,aAAM,EAAC,WAAW,CAAC,MAAM,CAAC,qBAAqB,CAAC,CAAC,CAAC,EAAE,CAAC,KAAK,CACxD,cAAc,CAAC,qBAAqB,CAAC,CACtC,CAAC;QACF,IAAA,aAAM,EAAC,WAAW,CAAC,MAAM,CAAC,oBAAoB,CAAC,CAAC,CAAC,EAAE,CAAC,KAAK,CACvD,cAAc,CAAC,oBAAoB,CAAC,CACrC,CAAC;QACF,IAAA,aAAM,EAAC,WAAW,CAAC,MAAM,CAAC,4BAA4B,CAAC,CAAC,CAAC,EAAE,CAAC,KAAK,CAC/D,cAAc,CAAC,4BAA4B,CAAC,CAC7C,CAAC;QACF,IAAA,aAAM,EAAC,WAAW,CAAC,MAAM,CAAC,gCAAgC,CAAC,CAAC,CAAC,EAAE,CAAC,KAAK,CACnE,cAAc,CAAC,gCAAgC,CAAC,CACjD,CAAC;QACF,IAAA,aAAM,EAAC,WAAW,CAAC,MAAM,CAAC,gCAAgC,CAAC,CAAC,CAAC,EAAE,CAAC,KAAK,CACnE,cAAc,CAAC,gCAAgC,CAAC,CACjD,CAAC;QACF,IAAA,aAAM,EAAC,WAAW,CAAC,MAAM,CAAC,+BAA+B,CAAC,CAAC,CAAC,EAAE,CAAC,KAAK,CAClE,cAAc,CAAC,+BAA+B,CAAC,CAChD,CAAC;QACF,IAAA,aAAM,EAAC,WAAW,CAAC,MAAM,CAAC,oBAAoB,CAAC,CAAC,CAAC,EAAE,CAAC,KAAK,CACvD,cAAc,CAAC,oBAAoB,CAAC,CACrC,CAAC;QACF,IAAA,aAAM,EAAC,WAAW,CAAC,MAAM,CAAC,sBAAsB,CAAC,CAAC,CAAC,EAAE,CAAC,KAAK,CACzD,cAAc,CAAC,sBAAsB,CAAC,CACvC,CAAC;QACF,IAAA,aAAM,EAAC,WAAW,CAAC,MAAM,CAAC,WAAW,CAAC,CAAC,CAAC,EAAE,CAAC,KAAK,CAAC,cAAc,CAAC,WAAW,CAAC,CAAC,CAAC;QAC9E,IAAA,aAAM,EAAC,WAAW,CAAC,MAAM,CAAC,iBAAiB,CAAC,CAAC,CAAC,EAAE,CAAC,KAAK,CACpD,cAAc,CAAC,iBAAiB,CAAC,CAClC,CAAC;QACF,IAAA,aAAM,EAAC,WAAW,CAAC,MAAM,CAAC,YAAY,CAAC,CAAC,CAAC,EAAE,CAAC,KAAK,CAC/C,cAAc,CAAC,YAAY,CAAC,CAC7B,CAAC;IACJ,CAAC,CAAC,CAAC;IAEH,EAAE,CAAC,iCAAiC,EAAE,GAAG,EAAE;QACzC,MAAM,OAAO,GAAkB,IAAA,mCAAuB,GAAE,CAAC;QACzD,MAAM,UAAU,GAAqB,IAAA,2BAAa,EAAC,OAAO,CAAC,CAAC;QAC5D,IAAA,aAAM,EAAC,OAAO,CAAC,EAAE,CAAC,CAAC,EAAE,CAAC,KAAK,CAAC,UAAU,CAAC,EAAE,CAAC,CAAC;QAC3C,IAAA,aAAM,EAAC,OAAO,CAAC,WAAW,CAAC,CAAC,EAAE,CAAC,KAAK,CAAC,UAAU,CAAC,WAAW,CAAC,CAAC;QAC7D,IAAA,aAAM,EAAC,OAAO,CAAC,MAAM,CAAC,MAAM,CAAC,CAAC,EAAE,CAAC,KAAK,CAAC,UAAU,CAAC,MAAM,CAAC,CAAC;QAC1D,IAAA,aAAM,EAAC,OAAO,CAAC,MAAM,CAAC,OAAO,CAAC,CAAC,EAAE,CAAC,KAAK,CAAC,UAAU,CAAC,OAAO,CAAC,CAAC;QAC5D,IAAA,aAAM,EAAC,OAAO,CAAC,MAAM,CAAC,qBAAqB,CAAC,CAAC,CAAC,EAAE,CAAC,KAAK,CACpD,UAAU,CAAC,qBAAqB,CAAC,CAClC,CAAC;QACF,IAAA,aAAM,EAAC,OAAO,CAAC,MAAM,CAAC,mBAAmB,CAAC,CAAC,CAAC,EAAE,CAAC,KAAK,CAClD,UAAU,CAAC,mBAAmB,CAAC,CAChC,CAAC;QACF,IAAA,aAAM,EAAC,OAAO,CAAC,MAAM,CAAC,gBAAgB,CAAC,CAAC,CAAC,EAAE,CAAC,KAAK,CAC/C,UAAU,CAAC,gBAAgB,CAAC,CAC7B,CAAC;QACF,IAAA,aAAM,EAAC,OAAO,CAAC,MAAM,CAAC,UAAU,CAAC,CAAC,EAAE,CAAC,KAAK,CAAC,UAAU,CAAC,UAAU,CAAC,CAAC;QAClE,IAAA,aAAM,EAAC,OAAO,CAAC,MAAM,CAAC,mBAAmB,CAAC,CAAC,CAAC,EAAE,CAAC,KAAK,CAClD,UAAU,CAAC,mBAAmB,CAAC,CAChC,CAAC;QACF,IAAA,aAAM,EAAC,OAAO,CAAC,MAAM,CAAC,iBAAiB,CAAC,CAAC,CAAC,EAAE,CAAC,KAAK,CAChD,UAAU,CAAC,iBAAiB,CAAC,CAC9B,CAAC;QACF,IAAA,aAAM,EAAC,OAAO,CAAC,MAAM,CAAC,QAAQ,CAAC,CAAC,CAAC,EAAE,CAAC,KAAK,CAAC,UAAU,CAAC,QAAQ,CAAC,CAAC,CAAC;QAChE,IAAA,aAAM,EAAC,OAAO,CAAC,MAAM,CAAC,UAAU,CAAC,CAAC,CAAC,EAAE,CAAC,KAAK,CAAC,UAAU,CAAC,UAAU,CAAC,CAAC,CAAC;QACpE,IAAA,aAAM,EAAC,OAAO,CAAC,MAAM,CAAC,aAAa,CAAC,CAAC,CAAC,EAAE,CAAC,KAAK,CAAC,UAAU,CAAC,aAAa,CAAC,CAAC,CAAC;QAC1E,IAAA,aAAM,EAAC,OAAO,CAAC,MAAM,CAAC,iBAAiB,CAAC,CAAC,CAAC,EAAE,CAAC,KAAK,CAChD,UAAU,CAAC,iBAAiB,CAAC,CAC9B,CAAC;QACF,IAAA,aAAM,EAAC,OAAO,CAAC,MAAM,CAAC,YAAY,CAAC,CAAC,CAAC,EAAE,CAAC,KAAK,CAAC,UAAU,CAAC,YAAY,CAAC,CAAC,CAAC;QACxE,IAAA,aAAM,EAAC,OAAO,CAAC,MAAM,CAAC,oBAAoB,CAAC,CAAC,CAAC,EAAE,CAAC,KAAK,CACnD,UAAU,CAAC,oBAAoB,CAAC,CACjC,CAAC;QACF,IAAA,aAAM,EAAC,OAAO,CAAC,MAAM,CAAC,4BAA4B,CAAC,CAAC,CAAC,EAAE,CAAC,KAAK,CAC3D,UAAU,CAAC,4BAA4B,CAAC,CACzC,CAAC;QACF,IAAA,aAAM,EAAC,OAAO,CAAC,MAAM,CAAC,+BAA+B,CAAC,CAAC,CAAC,EAAE,CAAC,KAAK,CAC9D,UAAU,CAAC,+BAA+B,CAAC,CAC5C,CAAC;QACF,IAAA,aAAM,EAAC,OAAO,CAAC,MAAM,CAAC,oBAAoB,CAAC,CAAC,CAAC,EAAE,CAAC,KAAK,CACnD,UAAU,CAAC,oBAAoB,CAAC,CACjC,CAAC;QACF,IAAA,aAAM,EAAC,OAAO,CAAC,MAAM,CAAC,cAAc,CAAC,CAAC,CAAC,EAAE,CAAC,KAAK,CAAC,UAAU,CAAC,cAAc,CAAC,CAAC,CAAC;QAC5E,IAAA,aAAM,EAAC,OAAO,CAAC,MAAM,CAAC,qBAAqB,CAAC,CAAC,CAAC,EAAE,CAAC,KAAK,CACpD,UAAU,CAAC,qBAAqB,CAAC,CAClC,CAAC;QACF,IAAA,aAAM,EAAC,OAAO,CAAC,MAAM,CAAC,gBAAgB,CAAC,CAAC,CAAC,EAAE,CAAC,KAAK,CAC/C,UAAU,CAAC,gBAAgB,CAAC,CAC7B,CAAC;IACJ,CAAC,CAAC,CAAC;IAEH,EAAE,CAAC,gCAAgC,EAAE,GAAG,EAAE;QACxC,MAAM,aAAa,GAAkB,IAAA,mCAAuB,GAAE,CAAC;QAC/D,MAAM,gBAAgB,GAAqB,IAAA,0BAAa,EAAC,aAAa,CAAC,CAAC;QACxE,IAAA,aAAM,EAAC,aAAa,CAAC,EAAE,CAAC,CAAC,EAAE,CAAC,KAAK,CAAC,gBAAgB,CAAC,EAAE,CAAC,CAAC;QACvD,IAAA,aAAM,EAAC,aAAa,CAAC,WAAW,CAAC,CAAC,EAAE,CAAC,KAAK,CAAC,gBAAgB,CAAC,WAAW,CAAC,CAAC;QACzE,IAAA,aAAM,EAAC,aAAa,CAAC,MAAM,CAAC,IAAI,CAAC,CAAC,EAAE,CAAC,KAAK,CAAC,gBAAgB,CAAC,IAAI,CAAC,CAAC;QAClE,IAAA,aAAM,EAAC,aAAa,CAAC,MAAM,CAAC,YAAY,CAAC,CAAC,CAAC,EAAE,CAAC,KAAK,CACjD,gBAAgB,CAAC,YAAY,CAAC,CAC/B,CAAC;QACF,IAAA,aAAM,EAAC,aAAa,CAAC,MAAM,CAAC,WAAW,CAAC,CAAC,CAAC,EAAE,CAAC,KAAK,CAChD,gBAAgB,CAAC,WAAW,CAAC,CAC9B,CAAC;QACF,IAAA,aAAM,EAAC,aAAa,CAAC,MAAM,CAAC,eAAe,CAAC,CAAC,CAAC,EAAE,CAAC,KAAK,CACpD,gBAAgB,CAAC,eAAe,CAAC,CAClC,CAAC;QACF,IAAA,aAAM,EAAC,aAAa,CAAC,MAAM,CAAC,MAAM,CAAC,CAAC,EAAE,CAAC,KAAK,CAAC,gBAAgB,CAAC,MAAM,CAAC,CAAC;QACtE,IAAA,aAAM,EAAC,aAAa,CAAC,MAAM,CAAC,MAAM,CAAC,CAAC,EAAE,CAAC,KAAK,CAAC,gBAAgB,CAAC,MAAM,CAAC,CAAC;QACtE,IAAA,aAAM,EAAC,aAAa,CAAC,MAAM,CAAC,OAAO,CAAC,CAAC,EAAE,CAAC,KAAK,CAAC,gBAAgB,CAAC,OAAO,CAAC,CAAC;QACxE,IAAA,aAAM,EAAC,aAAa,CAAC,MAAM,CAAC,KAAK,CAAC,CAAC,EAAE,CAAC,KAAK,CAAC,gBAAgB,CAAC,KAAK,CAAC,CAAC;QACpE,IAAA,aAAM,EAAC,aAAa,CAAC,MAAM,CAAC,kBAAkB,CAAC,CAAC,CAAC,EAAE,CAAC,KAAK,CACvD,gBAAgB,CAAC,kBAAkB,CAAC,CACrC,CAAC;QACF,IAAA,aAAM,EAAC,aAAa,CAAC,MAAM,CAAC,gBAAgB,CAAC,CAAC,CAAC,EAAE,CAAC,KAAK,CACrD,gBAAgB,CAAC,gBAAgB,CAAC,CACnC,CAAC;QACF,IAAA,aAAM,EAAC,aAAa,CAAC,MAAM,CAAC,SAAS,CAAC,CAAC,EAAE,CAAC,KAAK,CAAC,gBAAgB,CAAC,SAAS,CAAC,CAAC;QAC5E,IAAA,aAAM,EAAC,aAAa,CAAC,MAAM,CAAC,kBAAkB,CAAC,CAAC,CAAC,EAAE,CAAC,KAAK,CACvD,gBAAgB,CAAC,kBAAkB,CAAC,CACrC,CAAC;QACF,IAAA,aAAM,EAAC,aAAa,CAAC,MAAM,CAAC,iBAAiB,CAAC,CAAC,CAAC,EAAE,CAAC,KAAK,CACtD,gBAAgB,CAAC,iBAAiB,CAAC,CACpC,CAAC;QACF,IAAA,aAAM,EAAC,aAAa,CAAC,MAAM,CAAC,2BAA2B,CAAC,CAAC,CAAC,EAAE,CAAC,KAAK,CAChE,gBAAgB,CAAC,2BAA2B,CAAC,CAC9C,CAAC;QACF,IAAA,aAAM,EAAC,aAAa,CAAC,MAAM,CAAC,iBAAiB,CAAC,CAAC,CAAC,EAAE,CAAC,KAAK,CACtD,gBAAgB,CAAC,iBAAiB,CAAC,CACpC,CAAC;QACF,IAAA,aAAM,EAAC,aAAa,CAAC,MAAM,CAAC,SAAS,CAAC,CAAC,EAAE,CAAC,KAAK,CAAC,gBAAgB,CAAC,SAAS,CAAC,CAAC;QAC5E,IAAA,aAAM,EAAC,aAAa,CAAC,MAAM,CAAC,oBAAoB,CAAC,CAAC,CAAC,EAAE,CAAC,KAAK,CACzD,gBAAgB,CAAC,oBAAoB,CAAC,CACvC,CAAC;QACF,IAAA,aAAM,EAAC,aAAa,CAAC,MAAM,CAAC,kBAAkB,CAAC,CAAC,CAAC,EAAE,CAAC,KAAK,CACvD,gBAAgB,CAAC,kBAAkB,CAAC,CACrC,CAAC;QACF,IAAA,aAAM,EAAC,aAAa,CAAC,MAAM,CAAC,6BAA6B,CAAC,CAAC,CAAC,EAAE,CAAC,KAAK,CAClE,gBAAgB,CAAC,6BAA6B,CAAC,CAChD,CAAC;QACF,IAAA,aAAM,EAAC,aAAa,CAAC,MAAM,CAAC,aAAa,CAAC,CAAC,CAAC,EAAE,CAAC,KAAK,CAClD,gBAAgB,CAAC,aAAa,CAAC,CAChC,CAAC;QACF,IAAA,aAAM,EAAC,aAAa,CAAC,MAAM,CAAC,WAAW,CAAC,CAAC,CAAC,EAAE,CAAC,KAAK,CAChD,gBAAgB,CAAC,WAAW,CAAC,CAC9B,CAAC;QACF,IAAA,aAAM,EAAC,aAAa,CAAC,MAAM,CAAC,GAAG,CAAC,CAAC,EAAE,CAAC,KAAK,CAAC,gBAAgB,CAAC,GAAG,CAAC,CAAC;QAChE,IAAA,aAAM,EAAC,aAAa,CAAC,MAAM,CAAC,aAAa,CAAC,CAAC,CAAC,EAAE,CAAC,KAAK,CAClD,gBAAgB,CAAC,aAAa,CAAC,CAChC,CAAC;IACJ,CAAC,CAAC,CAAC;AACL,CAAC,CAAC,CAAC;AAEH,+CAA+C;AAC/C,cAAc;AACd,gCAAgC;AAChC,kBAAkB;AAClB,0CAA0C;AAC1C,wCAAwC;AACxC,gDAAgD;AAChD,sBAAsB;AACtB,sBAAsB;AACtB,wBAAwB;AACxB,oBAAoB;AACpB,sDAAsD;AACtD,kDAAkD;AAClD,4BAA4B;AAC5B,sDAAsD;AACtD,oDAAoD;AACpD,wEAAwE;AACxE,oDAAoD;AACpD,4BAA4B;AAC5B,0DAA0D;AAC1D,sDAAsD;AACtD,4EAA4E;AAC5E,4CAA4C;AAC5C,wCAAwC;AACxC,gBAAgB;AAChB,4CAA4C;AAC5C,OAAO","sourcesContent":["import { trimRequest } from '../util/trimming/flight-requests';\nimport { trimFlightLeg } from '../util/trimming/flight-legs';\nimport { trimPassenger } from '../util/trimming/passengers';\nimport {\n  createTestFlightLegData,\n  createTestFlightRequestData,\n  createTestPassengerData,\n} from '../data/test-data';\nimport { FlightLegData } from '../interfaces/legs/flight-leg.interface';\nimport { FlightRequestData } from '../interfaces/requests/flight-request.interface';\nimport { PassengerData } from '../interfaces/passenger/passenger.interface';\nimport { TrimmedFlightLeg } from '../interfaces/legs/trimmed-flight-leg.interface';\nimport { TrimmedFlightRequest } from '../interfaces/requests/trimmed-flight-request.interface';\nimport { TrimmedPassenger } from '../interfaces/passenger/trimmed-passenger.interface';\nimport chai, { expect } from 'chai';\nchai.should();\n\ndescribe('Trimming', () => {\n  it('should properly trim request', () => {\n    const requestData: FlightRequestData = createTestFlightRequestData();\n    const trimmedRequest: TrimmedFlightRequest = trimRequest(requestData);\n    expect(requestData.id).to.equal(trimmedRequest.id);\n    expect(requestData.createdTime).to.equal(trimmedRequest.createdTime);\n    expect(requestData.fields['Submission ID']).to.equal(\n      trimmedRequest['Submission ID']\n    );\n    expect(requestData.fields['Trip Type']).to.equal(trimmedRequest['Trip Type']);\n    expect(requestData.fields['Departure Date']).to.equal(\n      trimmedRequest['Departure Date']\n    );\n    expect(requestData.fields['Request Type']).to.equal(\n      trimmedRequest['Request Type']\n    );\n    expect(requestData.fields['Household Size']).to.equal(\n      trimmedRequest['Household Size']\n    );\n    expect(requestData.fields['Passenger 2 Approval Status']).to.equal(\n      trimmedRequest['Passenger 2 Approval Status']\n    );\n    expect(requestData.fields['Diagnosis']).to.equal(trimmedRequest['Diagnosis']);\n    expect(requestData.fields['Passenger 3']).to.equal(\n      trimmedRequest['Passenger 3']\n    );\n    expect(requestData.fields['Patient Type']).to.equal(\n      trimmedRequest['Patient Type']\n    );\n    expect(requestData.fields.Ethnicity).to.equal(trimmedRequest.Ethnicity);\n    expect(requestData.fields['Treatment City']).to.equal(\n      trimmedRequest['Treatment City']\n    );\n    expect(requestData.fields.Education).to.equal(trimmedRequest.Education);\n    expect(requestData.fields['Treatment Phone']).to.equal(\n      trimmedRequest['Treatment Phone']\n    );\n    expect(requestData.fields['Submission Date']).to.equal(\n      trimmedRequest['Submission Date']\n    );\n    expect(requestData.fields['Alt Destination Airport']).to.equal(\n      trimmedRequest['Alt Destination Airport']\n    );\n    expect(requestData.fields['Primary Treatment Doctor']).to.equal(\n      trimmedRequest['Primary Treatment Doctor']\n    );\n    expect(requestData.fields['Wheelchair?']).to.equal(\n      trimmedRequest['Wheelchair?']\n    );\n    expect(requestData.fields['Flight Specialist']).to.equal(\n      trimmedRequest['Flight Specialist']\n    );\n    expect(requestData.fields['Appt Date']).to.equal(trimmedRequest['Appt Date']);\n    expect(requestData.fields['Passenger 3 Approval Status']).to.equal(\n      trimmedRequest['Passenger 3 Approval Status']\n    );\n    expect(requestData.fields['First Request']).to.equal(\n      trimmedRequest['First Request']\n    );\n    expect(requestData.fields['Type of Treatment']).to.equal(\n      trimmedRequest['Type of Treatment']\n    );\n    expect(requestData.fields['Passenger 3 Reason']).to.equal(\n      trimmedRequest['Passenger 3 Reason']\n    );\n    expect(requestData.fields['Flight Legs']).to.equal(\n      trimmedRequest['Flight Legs']\n    );\n    expect(requestData.fields.Status).to.equal(trimmedRequest.Status);\n    expect(requestData.fields['Oxygen?']).to.equal(trimmedRequest['Oxygen?']);\n    expect(requestData.fields['Origin Airport']).to.equal(\n      trimmedRequest['Origin Airport']\n    );\n    expect(requestData.fields['Treatment Fax']).to.equal(\n      trimmedRequest['Treatment Fax']\n    );\n    expect(requestData.fields['Passenger 3 Different Return']).to.equal(\n      trimmedRequest['Passenger 3 Different Return']\n    );\n    expect(requestData.fields.Patient).to.equal(trimmedRequest.Patient);\n    expect(requestData.fields['Passenger 2']).to.equal(\n      trimmedRequest['Passenger 2']\n    );\n    expect(requestData.fields['Return Date']).to.equal(\n      trimmedRequest['Return Date']\n    );\n    expect(requestData.fields['Treatment Site']).to.equal(\n      trimmedRequest['Treatment Site']\n    );\n    expect(requestData.fields['Treatment State']).to.equal(\n      trimmedRequest['Treatment State']\n    );\n    expect(requestData.fields['Passenger 3 Return Date']).to.equal(\n      trimmedRequest['Passenger 3 Return Date']\n    );\n    expect(requestData.fields['Patient Age']).to.equal(\n      trimmedRequest['Patient Age']\n    );\n    expect(requestData.fields['Passenger 2 Different Return']).to.equal(\n      trimmedRequest['Passenger 2 Different Return']\n    );\n    expect(requestData.fields['Destination Airport']).to.equal(\n      trimmedRequest['Destination Airport']\n    );\n    expect(requestData.fields['Alt. Origin Airport']).to.equal(\n      trimmedRequest['Alt. Origin Airport']\n    );\n    expect(requestData.fields['AirTable Record ID']).to.equal(\n      trimmedRequest['AirTable Record ID']\n    );\n    expect(requestData.fields['Patient AirTable Record ID']).to.equal(\n      trimmedRequest['Patient AirTable Record ID']\n    );\n    expect(requestData.fields['Passenger 2 AirTable Record ID']).to.equal(\n      trimmedRequest['Passenger 2 AirTable Record ID']\n    );\n    expect(requestData.fields['Passenger 3 AirTable Record ID']).to.equal(\n      trimmedRequest['Passenger 3 AirTable Record ID']\n    );\n    expect(requestData.fields['Passenger AirTable Record IDs']).to.equal(\n      trimmedRequest['Passenger AirTable Record IDs']\n    );\n    expect(requestData.fields['Existing Diagnoses']).to.equal(\n      trimmedRequest['Existing Diagnoses']\n    );\n    expect(requestData.fields['Total Nautical Miles']).to.equal(\n      trimmedRequest['Total Nautical Miles']\n    );\n    expect(requestData.fields['# of Legs']).to.equal(trimmedRequest['# of Legs']);\n    expect(requestData.fields['Total # of Legs']).to.equal(\n      trimmedRequest['Total # of Legs']\n    );\n    expect(requestData.fields['Request ID']).to.equal(\n      trimmedRequest['Request ID']\n    );\n  });\n\n  it('should properly trim flight leg', () => {\n    const legData: FlightLegData = createTestFlightLegData();\n    const trimmedLeg: TrimmedFlightLeg = trimFlightLeg(legData);\n    expect(legData.id).to.equal(trimmedLeg.id);\n    expect(legData.createdTime).to.equal(trimmedLeg.createdTime);\n    expect(legData.fields.Status).to.equal(trimmedLeg.Status);\n    expect(legData.fields.Airline).to.equal(trimmedLeg.Airline);\n    expect(legData.fields['Departure Date/Time']).to.equal(\n      trimmedLeg['Departure Date/Time']\n    );\n    expect(legData.fields['Arrival Date/Time']).to.equal(\n      trimmedLeg['Arrival Date/Time']\n    );\n    expect(legData.fields['Nautical Miles']).to.equal(\n      trimmedLeg['Nautical Miles']\n    );\n    expect(legData.fields.Passengers).to.equal(trimmedLeg.Passengers);\n    expect(legData.fields['Departure Airport']).to.equal(\n      trimmedLeg['Departure Airport']\n    );\n    expect(legData.fields['Arrival Airport']).to.equal(\n      trimmedLeg['Arrival Airport']\n    );\n    expect(legData.fields['Leg ID']).to.equal(trimmedLeg['Leg ID']);\n    expect(legData.fields['Leg Type']).to.equal(trimmedLeg['Leg Type']);\n    expect(legData.fields['Total Miles']).to.equal(trimmedLeg['Total Miles']);\n    expect(legData.fields['Passenger Names']).to.equal(\n      trimmedLeg['Passenger Names']\n    );\n    expect(legData.fields['Total Cost']).to.equal(trimmedLeg['Total Cost']);\n    expect(legData.fields['AirTable Record ID']).to.equal(\n      trimmedLeg['AirTable Record ID']\n    );\n    expect(legData.fields['Request AirTable Record ID']).to.equal(\n      trimmedLeg['Request AirTable Record ID']\n    );\n    expect(legData.fields['Passenger AirTable Record IDs']).to.equal(\n      trimmedLeg['Passenger AirTable Record IDs']\n    );\n    expect(legData.fields['Log Airline Credit']).to.equal(\n      trimmedLeg['Log Airline Credit']\n    );\n    expect(legData.fields['Patient Name']).to.equal(trimmedLeg['Patient Name']);\n    expect(legData.fields['Patient Latest Trip']).to.equal(\n      trimmedLeg['Patient Latest Trip']\n    );\n    expect(legData.fields['Is Latest Trip']).to.equal(\n      trimmedLeg['Is Latest Trip']\n    );\n  });\n\n  it('should properly trim passenger', () => {\n    const passengerData: PassengerData = createTestPassengerData();\n    const trimmedPassenger: TrimmedPassenger = trimPassenger(passengerData);\n    expect(passengerData.id).to.equal(trimmedPassenger.id);\n    expect(passengerData.createdTime).to.equal(trimmedPassenger.createdTime);\n    expect(passengerData.fields.Type).to.equal(trimmedPassenger.Type);\n    expect(passengerData.fields['First Name']).to.equal(\n      trimmedPassenger['First Name']\n    );\n    expect(passengerData.fields['Last Name']).to.equal(\n      trimmedPassenger['Last Name']\n    );\n    expect(passengerData.fields['Date of Birth']).to.equal(\n      trimmedPassenger['Date of Birth']\n    );\n    expect(passengerData.fields.Gender).to.equal(trimmedPassenger.Gender);\n    expect(passengerData.fields.Street).to.equal(trimmedPassenger.Street);\n    expect(passengerData.fields.Country).to.equal(trimmedPassenger.Country);\n    expect(passengerData.fields.Email).to.equal(trimmedPassenger.Email);\n    expect(passengerData.fields['Household Income']).to.equal(\n      trimmedPassenger['Household Income']\n    );\n    expect(passengerData.fields['Household Size']).to.equal(\n      trimmedPassenger['Household Size']\n    );\n    expect(passengerData.fields.Ethnicity).to.equal(trimmedPassenger.Ethnicity);\n    expect(passengerData.fields['Military Service']).to.equal(\n      trimmedPassenger['Military Service']\n    );\n    expect(passengerData.fields['Military Member']).to.equal(\n      trimmedPassenger['Military Member']\n    );\n    expect(passengerData.fields['How did you hear about us']).to.equal(\n      trimmedPassenger['How did you hear about us']\n    );\n    expect(passengerData.fields['All Flight Legs']).to.equal(\n      trimmedPassenger['All Flight Legs']\n    );\n    expect(passengerData.fields.Diagnosis).to.equal(trimmedPassenger.Diagnosis);\n    expect(passengerData.fields['AirTable Record ID']).to.equal(\n      trimmedPassenger['AirTable Record ID']\n    );\n    expect(passengerData.fields['# of Flight Legs']).to.equal(\n      trimmedPassenger['# of Flight Legs']\n    );\n    expect(passengerData.fields['# of Booked Flight Requests']).to.equal(\n      trimmedPassenger['# of Booked Flight Requests']\n    );\n    expect(passengerData.fields['Birth Month']).to.equal(\n      trimmedPassenger['Birth Month']\n    );\n    expect(passengerData.fields['Full Name']).to.equal(\n      trimmedPassenger['Full Name']\n    );\n    expect(passengerData.fields.Age).to.equal(trimmedPassenger.Age);\n    expect(passengerData.fields['Latest Trip']).to.equal(\n      trimmedPassenger['Latest Trip']\n    );\n  });\n});\n\n// const trimmedPassenger: TrimmedPassenger = {\n//     id: id,\n//     createdTime: createdTime,\n//     Type: Type,\n//     'First Name': fields['First Name'],\n//     'Last Name': fields['Last Name'],\n//     'Date of Birth': fields['Date of Birth'],\n//     Gender: Gender,\n//     Street: Street,\n//     Country: Country,\n//     Email: Email,\n//     'Household Income': fields['Household Income'],\n//     'Household Size': fields['Household Size'],\n//     Ethnicity: Ethnicity,\n//     'Military Service': fields['Military Service'],\n//     'Military Member': fields['Military Member'],\n//     'How did you hear about us': fields['How did you hear about us'],\n//     'All Flight Legs': fields['All Flight Legs'],\n//     Diagnosis: Diagnosis,\n//     'AirTable Record ID': fields['AirTable Record ID'],\n//     '# of Flight Legs': fields['# of Flight Legs'],\n//     '# of Booked Flight Requests': fields['# of Booked Flight Requests'],\n//     'Birth Month': fields['Birth Month'],\n//     'Full Name': fields['Full Name'],\n//     Age: Age,\n//     'Latest Trip': fields['Latest Trip'],\n//   };\n"]},"_coverageSchema":"1a1c01bbd47fc00a2c39e90264f33305004495a9","hash":"5eb62042ae03d08082fb98765e8e100e30ee919a","contentHash":"ed31dec441bd849aaf91facb2444f35d9dd948e4331a9ebc1b6e93d20f31599a"},"/Users/jacobdavey/ChangePlusPlus/miracleflightsbackend/src/util/trimming/flight-requests.ts":{"path":"/Users/jacobdavey/ChangePlusPlus/miracleflightsbackend/src/util/trimming/flight-requests.ts","statementMap":{"0":{"start":{"line":2,"column":0},"end":{"line":2,"column":62}},"1":{"start":{"line":3,"column":0},"end":{"line":3,"column":29}},"2":{"start":{"line":4,"column":20},"end":{"line":61,"column":1}},"3":{"start":{"line":5,"column":40},"end":{"line":5,"column":47}},"4":{"start":{"line":6,"column":65},"end":{"line":6,"column":71}},"5":{"start":{"line":7,"column":27},"end":{"line":59,"column":5}},"6":{"start":{"line":60,"column":4},"end":{"line":60,"column":26}},"7":{"start":{"line":62,"column":0},"end":{"line":62,"column":34}}},"fnMap":{"0":{"name":"(anonymous_0)","decl":{"start":{"line":4,"column":20},"end":{"line":4,"column":21}},"loc":{"start":{"line":4,"column":33},"end":{"line":61,"column":1}},"line":4}},"branchMap":{},"s":{"0":1,"1":1,"2":1,"3":1,"4":1,"5":1,"6":1,"7":1},"f":{"0":1},"b":{},"inputSourceMap":{"version":3,"file":"/Users/jacobdavey/ChangePlusPlus/miracleflightsbackend/src/util/trimming/flight-requests.ts","sources":["/Users/jacobdavey/ChangePlusPlus/miracleflightsbackend/src/util/trimming/flight-requests.ts"],"names":[],"mappings":";;;AAGO,MAAM,WAAW,GAAG,CAAC,OAA0B,EAAwB,EAAE;IAC9E,MAAM,EAAE,EAAE,EAAE,WAAW,EAAE,MAAM,EAAE,GAAG,OAAO,CAAC;IAE5C,MAAM,EAAE,SAAS,EAAE,SAAS,EAAE,SAAS,EAAE,MAAM,EAAE,OAAO,EAAE,GAAG,MAAM,CAAC;IAEpE,MAAM,cAAc,GAAyB;QAC3C,EAAE,EAAE,EAAE;QACN,WAAW,EAAE,WAAW;QACxB,eAAe,EAAE,MAAM,CAAC,eAAe,CAAC;QACxC,WAAW,EAAE,MAAM,CAAC,WAAW,CAAC;QAChC,gBAAgB,EAAE,MAAM,CAAC,gBAAgB,CAAC;QAC1C,cAAc,EAAE,MAAM,CAAC,cAAc,CAAC;QACtC,gBAAgB,EAAE,MAAM,CAAC,gBAAgB,CAAC;QAC1C,6BAA6B,EAAE,MAAM,CAAC,6BAA6B,CAAC;QACpE,SAAS,EAAE,SAAS;QACpB,aAAa,EAAE,MAAM,CAAC,aAAa,CAAC;QACpC,cAAc,EAAE,MAAM,CAAC,cAAc,CAAC;QACtC,SAAS,EAAE,SAAS;QACpB,gBAAgB,EAAE,MAAM,CAAC,gBAAgB,CAAC;QAC1C,SAAS,EAAE,SAAS;QACpB,iBAAiB,EAAE,MAAM,CAAC,iBAAiB,CAAC;QAC5C,iBAAiB,EAAE,MAAM,CAAC,iBAAiB,CAAC;QAC5C,yBAAyB,EAAE,MAAM,CAAC,yBAAyB,CAAC;QAC5D,0BAA0B,EAAE,MAAM,CAAC,0BAA0B,CAAC;QAC9D,aAAa,EAAE,MAAM,CAAC,aAAa,CAAC;QACpC,mBAAmB,EAAE,MAAM,CAAC,mBAAmB,CAAC;QAChD,WAAW,EAAE,MAAM,CAAC,WAAW,CAAC;QAChC,6BAA6B,EAAE,MAAM,CAAC,6BAA6B,CAAC;QACpE,eAAe,EAAE,MAAM,CAAC,eAAe,CAAC;QACxC,mBAAmB,EAAE,MAAM,CAAC,mBAAmB,CAAC;QAChD,oBAAoB,EAAE,MAAM,CAAC,oBAAoB,CAAC;QAClD,aAAa,EAAE,MAAM,CAAC,aAAa,CAAC;QACpC,MAAM,EAAE,MAAM;QACd,SAAS,EAAE,MAAM,CAAC,SAAS,CAAC;QAC5B,gBAAgB,EAAE,MAAM,CAAC,gBAAgB,CAAC;QAC1C,eAAe,EAAE,MAAM,CAAC,eAAe,CAAC;QACxC,8BAA8B,EAAE,MAAM,CAAC,8BAA8B,CAAC;QACtE,OAAO,EAAE,OAAO;QAChB,aAAa,EAAE,MAAM,CAAC,aAAa,CAAC;QACpC,aAAa,EAAE,MAAM,CAAC,aAAa,CAAC;QACpC,gBAAgB,EAAE,MAAM,CAAC,gBAAgB,CAAC;QAC1C,iBAAiB,EAAE,MAAM,CAAC,iBAAiB,CAAC;QAC5C,yBAAyB,EAAE,MAAM,CAAC,yBAAyB,CAAC;QAC5D,aAAa,EAAE,MAAM,CAAC,aAAa,CAAC;QACpC,8BAA8B,EAAE,MAAM,CAAC,8BAA8B,CAAC;QACtE,qBAAqB,EAAE,MAAM,CAAC,qBAAqB,CAAC;QACpD,qBAAqB,EAAE,MAAM,CAAC,qBAAqB,CAAC;QACpD,oBAAoB,EAAE,MAAM,CAAC,oBAAoB,CAAC;QAClD,4BAA4B,EAAE,MAAM,CAAC,4BAA4B,CAAC;QAClE,gCAAgC,EAAE,MAAM,CAAC,gCAAgC,CAAC;QAC1E,gCAAgC,EAAE,MAAM,CAAC,gCAAgC,CAAC;QAC1E,+BAA+B,EAAE,MAAM,CAAC,+BAA+B,CAAC;QACxE,oBAAoB,EAAE,MAAM,CAAC,oBAAoB,CAAC;QAClD,sBAAsB,EAAE,MAAM,CAAC,sBAAsB,CAAC;QACtD,WAAW,EAAE,MAAM,CAAC,WAAW,CAAC;QAChC,iBAAiB,EAAE,MAAM,CAAC,iBAAiB,CAAC;QAC5C,YAAY,EAAE,MAAM,CAAC,YAAY,CAAC;KACnC,CAAC;IAEF,OAAO,cAAc,CAAC;AACxB,CAAC,CAAC;AA5DW,QAAA,WAAW,eA4DtB","sourcesContent":["import type { FlightRequestData } from '../../interfaces/requests/flight-request.interface';\nimport type { TrimmedFlightRequest } from '../../interfaces/requests/trimmed-flight-request.interface';\n\nexport const trimRequest = (request: FlightRequestData): TrimmedFlightRequest => {\n  const { id, createdTime, fields } = request;\n\n  const { Diagnosis, Ethnicity, Education, Status, Patient } = fields;\n\n  const trimmedRequest: TrimmedFlightRequest = {\n    id: id,\n    createdTime: createdTime,\n    'Submission ID': fields['Submission ID'],\n    'Trip Type': fields['Trip Type'],\n    'Departure Date': fields['Departure Date'],\n    'Request Type': fields['Request Type'],\n    'Household Size': fields['Household Size'],\n    'Passenger 2 Approval Status': fields['Passenger 2 Approval Status'],\n    Diagnosis: Diagnosis,\n    'Passenger 3': fields['Passenger 3'],\n    'Patient Type': fields['Patient Type'],\n    Ethnicity: Ethnicity,\n    'Treatment City': fields['Treatment City'],\n    Education: Education,\n    'Treatment Phone': fields['Treatment Phone'],\n    'Submission Date': fields['Submission Date'],\n    'Alt Destination Airport': fields['Alt Destination Airport'],\n    'Primary Treatment Doctor': fields['Primary Treatment Doctor'],\n    'Wheelchair?': fields['Wheelchair?'],\n    'Flight Specialist': fields['Flight Specialist'],\n    'Appt Date': fields['Appt Date'],\n    'Passenger 3 Approval Status': fields['Passenger 3 Approval Status'],\n    'First Request': fields['First Request'],\n    'Type of Treatment': fields['Type of Treatment'],\n    'Passenger 3 Reason': fields['Passenger 3 Reason'],\n    'Flight Legs': fields['Flight Legs'],\n    Status: Status,\n    'Oxygen?': fields['Oxygen?'],\n    'Origin Airport': fields['Origin Airport'],\n    'Treatment Fax': fields['Treatment Fax'],\n    'Passenger 3 Different Return': fields['Passenger 3 Different Return'],\n    Patient: Patient,\n    'Passenger 2': fields['Passenger 2'],\n    'Return Date': fields['Return Date'],\n    'Treatment Site': fields['Treatment Site'],\n    'Treatment State': fields['Treatment State'],\n    'Passenger 3 Return Date': fields['Passenger 3 Return Date'],\n    'Patient Age': fields['Patient Age'],\n    'Passenger 2 Different Return': fields['Passenger 2 Different Return'],\n    'Destination Airport': fields['Destination Airport'],\n    'Alt. Origin Airport': fields['Alt. Origin Airport'],\n    'AirTable Record ID': fields['AirTable Record ID'],\n    'Patient AirTable Record ID': fields['Patient AirTable Record ID'],\n    'Passenger 2 AirTable Record ID': fields['Passenger 2 AirTable Record ID'],\n    'Passenger 3 AirTable Record ID': fields['Passenger 3 AirTable Record ID'],\n    'Passenger AirTable Record IDs': fields['Passenger AirTable Record IDs'],\n    'Existing Diagnoses': fields['Existing Diagnoses'],\n    'Total Nautical Miles': fields['Total Nautical Miles'],\n    '# of Legs': fields['# of Legs'],\n    'Total # of Legs': fields['Total # of Legs'],\n    'Request ID': fields['Request ID'],\n  };\n\n  return trimmedRequest;\n};\n"]},"_coverageSchema":"1a1c01bbd47fc00a2c39e90264f33305004495a9","hash":"bc520d2d596e15fc30a0167ecb05712205c25c6c","contentHash":"d3d50c11d1a91b9757c5569b0f19650ed4428dfa62dff5649d84e84957e4ea2e"},"/Users/jacobdavey/ChangePlusPlus/miracleflightsbackend/src/util/trimming/flight-legs.ts":{"path":"/Users/jacobdavey/ChangePlusPlus/miracleflightsbackend/src/util/trimming/flight-legs.ts","statementMap":{"0":{"start":{"line":2,"column":0},"end":{"line":2,"column":62}},"1":{"start":{"line":3,"column":0},"end":{"line":3,"column":31}},"2":{"start":{"line":4,"column":22},"end":{"line":35,"column":1}},"3":{"start":{"line":5,"column":40},"end":{"line":5,"column":47}},"4":{"start":{"line":6,"column":44},"end":{"line":6,"column":50}},"5":{"start":{"line":7,"column":23},"end":{"line":33,"column":5}},"6":{"start":{"line":34,"column":4},"end":{"line":34,"column":22}},"7":{"start":{"line":36,"column":0},"end":{"line":36,"column":38}}},"fnMap":{"0":{"name":"(anonymous_0)","decl":{"start":{"line":4,"column":22},"end":{"line":4,"column":23}},"loc":{"start":{"line":4,"column":35},"end":{"line":35,"column":1}},"line":4}},"branchMap":{},"s":{"0":1,"1":1,"2":1,"3":1,"4":1,"5":1,"6":1,"7":1},"f":{"0":1},"b":{},"inputSourceMap":{"version":3,"file":"/Users/jacobdavey/ChangePlusPlus/miracleflightsbackend/src/util/trimming/flight-legs.ts","sources":["/Users/jacobdavey/ChangePlusPlus/miracleflightsbackend/src/util/trimming/flight-legs.ts"],"names":[],"mappings":";;;AAGO,MAAM,aAAa,GAAG,CAAC,OAAsB,EAAoB,EAAE;IACxE,MAAM,EAAE,EAAE,EAAE,WAAW,EAAE,MAAM,EAAE,GAAG,OAAO,CAAC;IAE5C,MAAM,EAAE,MAAM,EAAE,OAAO,EAAE,UAAU,EAAE,GAAG,MAAM,CAAC;IAE/C,MAAM,UAAU,GAAqB;QACnC,EAAE,EAAE,EAAE;QACN,WAAW,EAAE,WAAW;QACxB,MAAM,EAAE,MAAM;QACd,OAAO,EAAE,OAAO;QAChB,qBAAqB,EAAE,MAAM,CAAC,qBAAqB,CAAC;QACpD,mBAAmB,EAAE,MAAM,CAAC,mBAAmB,CAAC;QAChD,gBAAgB,EAAE,MAAM,CAAC,gBAAgB,CAAC;QAC1C,UAAU,EAAE,UAAU;QACtB,mBAAmB,EAAE,MAAM,CAAC,mBAAmB,CAAC;QAChD,iBAAiB,EAAE,MAAM,CAAC,iBAAiB,CAAC;QAC5C,QAAQ,EAAE,MAAM,CAAC,QAAQ,CAAC;QAC1B,UAAU,EAAE,MAAM,CAAC,UAAU,CAAC;QAC9B,aAAa,EAAE,MAAM,CAAC,aAAa,CAAC;QACpC,iBAAiB,EAAE,MAAM,CAAC,iBAAiB,CAAC;QAC5C,YAAY,EAAE,MAAM,CAAC,YAAY,CAAC;QAClC,oBAAoB,EAAE,MAAM,CAAC,oBAAoB,CAAC;QAClD,4BAA4B,EAAE,MAAM,CAAC,4BAA4B,CAAC;QAClE,+BAA+B,EAAE,MAAM,CAAC,+BAA+B,CAAC;QACxE,oBAAoB,EAAE;YACpB,KAAK,EAAE,MAAM,CAAC,oBAAoB,CAAC,CAAC,KAAK;YACzC,GAAG,EAAE,MAAM,CAAC,oBAAoB,CAAC,CAAC,GAAG;SACtC;QACD,cAAc,EAAE,MAAM,CAAC,cAAc,CAAC;QACtC,qBAAqB,EAAE,MAAM,CAAC,qBAAqB,CAAC;QACpD,gBAAgB,EAAE,MAAM,CAAC,gBAAgB,CAAC;KAC3C,CAAC;IAEF,OAAO,UAAU,CAAC;AACpB,CAAC,CAAC;AAlCW,QAAA,aAAa,iBAkCxB","sourcesContent":["import type { FlightLegData } from '../../interfaces/legs/flight-leg.interface';\nimport type { TrimmedFlightLeg } from '../../interfaces/legs/trimmed-flight-leg.interface';\n\nexport const trimFlightLeg = (request: FlightLegData): TrimmedFlightLeg => {\n  const { id, createdTime, fields } = request;\n\n  const { Status, Airline, Passengers } = fields;\n\n  const trimmedLeg: TrimmedFlightLeg = {\n    id: id,\n    createdTime: createdTime,\n    Status: Status,\n    Airline: Airline,\n    'Departure Date/Time': fields['Departure Date/Time'],\n    'Arrival Date/Time': fields['Arrival Date/Time'],\n    'Nautical Miles': fields['Nautical Miles'],\n    Passengers: Passengers,\n    'Departure Airport': fields['Departure Airport'],\n    'Arrival Airport': fields['Arrival Airport'],\n    'Leg ID': fields['Leg ID'],\n    'Leg Type': fields['Leg Type'],\n    'Total Miles': fields['Total Miles'],\n    'Passenger Names': fields['Passenger Names'],\n    'Total Cost': fields['Total Cost'],\n    'AirTable Record ID': fields['AirTable Record ID'],\n    'Request AirTable Record ID': fields['Request AirTable Record ID'],\n    'Passenger AirTable Record IDs': fields['Passenger AirTable Record IDs'],\n    'Log Airline Credit': {\n      label: fields['Log Airline Credit'].label,\n      url: fields['Log Airline Credit'].url,\n    },\n    'Patient Name': fields['Patient Name'],\n    'Patient Latest Trip': fields['Patient Latest Trip'],\n    'Is Latest Trip': fields['Is Latest Trip'],\n  };\n\n  return trimmedLeg;\n};\n"]},"_coverageSchema":"1a1c01bbd47fc00a2c39e90264f33305004495a9","hash":"457d848713bbc65e50d8abc11e532a2268cf72d0","contentHash":"a46a8687ad3590299a872bb6385ba6335cef4490a56b4c66eef79677e0dba119"},"/Users/jacobdavey/ChangePlusPlus/miracleflightsbackend/src/util/trimming/passengers.ts":{"path":"/Users/jacobdavey/ChangePlusPlus/miracleflightsbackend/src/util/trimming/passengers.ts","statementMap":{"0":{"start":{"line":2,"column":0},"end":{"line":2,"column":62}},"1":{"start":{"line":3,"column":0},"end":{"line":3,"column":31}},"2":{"start":{"line":4,"column":22},"end":{"line":35,"column":1}},"3":{"start":{"line":5,"column":40},"end":{"line":5,"column":49}},"4":{"start":{"line":6,"column":80},"end":{"line":6,"column":86}},"5":{"start":{"line":7,"column":29},"end":{"line":33,"column":5}},"6":{"start":{"line":34,"column":4},"end":{"line":34,"column":28}},"7":{"start":{"line":36,"column":0},"end":{"line":36,"column":38}}},"fnMap":{"0":{"name":"(anonymous_0)","decl":{"start":{"line":4,"column":22},"end":{"line":4,"column":23}},"loc":{"start":{"line":4,"column":37},"end":{"line":35,"column":1}},"line":4}},"branchMap":{},"s":{"0":1,"1":1,"2":1,"3":1,"4":1,"5":1,"6":1,"7":1},"f":{"0":1},"b":{},"inputSourceMap":{"version":3,"file":"/Users/jacobdavey/ChangePlusPlus/miracleflightsbackend/src/util/trimming/passengers.ts","sources":["/Users/jacobdavey/ChangePlusPlus/miracleflightsbackend/src/util/trimming/passengers.ts"],"names":[],"mappings":";;;AAGO,MAAM,aAAa,GAAG,CAAC,SAAwB,EAAoB,EAAE;IAC1E,MAAM,EAAE,EAAE,EAAE,WAAW,EAAE,MAAM,EAAE,GAAG,SAAS,CAAC;IAE9C,MAAM,EAAE,IAAI,EAAE,MAAM,EAAE,MAAM,EAAE,OAAO,EAAE,KAAK,EAAE,SAAS,EAAE,SAAS,EAAE,GAAG,EAAE,GACvE,MAAM,CAAC;IAET,MAAM,gBAAgB,GAAqB;QACzC,EAAE,EAAE,EAAE;QACN,WAAW,EAAE,WAAW;QACxB,IAAI,EAAE,IAAI;QACV,YAAY,EAAE,MAAM,CAAC,YAAY,CAAC;QAClC,WAAW,EAAE,MAAM,CAAC,WAAW,CAAC;QAChC,eAAe,EAAE,MAAM,CAAC,eAAe,CAAC;QACxC,MAAM,EAAE,MAAM;QACd,MAAM,EAAE,MAAM;QACd,OAAO,EAAE,OAAO;QAChB,KAAK,EAAE,KAAK;QACZ,kBAAkB,EAAE,MAAM,CAAC,kBAAkB,CAAC;QAC9C,gBAAgB,EAAE,MAAM,CAAC,gBAAgB,CAAC;QAC1C,SAAS,EAAE,SAAS;QACpB,kBAAkB,EAAE,MAAM,CAAC,kBAAkB,CAAC;QAC9C,iBAAiB,EAAE,MAAM,CAAC,iBAAiB,CAAC;QAC5C,2BAA2B,EAAE,MAAM,CAAC,2BAA2B,CAAC;QAChE,iBAAiB,EAAE,MAAM,CAAC,iBAAiB,CAAC;QAC5C,SAAS,EAAE,SAAS;QACpB,oBAAoB,EAAE,MAAM,CAAC,oBAAoB,CAAC;QAClD,kBAAkB,EAAE,MAAM,CAAC,kBAAkB,CAAC;QAC9C,6BAA6B,EAAE,MAAM,CAAC,6BAA6B,CAAC;QACpE,aAAa,EAAE,MAAM,CAAC,aAAa,CAAC;QACpC,WAAW,EAAE,MAAM,CAAC,WAAW,CAAC;QAChC,GAAG,EAAE,GAAG;QACR,aAAa,EAAE,MAAM,CAAC,aAAa,CAAC;KACrC,CAAC;IAEF,OAAO,gBAAgB,CAAC;AAC1B,CAAC,CAAC;AAnCW,QAAA,aAAa,iBAmCxB","sourcesContent":["import type { PassengerData } from '../../interfaces/passenger/passenger.interface';\nimport type { TrimmedPassenger } from '../../interfaces/passenger/trimmed-passenger.interface';\n\nexport const trimPassenger = (passenger: PassengerData): TrimmedPassenger => {\n  const { id, createdTime, fields } = passenger;\n\n  const { Type, Gender, Street, Country, Email, Ethnicity, Diagnosis, Age } =\n    fields;\n\n  const trimmedPassenger: TrimmedPassenger = {\n    id: id,\n    createdTime: createdTime,\n    Type: Type,\n    'First Name': fields['First Name'],\n    'Last Name': fields['Last Name'],\n    'Date of Birth': fields['Date of Birth'],\n    Gender: Gender,\n    Street: Street,\n    Country: Country,\n    Email: Email,\n    'Household Income': fields['Household Income'],\n    'Household Size': fields['Household Size'],\n    Ethnicity: Ethnicity,\n    'Military Service': fields['Military Service'],\n    'Military Member': fields['Military Member'],\n    'How did you hear about us': fields['How did you hear about us'],\n    'All Flight Legs': fields['All Flight Legs'],\n    Diagnosis: Diagnosis,\n    'AirTable Record ID': fields['AirTable Record ID'],\n    '# of Flight Legs': fields['# of Flight Legs'],\n    '# of Booked Flight Requests': fields['# of Booked Flight Requests'],\n    'Birth Month': fields['Birth Month'],\n    'Full Name': fields['Full Name'],\n    Age: Age,\n    'Latest Trip': fields['Latest Trip'],\n  };\n\n  return trimmedPassenger;\n};\n"]},"_coverageSchema":"1a1c01bbd47fc00a2c39e90264f33305004495a9","hash":"7ff4271595f246c8a07fc7c5165d361e27988127","contentHash":"36c93ded7417c53f692a51aa33144cad1981c18a90ff22159ac7bd92ddc7c78f"},"/Users/jacobdavey/ChangePlusPlus/miracleflightsbackend/src/data/test-data.ts":{"path":"/Users/jacobdavey/ChangePlusPlus/miracleflightsbackend/src/data/test-data.ts","statementMap":{"0":{"start":{"line":2,"column":0},"end":{"line":2,"column":62}},"1":{"start":{"line":3,"column":0},"end":{"line":3,"column":113}},"2":{"start":{"line":4,"column":20},"end":{"line":4,"column":42}},"3":{"start":{"line":5,"column":16},"end":{"line":5,"column":42}},"4":{"start":{"line":12,"column":32},"end":{"line":117,"column":1}},"5":{"start":{"line":13,"column":22},"end":{"line":13,"column":54}},"6":{"start":{"line":14,"column":21},"end":{"line":14,"column":52}},"7":{"start":{"line":15,"column":21},"end":{"line":15,"column":60}},"8":{"start":{"line":16,"column":27},"end":{"line":18,"column":22}},"9":{"start":{"line":16,"column":40},"end":{"line":18,"column":22}},"10":{"start":{"line":19,"column":4},"end":{"line":116,"column":216}},"11":{"start":{"line":118,"column":0},"end":{"line":118,"column":58}},"12":{"start":{"line":125,"column":32},"end":{"line":256,"column":125}},"13":{"start":{"line":125,"column":54},"end":{"line":256,"column":124}},"14":{"start":{"line":257,"column":0},"end":{"line":257,"column":58}},"15":{"start":{"line":264,"column":36},"end":{"line":424,"column":297}},"16":{"start":{"line":264,"column":58},"end":{"line":424,"column":296}},"17":{"start":{"line":425,"column":0},"end":{"line":425,"column":66}}},"fnMap":{"0":{"name":"(anonymous_0)","decl":{"start":{"line":12,"column":32},"end":{"line":12,"column":33}},"loc":{"start":{"line":12,"column":53},"end":{"line":117,"column":1}},"line":12},"1":{"name":"(anonymous_1)","decl":{"start":{"line":16,"column":27},"end":{"line":16,"column":28}},"loc":{"start":{"line":16,"column":40},"end":{"line":18,"column":22}},"line":16},"2":{"name":"(anonymous_2)","decl":{"start":{"line":125,"column":32},"end":{"line":125,"column":33}},"loc":{"start":{"line":125,"column":54},"end":{"line":256,"column":124}},"line":125},"3":{"name":"(anonymous_3)","decl":{"start":{"line":264,"column":36},"end":{"line":264,"column":37}},"loc":{"start":{"line":264,"column":58},"end":{"line":424,"column":296}},"line":264}},"branchMap":{"0":{"loc":{"start":{"line":12,"column":33},"end":{"line":12,"column":48}},"type":"default-arg","locations":[{"start":{"line":12,"column":46},"end":{"line":12,"column":48}}],"line":12},"1":{"loc":{"start":{"line":125,"column":33},"end":{"line":125,"column":48}},"type":"default-arg","locations":[{"start":{"line":125,"column":46},"end":{"line":125,"column":48}}],"line":125},"2":{"loc":{"start":{"line":264,"column":37},"end":{"line":264,"column":52}},"type":"default-arg","locations":[{"start":{"line":264,"column":50},"end":{"line":264,"column":52}}],"line":264}},"s":{"0":1,"1":1,"2":1,"3":1,"4":1,"5":1,"6":1,"7":1,"8":1,"9":1,"10":1,"11":1,"12":1,"13":1,"14":1,"15":1,"16":1,"17":1},"f":{"0":1,"1":1,"2":1,"3":1},"b":{"0":[1],"1":[1],"2":[1]},"inputSourceMap":{"version":3,"file":"/Users/jacobdavey/ChangePlusPlus/miracleflightsbackend/src/data/test-data.ts","sources":["/Users/jacobdavey/ChangePlusPlus/miracleflightsbackend/src/data/test-data.ts"],"names":[],"mappings":";;;AAAA,2CAAuC;AACvC,2CAAwC;AAKxC;;;;;GAKG;AACI,MAAM,uBAAuB,GAAG,CACrC,aAAqC,EAAE,EACxB,EAAE;IACjB,MAAM,SAAS,GAAG,aAAK,CAAC,MAAM,CAAC,SAAS,EAAE,CAAC;IAC3C,MAAM,QAAQ,GAAG,aAAK,CAAC,MAAM,CAAC,QAAQ,EAAE,CAAC;IACzC,MAAM,QAAQ,GAAG,aAAK,CAAC,IAAI,CAAC,IAAI,EAAE,CAAC,WAAW,EAAE,CAAC;IACjD,MAAM,cAAc,GAAG,CAAC,OAAe,EAAE,EAAE,CACzC,IAAI,IAAI,CAAC,IAAI,IAAI,CAAC,OAAO,CAAC,CAAC,OAAO,EAAE,GAAG,EAAE,GAAG,EAAE,GAAG,EAAE,GAAG,IAAI,CAAC;SACxD,WAAW,EAAE;SACb,KAAK,CAAC,GAAG,CAAC,CAAC,CAAC,CAAC,CAAC;IAEnB,uBACE,EAAE,EAAE,aAAK,CAAC,MAAM,CAAC,IAAI,EAAE,EACvB,WAAW,EAAE,aAAK,CAAC,IAAI,CAAC,MAAM,EAAE,CAAC,WAAW,EAAE,EAC9C,MAAM,kBACJ,IAAI,EAAE,aAAK,CAAC,OAAO,CAAC,YAAY,CAAC;gBAC/B,SAAS;gBACT,wBAAwB;gBACxB,sBAAsB;aACvB,CAAC,EACF,YAAY,EAAE,SAAS,EACvB,WAAW,EAAE,QAAQ,EACrB,eAAe,EAAE,QAAQ,EACzB,MAAM,EAAE,aAAK,CAAC,OAAO,CAAC,YAAY,CAAC,CAAC,QAAQ,EAAE,MAAM,CAAC,CAAC,EACtD,MAAM,EAAE,aAAK,CAAC,QAAQ,CAAC,aAAa,EAAE,EACtC,OAAO,EAAE,aAAK,CAAC,QAAQ,CAAC,OAAO,EAAE,EACjC,KAAK,EAAE,aAAK,CAAC,QAAQ,CAAC,KAAK,CAAC;gBAC1B,SAAS,EAAE,SAAS;gBACpB,QAAQ,EAAE,QAAQ;aACnB,CAAC,EACF,kBAAkB,EAAE,aAAK,CAAC,MAAM,CAAC,GAAG,CAAC;gBACnC,GAAG,EAAE,IAAI;gBACT,GAAG,EAAE,MAAM;aACZ,CAAC,EACF,gBAAgB,EAAE,aAAK,CAAC,MAAM,CAAC,GAAG,CAAC;gBACjC,GAAG,EAAE,CAAC;gBACN,GAAG,EAAE,CAAC;aACP,CAAC,EACF,SAAS,EAAE,aAAK,CAAC,OAAO,CAAC,aAAa,CACpC;gBACE,kCAAkC;gBAClC,OAAO;gBACP,2BAA2B;gBAC3B,oBAAoB;gBACpB,2CAA2C;gBAC3C,OAAO;gBACP,OAAO;aACR,EACD,aAAK,CAAC,MAAM,CAAC,GAAG,CAAC;gBACf,GAAG,EAAE,CAAC;gBACN,GAAG,EAAE,CAAC;aACP,CAAC,CACH,EACD,kBAAkB,EAAE,aAAK,CAAC,OAAO,CAAC,YAAY,CAAC;gBAC7C,QAAQ;gBACR,SAAS;gBACT,gBAAgB;aACjB,CAAC,EACF,iBAAiB,EAAE,aAAK,CAAC,OAAO,CAAC,aAAa,CAC5C,CAAC,MAAM,EAAE,QAAQ,EAAE,QAAQ,EAAE,QAAQ,EAAE,OAAO,CAAC,EAC/C,aAAK,CAAC,MAAM,CAAC,GAAG,CAAC;gBACf,GAAG,EAAE,CAAC;gBACN,GAAG,EAAE,CAAC;aACP,CAAC,CACH,EACD,2BAA2B,EAAE,aAAK,CAAC,OAAO,CAAC,aAAa,CACtD,CAAC,cAAc,EAAE,iBAAiB,EAAE,kBAAkB,EAAE,OAAO,CAAC,EAChE,aAAK,CAAC,MAAM,CAAC,GAAG,CAAC;gBACf,GAAG,EAAE,CAAC;gBACN,GAAG,EAAE,CAAC;aACP,CAAC,CACH,EACD,qBAAqB,EAAE,aAAK,CAAC,OAAO,CAAC,aAAa,EAAE,EACpD,iBAAiB,EAAE,aAAK,CAAC,OAAO,CAAC,aAAa,CAC5C,CAAC,aAAK,CAAC,MAAM,CAAC,IAAI,EAAE,EAAE,aAAK,CAAC,MAAM,CAAC,IAAI,EAAE,EAAE,aAAK,CAAC,MAAM,CAAC,IAAI,EAAE,CAAC,EAC/D,aAAK,CAAC,MAAM,CAAC,GAAG,CAAC;gBACf,GAAG,EAAE,CAAC;gBACN,GAAG,EAAE,CAAC;aACP,CAAC,CACH,EACD,SAAS,EAAE,aAAK,CAAC,OAAO,CAAC,aAAa,CACpC,CAAC,aAAK,CAAC,MAAM,CAAC,IAAI,EAAE,EAAE,aAAK,CAAC,MAAM,CAAC,IAAI,EAAE,EAAE,aAAK,CAAC,MAAM,CAAC,IAAI,EAAE,CAAC,EAC/D,aAAK,CAAC,MAAM,CAAC,GAAG,CAAC;gBACf,GAAG,EAAE,CAAC;gBACN,GAAG,EAAE,CAAC;aACP,CAAC,CACH,EACD,yBAAyB,EAAE,EAAE,EAC7B,cAAc,EAAE,aAAK,CAAC,MAAM,CAAC,IAAI,EAAE,EACnC,oBAAoB,EAAE,aAAK,CAAC,MAAM,CAAC,IAAI,EAAE,EACzC,kBAAkB,EAAE,aAAK,CAAC,MAAM,CAAC,GAAG,CAAC;gBACnC,GAAG,EAAE,CAAC;gBACN,GAAG,EAAE,EAAE;aACR,CAAC,EACF,uCAAuC,EAAE,aAAK,CAAC,MAAM,CAAC,GAAG,CAAC;gBACxD,GAAG,EAAE,CAAC;gBACN,GAAG,EAAE,CAAC;aACP,CAAC,EACF,sCAAsC,EAAE,aAAK,CAAC,MAAM,CAAC,GAAG,CAAC;gBACvD,GAAG,EAAE,CAAC;gBACN,GAAG,EAAE,CAAC;aACP,CAAC,EACF,sCAAsC,EAAE,aAAK,CAAC,MAAM,CAAC,GAAG,CAAC;gBACvD,GAAG,EAAE,CAAC;gBACN,GAAG,EAAE,CAAC;aACP,CAAC,EACF,4CAA4C,EAAE,aAAK,CAAC,MAAM,CAAC,GAAG,CAAC;gBAC7D,GAAG,EAAE,CAAC;gBACN,GAAG,EAAE,CAAC;aACP,CAAC,EACF,6BAA6B,EAAE,aAAK,CAAC,MAAM,CAAC,GAAG,CAAC;gBAC9C,GAAG,EAAE,CAAC;gBACN,GAAG,EAAE,EAAE;aACR,CAAC,EACF,4CAA4C,EAAE,aAAK,CAAC,OAAO,CAAC,aAAa,CACvE;gBACE,aAAK,CAAC,IAAI,CAAC,MAAM,EAAE,CAAC,WAAW,EAAE;gBACjC,aAAK,CAAC,IAAI,CAAC,MAAM,EAAE,CAAC,WAAW,EAAE;gBACjC,aAAK,CAAC,IAAI,CAAC,MAAM,EAAE,CAAC,WAAW,EAAE;aAClC,EACD,aAAK,CAAC,MAAM,CAAC,GAAG,CAAC;gBACf,GAAG,EAAE,CAAC;gBACN,GAAG,EAAE,CAAC;aACP,CAAC,CACH,EACD,qCAAqC,EAAE,EAAE,EACzC,uCAAuC,EAAE,EAAE,EAC3C,4BAA4B,EAAE,aAAK,CAAC,OAAO,CAAC,aAAa,CACvD;gBACE,aAAK,CAAC,MAAM,CAAC,GAAG,CAAC;oBACf,GAAG,EAAE,CAAC;oBACN,GAAG,EAAE,KAAK;iBACX,CAAC;gBACF,aAAK,CAAC,MAAM,CAAC,GAAG,CAAC;oBACf,GAAG,EAAE,CAAC;oBACN,GAAG,EAAE,KAAK;iBACX,CAAC;gBACF,aAAK,CAAC,MAAM,CAAC,GAAG,CAAC;oBACf,GAAG,EAAE,CAAC;oBACN,GAAG,EAAE,KAAK;iBACX,CAAC;aACH,EACD,aAAK,CAAC,MAAM,CAAC,GAAG,CAAC;gBACf,GAAG,EAAE,CAAC;gBACN,GAAG,EAAE,CAAC;aACP,CAAC,CACH,EACD,aAAa,EAAE,aAAK,CAAC,IAAI,CAAC,KAAK,EAAE,EACjC,WAAW,EAAE,GAAG,SAAS,IAAI,QAAQ,EAAE,EACvC,wCAAwC,EAAE,aAAK,CAAC,OAAO,CAAC,aAAa,CACnE;gBACE,GAAG,aAAK,CAAC,MAAM,CAAC,SAAS,EAAE,IAAI,aAAK,CAAC,MAAM,CAAC,QAAQ,EAAE,EAAE;gBACxD,GAAG,aAAK,CAAC,MAAM,CAAC,SAAS,EAAE,IAAI,aAAK,CAAC,MAAM,CAAC,QAAQ,EAAE,EAAE;gBACxD,GAAG,aAAK,CAAC,MAAM,CAAC,SAAS,EAAE,IAAI,aAAK,CAAC,MAAM,CAAC,QAAQ,EAAE,EAAE;aACzD,EACD,aAAK,CAAC,MAAM,CAAC,GAAG,CAAC;gBACf,GAAG,EAAE,CAAC;gBACN,GAAG,EAAE,CAAC;aACP,CAAC,CACH,EACD,8BAA8B,EAAE,aAAK,CAAC,MAAM,CAAC,GAAG,CAAC;gBAC/C,GAAG,EAAE,CAAC;gBACN,GAAG,EAAE,CAAC;aACP,CAAC,EACF,GAAG,EAAE,aAAK,CAAC,MAAM,CAAC,GAAG,CAAC;gBACpB,GAAG,EAAE,CAAC;gBACN,GAAG,EAAE,EAAE;aACR,CAAC,EACF,QAAQ,EAAE,QAAQ,EAClB,qBAAqB,EAAE,cAAc,CAAC,QAAQ,CAAC,EAC/C,oCAAoC,EAAE,aAAK,CAAC,OAAO,CAAC,aAAa,CAC/D,CAAC,aAAK,CAAC,OAAO,CAAC,IAAI,EAAE,EAAE,aAAK,CAAC,OAAO,CAAC,IAAI,EAAE,EAAE,aAAK,CAAC,OAAO,CAAC,IAAI,EAAE,CAAC,EAClE,aAAK,CAAC,MAAM,CAAC,GAAG,CAAC;gBACf,GAAG,EAAE,CAAC;gBACN,GAAG,EAAE,CAAC;aACP,CAAC,CACH,EACD,OAAO,EAAE,aAAK,CAAC,IAAI,CAAC,MAAM,EAAE,CAAC,WAAW,EAAE,EAC1C,aAAa,EAAE,aAAK,CAAC,IAAI,CAAC,MAAM,EAAE,CAAC,WAAW,EAAE,EAChD,+CAA+C,EAAE,EAAE,IAChD,UAAU,CAAC,MAAM,KAEnB,UAAU,EACb;AACJ,CAAC,CAAC;AAxLW,QAAA,uBAAuB,2BAwLlC;AAEF;;;;;GAKG;AACI,MAAM,uBAAuB,GAAG,CACrC,aAAqC,EAAE,EACvC,EAAE,CAAC,iBACH,EAAE,EAAE,aAAK,CAAC,MAAM,CAAC,IAAI,EAAE,EACvB,WAAW,EAAE,aAAK,CAAC,IAAI,CAAC,MAAM,EAAE,CAAC,WAAW,EAAE,EAC9C,MAAM,kBACJ,MAAM,EAAE,aAAK,CAAC,OAAO,CAAC,YAAY,CAAC;YACjC,SAAS;YACT,QAAQ;YACR,aAAa;YACb,UAAU;YACV,UAAU;YACV,aAAa;SACd,CAAC,EACF,OAAO,EAAE,aAAK,CAAC,OAAO,CAAC,YAAY,CAAC,oBAAQ,CAAC,EAC7C,wBAAwB,EAAE,aAAK,CAAC,QAAQ,CAAC,IAAI,EAAE,EAC/C,qBAAqB,EAAE,aAAK,CAAC,IAAI,CAAC,OAAO,EAAE,CAAC,QAAQ,EAAE,EACtD,sBAAsB,EAAE,aAAK,CAAC,QAAQ,CAAC,IAAI,EAAE,EAC7C,mBAAmB,EAAE,aAAK,CAAC,IAAI,CAAC,MAAM,EAAE,CAAC,WAAW,EAAE,EACtD,gBAAgB,EAAE,aAAK,CAAC,MAAM,CAAC,GAAG,CAAC;YACjC,GAAG,EAAE,GAAG;YACR,GAAG,EAAE,KAAK;SACX,CAAC,EACF,GAAG,EAAE,aAAK,CAAC,MAAM,CAAC,GAAG,CAAC;YACpB,GAAG,EAAE,CAAC;YACN,GAAG,EAAE,KAAK;SACX,CAAC,EACF,eAAe,EAAE,aAAK,CAAC,MAAM,CAAC,GAAG,CAAC;YAChC,GAAG,EAAE,CAAC;YACN,GAAG,EAAE,GAAG;SACT,CAAC,EACF,qBAAqB,EAAE,aAAK,CAAC,OAAO,CAAC,YAAY,CAAC;YAChD,cAAc;YACd,WAAW;YACX,SAAS;YACT,gBAAgB;YAChB,OAAO;SACR,CAAC,EACF,aAAa,EAAE,aAAK,CAAC,OAAO,CAAC,IAAI,EAAE,EACnC,UAAU,EAAE,aAAK,CAAC,OAAO,CAAC,aAAa,CACrC,CAAC,aAAK,CAAC,MAAM,CAAC,IAAI,EAAE,EAAE,aAAK,CAAC,MAAM,CAAC,IAAI,EAAE,EAAE,aAAK,CAAC,MAAM,CAAC,IAAI,EAAE,CAAC,EAC/D,aAAK,CAAC,MAAM,CAAC,GAAG,CAAC;YACf,GAAG,EAAE,CAAC;YACN,GAAG,EAAE,CAAC;SACP,CAAC,CACH,EACD,mBAAmB,EAAE,aAAK,CAAC,MAAM,CAAC,KAAK,CAAC,CAAC,CAAC,CAAC,iBAAiB,EAAE,EAC9D,iBAAiB,EAAE,aAAK,CAAC,MAAM,CAAC,KAAK,CAAC,CAAC,CAAC,CAAC,iBAAiB,EAAE,EAC5D,mBAAmB,EAAE,aAAK,CAAC,OAAO,CAAC,aAAa,CAC9C,CAAC,aAAK,CAAC,QAAQ,CAAC,GAAG,EAAE,EAAE,aAAK,CAAC,QAAQ,CAAC,GAAG,EAAE,EAAE,aAAK,CAAC,QAAQ,CAAC,GAAG,EAAE,CAAC,EAClE,aAAK,CAAC,MAAM,CAAC,GAAG,CAAC;YACf,GAAG,EAAE,CAAC;YACN,GAAG,EAAE,CAAC;SACP,CAAC,CACH,EACD,QAAQ,EAAE,aAAK,CAAC,MAAM,CAAC,IAAI,EAAE,EAC7B,iBAAiB,EAAE,aAAK,CAAC,MAAM,CAAC,GAAG,CAAC;YAClC,GAAG,EAAE,CAAC;YACN,GAAG,EAAE,CAAC;SACP,CAAC,EACF,UAAU,EAAE,aAAK,CAAC,OAAO,CAAC,YAAY,CAAC,CAAC,WAAW,EAAE,YAAY,EAAE,QAAQ,CAAC,CAAC,EAC7E,UAAU,EAAE,aAAK,CAAC,MAAM,CAAC,GAAG,CAAC;YAC3B,GAAG,EAAE,CAAC;YACN,GAAG,EAAE,CAAC;SACP,CAAC,EACF,aAAa,EAAE,aAAK,CAAC,MAAM,CAAC,GAAG,CAAC;YAC9B,GAAG,EAAE,GAAG;YACR,GAAG,EAAE,KAAK;SACX,CAAC,EACF,iBAAiB,EAAE,aAAK,CAAC,OAAO,CAAC,aAAa,CAC5C;YACE,GAAG,aAAK,CAAC,MAAM,CAAC,SAAS,EAAE,IAAI,aAAK,CAAC,MAAM,CAAC,QAAQ,EAAE,EAAE;YACxD,GAAG,aAAK,CAAC,MAAM,CAAC,SAAS,EAAE,IAAI,aAAK,CAAC,MAAM,CAAC,QAAQ,EAAE,EAAE;YACxD,GAAG,aAAK,CAAC,MAAM,CAAC,SAAS,EAAE,IAAI,aAAK,CAAC,MAAM,CAAC,QAAQ,EAAE,EAAE;SACzD,EACD,aAAK,CAAC,MAAM,CAAC,GAAG,CAAC;YACf,GAAG,EAAE,CAAC;YACN,GAAG,EAAE,CAAC;SACP,CAAC,CACH,EACD,YAAY,EAAE,aAAK,CAAC,MAAM,CAAC,GAAG,CAAC;YAC7B,GAAG,EAAE,GAAG;YACR,GAAG,EAAE,IAAI;SACV,CAAC,EACF,cAAc,EAAE,aAAK,CAAC,MAAM,CAAC,GAAG,CAAC;YAC/B,GAAG,EAAE,CAAC;YACN,GAAG,EAAE,KAAK;SACX,CAAC,EACF,oBAAoB,EAAE,aAAK,CAAC,MAAM,CAAC,IAAI,EAAE,EACzC,4BAA4B,EAAE,aAAK,CAAC,OAAO,CAAC,aAAa,CACvD,CAAC,UAAU,EAAE,UAAU,EAAE,UAAU,EAAE,UAAU,EAAE,UAAU,CAAC,EAC5D,aAAK,CAAC,MAAM,CAAC,GAAG,CAAC;YACf,GAAG,EAAE,CAAC;YACN,GAAG,EAAE,CAAC;SACP,CAAC,CACH,EACD,+BAA+B,EAAE,aAAK,CAAC,OAAO,CAAC,aAAa,CAC1D,CAAC,aAAK,CAAC,MAAM,CAAC,IAAI,EAAE,EAAE,aAAK,CAAC,MAAM,CAAC,IAAI,EAAE,EAAE,aAAK,CAAC,MAAM,CAAC,IAAI,EAAE,CAAC,EAC/D,aAAK,CAAC,MAAM,CAAC,GAAG,CAAC;YACf,GAAG,EAAE,CAAC;YACN,GAAG,EAAE,CAAC;SACP,CAAC,CACH,EACD,oBAAoB,EAAE;YACpB,KAAK,EAAE,aAAK,CAAC,OAAO,CAAC,IAAI,EAAE;YAC3B,GAAG,EAAE,aAAK,CAAC,QAAQ,CAAC,GAAG,EAAE;SAC1B,EACD,eAAe,EAAE,aAAK,CAAC,IAAI,CAAC,MAAM,EAAE,CAAC,WAAW,EAAE,EAClD,cAAc,EAAE,aAAK,CAAC,OAAO,CAAC,aAAa,CACzC;YACE,GAAG,aAAK,CAAC,MAAM,CAAC,SAAS,EAAE,IAAI,aAAK,CAAC,MAAM,CAAC,QAAQ,EAAE,EAAE;YACxD,GAAG,aAAK,CAAC,MAAM,CAAC,SAAS,EAAE,IAAI,aAAK,CAAC,MAAM,CAAC,QAAQ,EAAE,EAAE;YACxD,GAAG,aAAK,CAAC,MAAM,CAAC,SAAS,EAAE,IAAI,aAAK,CAAC,MAAM,CAAC,QAAQ,EAAE,EAAE;SACzD,EACD,aAAK,CAAC,MAAM,CAAC,GAAG,CAAC;YACf,GAAG,EAAE,CAAC;YACN,GAAG,EAAE,CAAC;SACP,CAAC,CACH,EACD,yBAAyB,EAAE,aAAK,CAAC,OAAO,CAAC,aAAa,CACpD,CAAC,aAAK,CAAC,QAAQ,CAAC,KAAK,EAAE,EAAE,aAAK,CAAC,QAAQ,CAAC,KAAK,EAAE,EAAE,aAAK,CAAC,QAAQ,CAAC,KAAK,EAAE,CAAC,EACxE,aAAK,CAAC,MAAM,CAAC,GAAG,CAAC;YACf,GAAG,EAAE,CAAC;YACN,GAAG,EAAE,CAAC;SACP,CAAC,CACH,EACD,gCAAgC,EAAE,aAAK,CAAC,OAAO,CAAC,aAAa,CAC3D,CAAC,aAAK,CAAC,QAAQ,CAAC,KAAK,EAAE,EAAE,aAAK,CAAC,QAAQ,CAAC,KAAK,EAAE,EAAE,aAAK,CAAC,QAAQ,CAAC,KAAK,EAAE,CAAC,EACxE,aAAK,CAAC,MAAM,CAAC,GAAG,CAAC;YACf,GAAG,EAAE,CAAC;YACN,GAAG,EAAE,CAAC;SACP,CAAC,CACH,EACD,8BAA8B,EAAE,aAAK,CAAC,OAAO,CAAC,aAAa,CACzD,CAAC,aAAK,CAAC,QAAQ,CAAC,KAAK,EAAE,EAAE,aAAK,CAAC,QAAQ,CAAC,KAAK,EAAE,EAAE,aAAK,CAAC,QAAQ,CAAC,KAAK,EAAE,CAAC,EACxE,aAAK,CAAC,MAAM,CAAC,GAAG,CAAC;YACf,GAAG,EAAE,CAAC;YACN,GAAG,EAAE,CAAC;SACP,CAAC,CACH,EACD,2BAA2B,EAAE,aAAK,CAAC,OAAO,CAAC,aAAa,CACtD,CAAC,aAAK,CAAC,QAAQ,CAAC,KAAK,EAAE,EAAE,aAAK,CAAC,QAAQ,CAAC,KAAK,EAAE,EAAE,aAAK,CAAC,QAAQ,CAAC,KAAK,EAAE,CAAC,EACxE,aAAK,CAAC,MAAM,CAAC,GAAG,CAAC;YACf,GAAG,EAAE,CAAC;YACN,GAAG,EAAE,CAAC;SACP,CAAC,CACH,EACD,kCAAkC,EAAE,aAAK,CAAC,OAAO,CAAC,aAAa,CAC7D,CAAC,aAAK,CAAC,QAAQ,CAAC,KAAK,EAAE,EAAE,aAAK,CAAC,QAAQ,CAAC,KAAK,EAAE,EAAE,aAAK,CAAC,QAAQ,CAAC,KAAK,EAAE,CAAC,EACxE,aAAK,CAAC,MAAM,CAAC,GAAG,CAAC;YACf,GAAG,EAAE,CAAC;YACN,GAAG,EAAE,CAAC;SACP,CAAC,CACH,EACD,iCAAiC,EAAE,aAAK,CAAC,OAAO,CAAC,aAAa,CAC5D;YACE,aAAK,CAAC,IAAI,CAAC,IAAI,EAAE,CAAC,WAAW,EAAE;YAC/B,aAAK,CAAC,IAAI,CAAC,IAAI,EAAE,CAAC,WAAW,EAAE;YAC/B,aAAK,CAAC,IAAI,CAAC,IAAI,EAAE,CAAC,WAAW,EAAE;SAChC,EACD,aAAK,CAAC,MAAM,CAAC,GAAG,CAAC;YACf,GAAG,EAAE,CAAC;YACN,GAAG,EAAE,CAAC;SACP,CAAC,CACH,EACD,qBAAqB,EAAE,aAAK,CAAC,OAAO,CAAC,aAAa,CAChD;YACE,aAAK,CAAC,IAAI,CAAC,IAAI,EAAE,CAAC,WAAW,EAAE;YAC/B,aAAK,CAAC,IAAI,CAAC,IAAI,EAAE,CAAC,WAAW,EAAE;YAC/B,aAAK,CAAC,IAAI,CAAC,IAAI,EAAE,CAAC,WAAW,EAAE;SAChC,EACD,aAAK,CAAC,MAAM,CAAC,GAAG,CAAC;YACf,GAAG,EAAE,CAAC;YACN,GAAG,EAAE,CAAC;SACP,CAAC,CACH,EACD,gBAAgB,EAAE,aAAK,CAAC,OAAO,CAAC,YAAY,CAAC,CAAC,KAAK,EAAE,IAAI,CAAC,CAAC,EAC3D,8BAA8B,EAAE,aAAK,CAAC,OAAO,CAAC,aAAa,CACzD,CAAC,aAAK,CAAC,KAAK,CAAC,MAAM,EAAE,EAAE,aAAK,CAAC,KAAK,CAAC,MAAM,EAAE,EAAE,aAAK,CAAC,KAAK,CAAC,MAAM,EAAE,CAAC,EAClE,aAAK,CAAC,MAAM,CAAC,GAAG,CAAC;YACf,GAAG,EAAE,CAAC;YACN,GAAG,EAAE,CAAC;SACP,CAAC,CACH,EACD,0BAA0B,EAAE,aAAK,CAAC,OAAO,CAAC,aAAa,CACrD;YACE,aAAK,CAAC,QAAQ,CAAC,aAAa,EAAE;YAC9B,aAAK,CAAC,QAAQ,CAAC,aAAa,EAAE;YAC9B,aAAK,CAAC,QAAQ,CAAC,aAAa,EAAE;SAC/B,EACD,aAAK,CAAC,MAAM,CAAC,GAAG,CAAC;YACf,GAAG,EAAE,CAAC;YACN,GAAG,EAAE,CAAC;SACP,CAAC,CACH,EACD,IAAI,EAAE,aAAK,CAAC,OAAO,CAAC,aAAa,CAC/B,CAAC,aAAK,CAAC,QAAQ,CAAC,IAAI,EAAE,EAAE,aAAK,CAAC,QAAQ,CAAC,IAAI,EAAE,EAAE,aAAK,CAAC,QAAQ,CAAC,IAAI,EAAE,CAAC,EACrE,aAAK,CAAC,MAAM,CAAC,GAAG,CAAC;YACf,GAAG,EAAE,CAAC;YACN,GAAG,EAAE,CAAC;SACP,CAAC,CACH,EACD,2BAA2B,EAAE,aAAK,CAAC,OAAO,CAAC,aAAa,CACtD,CAAC,aAAK,CAAC,QAAQ,CAAC,KAAK,EAAE,EAAE,aAAK,CAAC,QAAQ,CAAC,KAAK,EAAE,EAAE,aAAK,CAAC,QAAQ,CAAC,KAAK,EAAE,CAAC,EACxE,aAAK,CAAC,MAAM,CAAC,GAAG,CAAC;YACf,GAAG,EAAE,CAAC;YACN,GAAG,EAAE,CAAC;SACP,CAAC,CACH,EACD,uBAAuB,EAAE,aAAK,CAAC,OAAO,CAAC,aAAa,CAClD;YACE,aAAK,CAAC,QAAQ,CAAC,OAAO,EAAE;YACxB,aAAK,CAAC,QAAQ,CAAC,OAAO,EAAE;YACxB,aAAK,CAAC,QAAQ,CAAC,OAAO,EAAE;SACzB,EACD,aAAK,CAAC,MAAM,CAAC,GAAG,CAAC;YACf,GAAG,EAAE,CAAC;YACN,GAAG,EAAE,CAAC;SACP,CAAC,CACH,EACD,6BAA6B,EAAE,aAAK,CAAC,OAAO,CAAC,aAAa,CACxD,CAAC,aAAK,CAAC,KAAK,CAAC,QAAQ,EAAE,EAAE,aAAK,CAAC,KAAK,CAAC,QAAQ,EAAE,EAAE,aAAK,CAAC,KAAK,CAAC,QAAQ,EAAE,CAAC,EACxE,aAAK,CAAC,MAAM,CAAC,GAAG,CAAC;YACf,GAAG,EAAE,CAAC;YACN,GAAG,EAAE,CAAC;SACP,CAAC,CACH,EACD,mCAAmC,EAAE,aAAK,CAAC,OAAO,CAAC,aAAa,CAC9D;YACE,aAAK,CAAC,IAAI,CAAC,IAAI,EAAE,CAAC,WAAW,EAAE;YAC/B,aAAK,CAAC,IAAI,CAAC,IAAI,EAAE,CAAC,WAAW,EAAE;YAC/B,aAAK,CAAC,IAAI,CAAC,IAAI,EAAE,CAAC,WAAW,EAAE;SAChC,EACD,aAAK,CAAC,MAAM,CAAC,GAAG,CAAC;YACf,GAAG,EAAE,CAAC;YACN,GAAG,EAAE,CAAC;SACP,CAAC,CACH,EACD,iEAAiE,EAC/D,aAAK,CAAC,OAAO,CAAC,aAAa,CACzB,CAAC,aAAK,CAAC,QAAQ,CAAC,IAAI,EAAE,EAAE,aAAK,CAAC,QAAQ,CAAC,IAAI,EAAE,EAAE,aAAK,CAAC,QAAQ,CAAC,IAAI,EAAE,CAAC,EACrE,aAAK,CAAC,MAAM,CAAC,GAAG,CAAC;YACf,GAAG,EAAE,CAAC;YACN,GAAG,EAAE,CAAC;SACP,CAAC,CACH,EACH,uBAAuB,EAAE,aAAK,CAAC,OAAO,CAAC,YAAY,CAAC,CAAC,KAAK,EAAE,IAAI,CAAC,CAAC,IAC/D,UAAU,CAAC,MAAM,KAEnB,UAAU,EACb,CAAC;AA1PU,QAAA,uBAAuB,2BA0PjC;AAEH;;;;;GAKG;AACI,MAAM,2BAA2B,GAAG,CACzC,aAAyC,EAAE,EAC3C,EAAE,CACF,iBACE,EAAE,EAAE,aAAK,CAAC,MAAM,CAAC,IAAI,EAAE,EACvB,WAAW,EAAE,aAAK,CAAC,IAAI,CAAC,MAAM,EAAE,CAAC,WAAW,EAAE,EAC9C,MAAM,kBACJ,eAAe,EAAE,aAAK,CAAC,MAAM,CAAC,IAAI,EAAE,EACpC,WAAW,EAAE,aAAK,CAAC,OAAO,CAAC,YAAY,CAAC,CAAC,SAAS,EAAE,WAAW,CAAC,CAAC,EACjE,gBAAgB,EAAE,aAAK,CAAC,IAAI,CAAC,MAAM,EAAE,CAAC,WAAW,EAAE,CAAC,KAAK,CAAC,GAAG,CAAC,CAAC,CAAC,CAAC,EACjE,cAAc,EAAE,aAAK,CAAC,OAAO,CAAC,YAAY,CAAC;YACzC,aAAa;YACb,gCAAgC;YAChC,WAAW;YACX,4BAA4B;YAC5B,qBAAqB;YACrB,uBAAuB;YACvB,0BAA0B;YAC1B,mBAAmB;SACpB,CAAC,EACF,gBAAgB,EAAE,aAAK,CAAC,MAAM,CAAC,GAAG,CAAC;YACjC,GAAG,EAAE,CAAC;YACN,GAAG,EAAE,CAAC;SACP,CAAC,EACF,6BAA6B,EAAE,aAAK,CAAC,OAAO,CAAC,YAAY,CAAC;YACxD,UAAU;YACV,QAAQ;YACR,SAAS;SACV,CAAC,EACF,4BAA4B,EAAE,aAAK,CAAC,OAAO,CAAC,YAAY,CAAC;YACvD,iBAAiB;YACjB,cAAc;YACd,iBAAiB;YACjB,kBAAkB;YAClB,OAAO;SACR,CAAC,EACF,SAAS,EAAE,aAAK,CAAC,KAAK,CAAC,QAAQ,EAAE,EACjC,aAAa,EAAE,aAAK,CAAC,OAAO,CAAC,aAAa,CACxC,CAAC,aAAK,CAAC,MAAM,CAAC,IAAI,EAAE,EAAE,aAAK,CAAC,MAAM,CAAC,IAAI,EAAE,EAAE,aAAK,CAAC,MAAM,CAAC,IAAI,EAAE,CAAC,EAC/D,aAAK,CAAC,MAAM,CAAC,GAAG,CAAC;YACf,GAAG,EAAE,CAAC;YACN,GAAG,EAAE,CAAC;SACP,CAAC,CACH,EACD,cAAc,EAAE,aAAK,CAAC,OAAO,CAAC,YAAY,CAAC;YACzC,SAAS;YACT,wBAAwB;YACxB,sBAAsB;SACvB,CAAC,EACF,SAAS,EAAE,aAAK,CAAC,OAAO,CAAC,aAAa,CACpC;YACE,gCAAgC;YAChC,OAAO;YACP,OAAO;YACP,iBAAiB;YACjB,kCAAkC;YAClC,OAAO;YACP,OAAO;SACR,EACD,aAAK,CAAC,MAAM,CAAC,GAAG,CAAC;YACf,GAAG,EAAE,CAAC;YACN,GAAG,EAAE,CAAC;SACP,CAAC,CACH,EACD,gBAAgB,EAAE,aAAK,CAAC,QAAQ,CAAC,IAAI,EAAE,EACvC,SAAS,EAAE,aAAK,CAAC,OAAO,CAAC,YAAY,CAAC;YACpC,8BAA8B;YAC9B,kCAAkC;YAClC,yBAAyB;YACzB,kBAAkB;YAClB,mBAAmB;YACnB,iCAAiC;SAClC,CAAC,EACF,iBAAiB,EAAE,aAAK,CAAC,KAAK,CAAC,MAAM,EAAE,EACvC,iBAAiB,EAAE,aAAK,CAAC,IAAI,CAAC,MAAM,EAAE,CAAC,WAAW,EAAE,CAAC,KAAK,CAAC,GAAG,CAAC,CAAC,CAAC,CAAC,EAClE,yBAAyB,EAAE,aAAK,CAAC,MAAM,CAAC,KAAK,CAAC,CAAC,CAAC,CAAC,iBAAiB,EAAE,EACpE,0BAA0B,EAAE,aAAK,CAAC,MAAM,CAAC,QAAQ,EAAE,EACnD,aAAa,EAAE,aAAK,CAAC,OAAO,CAAC,YAAY,CAAC;YACxC,mBAAmB;YACnB,qBAAqB;YACrB,IAAI;SACL,CAAC,EACF,mBAAmB,EAAE,aAAK,CAAC,MAAM,CAAC,QAAQ,EAAE,EAC5C,WAAW,EAAE,aAAK,CAAC,IAAI,CAAC,MAAM,EAAE,CAAC,WAAW,EAAE,CAAC,KAAK,CAAC,GAAG,CAAC,CAAC,CAAC,CAAC,EAC5D,6BAA6B,EAAE,aAAK,CAAC,OAAO,CAAC,YAAY,CAAC;YACxD,UAAU;YACV,QAAQ;YACR,SAAS;SACV,CAAC,EACF,eAAe,EAAE,aAAK,CAAC,OAAO,CAAC,YAAY,CAAC,CAAC,KAAK,EAAE,IAAI,CAAC,CAAC,EAC1D,mBAAmB,EAAE,aAAK,CAAC,OAAO,CAAC,YAAY,CAAC;YAC9C,WAAW;YACX,4BAA4B;YAC5B,qBAAqB;YACrB,uBAAuB;YACvB,0BAA0B;YAC1B,mBAAmB;SACpB,CAAC,EACF,oBAAoB,EAAE,aAAK,CAAC,KAAK,CAAC,QAAQ,EAAE,EAC5C,iBAAiB,EAAE,aAAK,CAAC,OAAO,CAAC,YAAY,CAAC;YAC5C,MAAM;YACN,QAAQ;YACR,QAAQ;YACR,QAAQ;YACR,OAAO;SACR,CAAC,EACF,aAAa,EAAE,aAAK,CAAC,OAAO,CAAC,aAAa,CACxC,CAAC,aAAK,CAAC,MAAM,CAAC,IAAI,EAAE,EAAE,aAAK,CAAC,MAAM,CAAC,IAAI,EAAE,EAAE,aAAK,CAAC,MAAM,CAAC,IAAI,EAAE,CAAC,EAC/D,aAAK,CAAC,MAAM,CAAC,GAAG,CAAC;YACf,GAAG,EAAE,CAAC;YACN,GAAG,EAAE,CAAC;SACP,CAAC,CACH,EACD,MAAM,EAAE,aAAK,CAAC,OAAO,CAAC,YAAY,CAAC;YACjC,SAAS;YACT,QAAQ;YACR,aAAa;YACb,UAAU;YACV,UAAU;YACV,aAAa;SACd,CAAC,EACF,kBAAkB,EAAE,aAAK,CAAC,MAAM,CAAC,GAAG,CAAC;YACnC,GAAG,EAAE,IAAI;YACT,GAAG,EAAE,MAAM;SACZ,CAAC,EACF,mBAAmB,EAAE,aAAK,CAAC,KAAK,CAAC,QAAQ,EAAE,EAC3C,SAAS,EAAE,aAAK,CAAC,OAAO,CAAC,YAAY,CAAC,CAAC,KAAK,EAAE,IAAI,CAAC,CAAC,EACpD,gBAAgB,EAAE,aAAK,CAAC,MAAM,CAAC,KAAK,CAAC,CAAC,CAAC,CAAC,iBAAiB,EAAE,EAC3D,eAAe,EAAE,aAAK,CAAC,KAAK,CAAC,MAAM,EAAE,EACrC,UAAU,EAAE,aAAK,CAAC,OAAO,CAAC,YAAY,CAAC;YACrC,sCAAsC;YACtC,uCAAuC;YACvC,8BAA8B;YAC9B,kCAAkC;YAClC,SAAS;YACT,SAAS;YACT,WAAW;YACX,gBAAgB;YAChB,OAAO;SACR,CAAC,EACF,gBAAgB,EAAE,aAAK,CAAC,OAAO,CAAC,YAAY,CAAC;YAC3C,QAAQ;YACR,SAAS;YACT,UAAU;YACV,SAAS;SACV,CAAC,EACF,kBAAkB,EAAE,aAAK,CAAC,OAAO,CAAC,YAAY,CAAC;YAC7C,QAAQ;YACR,SAAS;YACT,gBAAgB;SACjB,CAAC,EACF,8BAA8B,EAAE,aAAK,CAAC,OAAO,CAAC,YAAY,CAAC,CAAC,KAAK,EAAE,IAAI,CAAC,CAAC,EACzE,OAAO,EAAE,aAAK,CAAC,OAAO,CAAC,aAAa,CAClC,CAAC,aAAK,CAAC,MAAM,CAAC,IAAI,EAAE,EAAE,aAAK,CAAC,MAAM,CAAC,IAAI,EAAE,EAAE,aAAK,CAAC,MAAM,CAAC,IAAI,EAAE,CAAC,EAC/D,aAAK,CAAC,MAAM,CAAC,GAAG,CAAC;YACf,GAAG,EAAE,CAAC;YACN,GAAG,EAAE,CAAC;SACP,CAAC,CACH,EACD,aAAa,EAAE,aAAK,CAAC,OAAO,CAAC,aAAa,CACxC,CAAC,aAAK,CAAC,MAAM,CAAC,IAAI,EAAE,EAAE,aAAK,CAAC,MAAM,CAAC,IAAI,EAAE,EAAE,aAAK,CAAC,MAAM,CAAC,IAAI,EAAE,CAAC,EAC/D,aAAK,CAAC,MAAM,CAAC,GAAG,CAAC;YACf,GAAG,EAAE,CAAC;YACN,GAAG,EAAE,CAAC;SACP,CAAC,CACH,EACD,aAAa,EAAE,aAAK,CAAC,IAAI,CAAC,MAAM,EAAE,CAAC,WAAW,EAAE,CAAC,KAAK,CAAC,GAAG,CAAC,CAAC,CAAC,CAAC,EAC9D,gBAAgB,EAAE,aAAK,CAAC,OAAO,CAAC,IAAI,EAAE,EACtC,iBAAiB,EAAE,aAAK,CAAC,QAAQ,CAAC,aAAa,EAAE,EACjD,yBAAyB,EAAE,aAAK,CAAC,IAAI,CAAC,MAAM,EAAE,CAAC,WAAW,EAAE,CAAC,KAAK,CAAC,GAAG,CAAC,CAAC,CAAC,CAAC,EAC1E,aAAa,EAAE,aAAK,CAAC,MAAM,CAAC,GAAG,CAAC;YAC9B,GAAG,EAAE,CAAC;YACN,GAAG,EAAE,EAAE;SACR,CAAC,EACF,8BAA8B,EAAE,aAAK,CAAC,OAAO,CAAC,YAAY,CAAC,CAAC,KAAK,EAAE,IAAI,CAAC,CAAC,EACzE,qBAAqB,EAAE,aAAK,CAAC,MAAM,CAAC,KAAK,CAAC,CAAC,CAAC,CAAC,iBAAiB,EAAE,EAChE,qBAAqB,EAAE,aAAK,CAAC,MAAM,CAAC,KAAK,CAAC,CAAC,CAAC,CAAC,iBAAiB,EAAE,EAChE,oBAAoB,EAAE,aAAK,CAAC,MAAM,CAAC,IAAI,EAAE,EACzC,4BAA4B,EAAE,aAAK,CAAC,OAAO,CAAC,aAAa,CACvD,CAAC,aAAK,CAAC,MAAM,CAAC,IAAI,EAAE,EAAE,aAAK,CAAC,MAAM,CAAC,IAAI,EAAE,EAAE,aAAK,CAAC,MAAM,CAAC,IAAI,EAAE,CAAC,EAC/D,aAAK,CAAC,MAAM,CAAC,GAAG,CAAC;YACf,GAAG,EAAE,CAAC;YACN,GAAG,EAAE,CAAC;SACP,CAAC,CACH,EACD,gCAAgC,EAAE,aAAK,CAAC,OAAO,CAAC,aAAa,CAC3D,CAAC,aAAK,CAAC,MAAM,CAAC,IAAI,EAAE,EAAE,aAAK,CAAC,MAAM,CAAC,IAAI,EAAE,EAAE,aAAK,CAAC,MAAM,CAAC,IAAI,EAAE,CAAC,EAC/D,aAAK,CAAC,MAAM,CAAC,GAAG,CAAC;YACf,GAAG,EAAE,CAAC;YACN,GAAG,EAAE,CAAC;SACP,CAAC,CACH,EACD,gCAAgC,EAAE,aAAK,CAAC,OAAO,CAAC,aAAa,CAC3D,CAAC,aAAK,CAAC,MAAM,CAAC,IAAI,EAAE,EAAE,aAAK,CAAC,MAAM,CAAC,IAAI,EAAE,EAAE,aAAK,CAAC,MAAM,CAAC,IAAI,EAAE,CAAC,EAC/D,aAAK,CAAC,MAAM,CAAC,GAAG,CAAC;YACf,GAAG,EAAE,CAAC;YACN,GAAG,EAAE,CAAC;SACP,CAAC,CACH,EACD,+BAA+B,EAAE,aAAK,CAAC,OAAO,CAAC,aAAa,CAC1D,CAAC,aAAK,CAAC,MAAM,CAAC,IAAI,EAAE,EAAE,aAAK,CAAC,MAAM,CAAC,IAAI,EAAE,EAAE,aAAK,CAAC,MAAM,CAAC,IAAI,EAAE,CAAC,EAC/D,aAAK,CAAC,MAAM,CAAC,GAAG,CAAC;YACf,GAAG,EAAE,CAAC;YACN,GAAG,EAAE,CAAC;SACP,CAAC,CACH,EACD,kBAAkB,EAAE;YAClB,KAAK,EAAE,aAAK,CAAC,OAAO,CAAC,IAAI,EAAE;YAC3B,GAAG,EAAE,aAAK,CAAC,QAAQ,CAAC,GAAG,EAAE;SAC1B,EACD,oBAAoB,EAAE,aAAK,CAAC,OAAO,CAAC,aAAa,CAC/C,CAAC,aAAK,CAAC,KAAK,CAAC,QAAQ,EAAE,EAAE,aAAK,CAAC,KAAK,CAAC,QAAQ,EAAE,EAAE,aAAK,CAAC,KAAK,CAAC,QAAQ,EAAE,CAAC,EACxE,aAAK,CAAC,MAAM,CAAC,GAAG,CAAC;YACf,GAAG,EAAE,CAAC;YACN,GAAG,EAAE,CAAC;SACP,CAAC,CACH,EACD,sBAAsB,EAAE,aAAK,CAAC,MAAM,CAAC,GAAG,CAAC;YACvC,GAAG,EAAE,GAAG;YACR,GAAG,EAAE,KAAK;SACX,CAAC,EACF,WAAW,EAAE,aAAK,CAAC,MAAM,CAAC,GAAG,CAAC;YAC5B,GAAG,EAAE,CAAC;YACN,GAAG,EAAE,KAAK;SACX,CAAC,EACF,WAAW,EAAE,aAAK,CAAC,MAAM,CAAC,GAAG,CAAC;YAC5B,GAAG,EAAE,CAAC;YACN,GAAG,EAAE,KAAK;SACX,CAAC,EACF,YAAY,EAAE,aAAK,CAAC,MAAM,CAAC,GAAG,CAAC;YAC7B,GAAG,EAAE,CAAC;YACN,GAAG,EAAE,KAAK;SACX,CAAC,EACF,WAAW,EAAE,aAAK,CAAC,MAAM,CAAC,GAAG,CAAC;YAC5B,GAAG,EAAE,CAAC;YACN,GAAG,EAAE,EAAE;SACR,CAAC,EACF,eAAe,EAAE,aAAK,CAAC,MAAM,CAAC,GAAG,CAAC;YAChC,GAAG,EAAE,CAAC;YACN,GAAG,EAAE,KAAK;SACX,CAAC,EACF,aAAa,EAAE,aAAK,CAAC,MAAM,CAAC,GAAG,CAAC;YAC9B,GAAG,EAAE,CAAC;YACN,GAAG,EAAE,KAAK;SACX,CAAC,EACF,aAAa,EAAE,aAAK,CAAC,MAAM,CAAC,GAAG,CAAC;YAC9B,GAAG,EAAE,CAAC;YACN,GAAG,EAAE,KAAK;SACX,CAAC,EACF,gBAAgB,EAAE,aAAK,CAAC,MAAM,CAAC,GAAG,CAAC;YACjC,GAAG,EAAE,CA
[...]
line":21,"column":59}},{"start":{"line":21,"column":63},"end":{"line":21,"column":107}}],"line":21},"16":{"loc":{"start":{"line":25,"column":22},"end":{"line":27,"column":1}},"type":"binary-expr","locations":[{"start":{"line":25,"column":23},"end":{"line":25,"column":27}},{"start":{"line":25,"column":31},"end":{"line":25,"column":51}},{"start":{"line":25,"column":56},"end":{"line":27,"column":1}}],"line":25},"17":{"loc":{"start":{"line":26,"column":11},"end":{"line":26,"column":61}},"type":"cond-expr","locations":[{"start":{"line":26,"column":37},"end":{"line":26,"column":40}},{"start":{"line":26,"column":43},"end":{"line":26,"column":61}}],"line":26},"18":{"loc":{"start":{"line":26,"column":12},"end":{"line":26,"column":33}},"type":"binary-expr","locations":[{"start":{"line":26,"column":12},"end":{"line":26,"column":15}},{"start":{"line":26,"column":19},"end":{"line":26,"column":33}}],"line":26}},"s":{"0":1,"1":11,"2":11,"3":11,"4":11,"5":11,"6":3,"7":11,"8":0,"9":0,"10":0,"11":1,"12":1,"13":0,"14":1,"15":1,"16":0,"17":1,"18":1,"19":1,"20":11,"21":11,"22":1,"23":1,"24":1,"25":2,"26":1,"27":1,"28":1,"29":1,"30":1,"31":1,"32":1,"33":1,"34":1,"35":1,"36":1,"37":1,"38":1,"39":1,"40":1,"41":1,"42":1,"43":1,"44":1,"45":1,"46":1,"47":1,"48":1,"49":1,"50":1,"51":1},"f":{"0":11,"1":3,"2":0,"3":1,"4":0,"5":1,"6":2,"7":1,"8":1,"9":1,"10":1,"11":1,"12":1,"13":1,"14":1},"b":{"0":[1,1,1],"1":[1,0],"2":[11,0],"3":[11,0],"4":[11,11],"5":[0,11],"6":[11,0],"7":[0,0],"8":[1,1,1],"9":[1,0],"10":[1,1,1],"11":[0,1],"12":[1,1],"13":[1,0],"14":[11,0],"15":[11,11],"16":[1,1,1],"17":[0,2],"18":[2,2]},"inputSourceMap":{"version":3,"file":"/Users/jacobdavey/ChangePlusPlus/miracleflightsbackend/src/tests/pathParameterExample.tests.ts","sources":["/Users/jacobdavey/ChangePlusPlus/miracleflightsbackend/src/tests/pathParameterExample.tests.ts"],"names":[],"mappings":";;;;;;;;;;;;;;;;;;;;;;;;;;;;AAAA,2DAA0D;AAC1D,0DAAiC;AACjC,oDAA4B;AAC5B,6CAAoC;AAEpC,gBAAM,CAAC,MAAM,EAAE,CAAC;AAEhB,cAAc;AACd,cAAI,CAAC,GAAG,CAAC,mBAAQ,CAAC,CAAC;AACnB,cAAI,CAAC,MAAM,EAAE,CAAC;AAEd,qBAAqB;AACrB,MAAM,GAAG,GAAG,IAAA,+BAAe,GAAE,CAAC;AAC9B,IAAI,MAAc,CAAC;AAEnB,oBAAoB;AACpB,MAAM,CAAC,IAAI,CAAC,EAAE;IACZ,MAAM,GAAG,GAAG,CAAC,MAAM,CAAC,IAAI,EAAE,GAAG,EAAE;QAC7B,OAAO,CAAC,GAAG,CAAC,oCAAoC,CAAC,CAAC;QAClD,IAAI,EAAE,CAAC;IACT,CAAC,CAAC,CAAC;AACL,CAAC,CAAC,CAAC;AAEH,oBAAoB;AACpB,KAAK,CAAC,IAAI,CAAC,EAAE;IACX,MAAM,CAAC,KAAK,EAAE,CAAC;IACf,IAAI,EAAE,CAAC;AACT,CAAC,CAAC,CAAC;AAEH,6BAA6B;AAC7B,QAAQ,CAAC,sBAAsB,EAAE,GAAG,EAAE;IACpC,EAAE,CAAC,yDAAyD,EAAE,IAAI,CAAC,EAAE;QACnE,cAAI;aACD,OAAO,CAAC,GAAG,CAAC;aACZ,GAAG,CAAC,WAAW,CAAC;aAChB,GAAG,CAAC,CAAC,GAAG,EAAE,GAAG,EAAE,EAAE;YAChB,IAAA,aAAM,EAAC,GAAG,CAAC,CAAC,EAAE,CAAC,IAAI,CAAC,MAAM,CAAC,GAAG,CAAC,CAAC;YAChC,IAAA,aAAM,EAAC,GAAG,CAAC,IAAI,CAAC,CAAC,EAAE,CAAC,KAAK,CACvB,yFAAyF,CAC1F,CAAC;YACF,IAAI,EAAE,CAAC;QACT,CAAC,CAAC,CAAC;IACP,CAAC,CAAC,CAAC;IAEH,EAAE,CAAC,oDAAoD,EAAE,IAAI,CAAC,EAAE;QAC9D,cAAI;aACD,OAAO,CAAC,GAAG,CAAC;aACZ,GAAG,CAAC,OAAO,CAAC;aACZ,GAAG,CAAC,CAAC,GAAG,EAAE,GAAG,EAAE,EAAE;YAChB,IAAA,aAAM,EAAC,GAAG,CAAC,CAAC,EAAE,CAAC,IAAI,CAAC,MAAM,CAAC,GAAG,CAAC,CAAC;YAChC,IAAI,EAAE,CAAC;QACT,CAAC,CAAC,CAAC;IACP,CAAC,CAAC,CAAC;AACL,CAAC,CAAC,CAAC","sourcesContent":["import { configureServer } from '../config/server.config';\nimport chaiHttp from 'chai-http';\nimport dotenv from 'dotenv';\nimport chai, { expect } from 'chai';\nimport type { Server } from 'http';\ndotenv.config();\n\n// set up chai\nchai.use(chaiHttp);\nchai.should();\n\n// set up mock server\nconst app = configureServer();\nlet server: Server;\n\n// start mock server\nbefore(done => {\n  server = app.listen(2303, () => {\n    console.log('Mock server listening on port 2303');\n    done();\n  });\n});\n\n// close mock server\nafter(done => {\n  server.close();\n  done();\n});\n\n// test queryParameterExample\ndescribe('pathParameterExample', () => {\n  it('should return 418 and a message with the path parameter', done => {\n    chai\n      .request(app)\n      .get('/path/Bob')\n      .end((err, res) => {\n        expect(res).to.have.status(418);\n        expect(res.text).to.equal(\n          'I cant make coffee! Thanks for your request though, Bob. Great use of a path parameter!'\n        );\n        done();\n      });\n  });\n\n  it('should return 404 if no path parameter is provided', done => {\n    chai\n      .request(app)\n      .get('/path')\n      .end((err, res) => {\n        expect(res).to.have.status(404);\n        done();\n      });\n  });\n});\n"]},"_coverageSchema":"1a1c01bbd47fc00a2c39e90264f33305004495a9","hash":"dcededb0f8a75ca7d6a68ef7e2e980092f50ff2e","contentHash":"59c36e22430a03463b966670753b5817cc5d15e81c2974c67a4058b03e8f086d"},"/Users/jacobdavey/ChangePlusPlus/miracleflightsbackend/src/tests/queryParameterExample.tests.ts":{"path":"/Users/jacobdavey/ChangePlusPlus/miracleflightsbackend/src/tests/queryParameterExample.tests.ts","statementMap":{"0":{"start":{"line":2,"column":22},"end":{"line":12,"column":3}},"1":{"start":{"line":3,"column":4},"end":{"line":3,"column":33}},"2":{"start":{"line":3,"column":26},"end":{"line":3,"column":33}},"3":{"start":{"line":4,"column":15},"end":{"line":4,"column":52}},"4":{"start":{"line":5,"column":4},"end":{"line":7,"column":5}},"5":{"start":{"line":6,"column":6},"end":{"line":6,"column":68}},"6":{"start":{"line":6,"column":51},"end":{"line":6,"column":63}},"7":{"start":{"line":8,"column":4},"end":{"line":8,"column":39}},"8":{"start":{"line":10,"column":4},"end":{"line":10,"column":33}},"9":{"start":{"line":10,"column":26},"end":{"line":10,"column":33}},"10":{"start":{"line":11,"column":4},"end":{"line":11,"column":17}},"11":{"start":{"line":13,"column":25},"end":{"line":17,"column":2}},"12":{"start":{"line":14,"column":4},"end":{"line":14,"column":72}},"13":{"start":{"line":16,"column":4},"end":{"line":16,"column":21}},"14":{"start":{"line":18,"column":19},"end":{"line":24,"column":1}},"15":{"start":{"line":19,"column":4},"end":{"line":19,"column":42}},"16":{"start":{"line":19,"column":31},"end":{"line":19,"column":42}},"17":{"start":{"line":20,"column":17},"end":{"line":20,"column":19}},"18":{"start":{"line":21,"column":4},"end":{"line":21,"column":141}},"19":{"start":{"line":21,"column":21},"end":{"line":21,"column":141}},"20":{"start":{"line":21,"column":40},"end":{"line":21,"column":141}},"21":{"start":{"line":21,"column":109},"end":{"line":21,"column":141}},"22":{"start":{"line":22,"column":4},"end":{"line":22,"column":36}},"23":{"start":{"line":23,"column":4},"end":{"line":23,"column":18}},"24":{"start":{"line":25,"column":22},"end":{"line":27,"column":1}},"25":{"start":{"line":26,"column":4},"end":{"line":26,"column":62}},"26":{"start":{"line":28,"column":0},"end":{"line":28,"column":62}},"27":{"start":{"line":29,"column":24},"end":{"line":29,"column":58}},"28":{"start":{"line":30,"column":20},"end":{"line":30,"column":57}},"29":{"start":{"line":31,"column":17},"end":{"line":31,"column":51}},"30":{"start":{"line":32,"column":15},"end":{"line":32,"column":44}},"31":{"start":{"line":33,"column":0},"end":{"line":33,"column":26}},"32":{"start":{"line":35,"column":0},"end":{"line":35,"column":40}},"33":{"start":{"line":36,"column":0},"end":{"line":36,"column":24}},"34":{"start":{"line":38,"column":12},"end":{"line":38,"column":50}},"35":{"start":{"line":41,"column":0},"end":{"line":46,"column":3}},"36":{"start":{"line":42,"column":4},"end":{"line":45,"column":7}},"37":{"start":{"line":43,"column":8},"end":{"line":43,"column":58}},"38":{"start":{"line":44,"column":8},"end":{"line":44,"column":15}},"39":{"start":{"line":48,"column":0},"end":{"line":51,"column":3}},"40":{"start":{"line":49,"column":4},"end":{"line":49,"column":19}},"41":{"start":{"line":50,"column":4},"end":{"line":50,"column":11}},"42":{"start":{"line":53,"column":0},"end":{"line":74,"column":3}},"43":{"start":{"line":54,"column":4},"end":{"line":63,"column":7}},"44":{"start":{"line":55,"column":8},"end":{"line":62,"column":11}},"45":{"start":{"line":59,"column":12},"end":{"line":59,"column":56}},"46":{"start":{"line":60,"column":12},"end":{"line":60,"column":142}},"47":{"start":{"line":61,"column":12},"end":{"line":61,"column":19}},"48":{"start":{"line":64,"column":4},"end":{"line":73,"column":7}},"49":{"start":{"line":65,"column":8},"end":{"line":72,"column":11}},"50":{"start":{"line":69,"column":12},"end":{"line":69,"column":56}},"51":{"start":{"line":70,"column":12},"end":{"line":70,"column":70}},"52":{"start":{"line":71,"column":12},"end":{"line":71,"column":19}}},"fnMap":{"0":{"name":"(anonymous_0)","decl":{"start":{"line":2,"column":74},"end":{"line":2,"column":75}},"loc":{"start":{"line":2,"column":96},"end":{"line":9,"column":1}},"line":2},"1":{"name":"(anonymous_1)","decl":{"start":{"line":6,"column":38},"end":{"line":6,"column":39}},"loc":{"start":{"line":6,"column":49},"end":{"line":6,"column":65}},"line":6},"2":{"name":"(anonymous_2)","decl":{"start":{"line":9,"column":6},"end":{"line":9,"column":7}},"loc":{"start":{"line":9,"column":28},"end":{"line":12,"column":1}},"line":9},"3":{"name":"(anonymous_3)","decl":{"start":{"line":13,"column":80},"end":{"line":13,"column":81}},"loc":{"start":{"line":13,"column":95},"end":{"line":15,"column":1}},"line":13},"4":{"name":"(anonymous_4)","decl":{"start":{"line":15,"column":5},"end":{"line":15,"column":6}},"loc":{"start":{"line":15,"column":20},"end":{"line":17,"column":1}},"line":15},"5":{"name":"(anonymous_5)","decl":{"start":{"line":18,"column":50},"end":{"line":18,"column":51}},"loc":{"start":{"line":18,"column":65},"end":{"line":24,"column":1}},"line":18},"6":{"name":"(anonymous_6)","decl":{"start":{"line":25,"column":56},"end":{"line":25,"column":57}},"loc":{"start":{"line":25,"column":71},"end":{"line":27,"column":1}},"line":25},"7":{"name":"(anonymous_7)","decl":{"start":{"line":41,"column":7},"end":{"line":41,"column":8}},"loc":{"start":{"line":41,"column":15},"end":{"line":46,"column":1}},"line":41},"8":{"name":"(anonymous_8)","decl":{"start":{"line":42,"column":30},"end":{"line":42,"column":31}},"loc":{"start":{"line":42,"column":36},"end":{"line":45,"column":5}},"line":42},"9":{"name":"(anonymous_9)","decl":{"start":{"line":48,"column":6},"end":{"line":48,"column":7}},"loc":{"start":{"line":48,"column":14},"end":{"line":51,"column":1}},"line":48},"10":{"name":"(anonymous_10)","decl":{"start":{"line":53,"column":34},"end":{"line":53,"column":35}},"loc":{"start":{"line":53,"column":40},"end":{"line":74,"column":1}},"line":53},"11":{"name":"(anonymous_11)","decl":{"start":{"line":54,"column":67},"end":{"line":54,"column":68}},"loc":{"start":{"line":54,"column":75},"end":{"line":63,"column":5}},"line":54},"12":{"name":"(anonymous_12)","decl":{"start":{"line":58,"column":17},"end":{"line":58,"column":18}},"loc":{"start":{"line":58,"column":31},"end":{"line":62,"column":9}},"line":58},"13":{"name":"(anonymous_13)","decl":{"start":{"line":64,"column":62},"end":{"line":64,"column":63}},"loc":{"start":{"line":64,"column":70},"end":{"line":73,"column":5}},"line":64},"14":{"name":"(anonymous_14)","decl":{"start":{"line":68,"column":17},"end":{"line":68,"column":18}},"loc":{"start":{"line":68,"column":31},"end":{"line":72,"column":9}},"line":68}},"branchMap":{"0":{"loc":{"start":{"line":2,"column":22},"end":{"line":12,"column":3}},"type":"binary-expr","locations":[{"start":{"line":2,"column":23},"end":{"line":2,"column":27}},{"start":{"line":2,"column":31},"end":{"line":2,"column":51}},{"start":{"line":2,"column":57},"end":{"line":12,"column":2}}],"line":2},"1":{"loc":{"start":{"line":2,"column":57},"end":{"line":12,"column":2}},"type":"cond-expr","locations":[{"start":{"line":2,"column":74},"end":{"line":9,"column":1}},{"start":{"line":9,"column":6},"end":{"line":12,"column":1}}],"line":2},"2":{"loc":{"start":{"line":3,"column":4},"end":{"line":3,"column":33}},"type":"if","locations":[{"start":{"line":3,"column":4},"end":{"line":3,"column":33}},{"start":{"line":3,"column":4},"end":{"line":3,"column":33}}],"line":3},"3":{"loc":{"start":{"line":5,"column":4},"end":{"line":7,"column":5}},"type":"if","locations":[{"start":{"line":5,"column":4},"end":{"line":7,"column":5}},{"start":{"line":5,"column":4},"end":{"line":7,"column":5}}],"line":5},"4":{"loc":{"start":{"line":5,"column":8},"end":{"line":5,"column":85}},"type":"binary-expr","locations":[{"start":{"line":5,"column":8},"end":{"line":5,"column":13}},{"start":{"line":5,"column":18},"end":{"line":5,"column":84}}],"line":5},"5":{"loc":{"start":{"line":5,"column":18},"end":{"line":5,"column":84}},"type":"cond-expr","locations":[{"start":{"line":5,"column":34},"end":{"line":5,"column":47}},{"start":{"line":5,"column":50},"end":{"line":5,"column":84}}],"line":5},"6":{"loc":{"start":{"line":5,"column":50},"end":{"line":5,"column":84}},"type":"binary-expr","locations":[{"start":{"line":5,"column":50},"end":{"line":5,"column":63}},{"start":{"line":5,"column":67},"end":{"line":5,"column":84}}],"line":5},"7":{"loc":{"start":{"line":10,"column":4},"end":{"line":10,"column":33}},"type":"if","locations":[{"start":{"line":10,"column":4},"end":{"line":10,"column":33}},{"start":{"line":10,"column":4},"end":{"line":10,"column":33}}],"line":10},"8":{"loc":{"start":{"line":13,"column":25},"end":{"line":17,"column":2}},"type":"binary-expr","locations":[{"start":{"line":13,"column":26},"end":{"line":13,"column":30}},{"start":{"line":13,"column":34},"end":{"line":13,"column":57}},{"start":{"line":13,"column":63},"end":{"line":17,"column":1}}],"line":13},"9":{"loc":{"start":{"line":13,"column":63},"end":{"line":17,"column":1}},"type":"cond-expr","locations":[{"start":{"line":13,"column":80},"end":{"line":15,"column":1}},{"start":{"line":15,"column":5},"end":{"line":17,"column":1}}],"line":13},"10":{"loc":{"start":{"line":18,"column":19},"end":{"line":24,"column":1}},"type":"binary-expr","locations":[{"start":{"line":18,"column":20},"end":{"line":18,"column":24}},{"start":{"line":18,"column":28},"end":{"line":18,"column":45}},{"start":{"line":18,"column":50},"end":{"line":24,"column":1}}],"line":18},"11":{"loc":{"start":{"line":19,"column":4},"end":{"line":19,"column":42}},"type":"if","locations":[{"start":{"line":19,"column":4},"end":{"line":19,"column":42}},{"start":{"line":19,"column":4},"end":{"line":19,"column":42}}],"line":19},"12":{"loc":{"start":{"line":19,"column":8},"end":{"line":19,"column":29}},"type":"binary-expr","locations":[{"start":{"line":19,"column":8},"end":{"line":19,"column":11}},{"start":{"line":19,"column":15},"end":{"line":19,"column":29}}],"line":19},"13":{"loc":{"start":{"line":21,"column":4},"end":{"line":21,"column":141}},"type":"if","locations":[{"start":{"line":21,"column":4},"end":{"line":21,"column":141}},{"start":{"line":21,"column":4},"end":{"line":21,"column":141}}],"line":21},"14":{"loc":{"start":{"line":21,"column":40},"end":{"line":21,"column":141}},"type":"if","locations":[{"start":{"line":21,"column":40},"end":{"line":21,"column":141}},{"start":{"line":21,"column":40},"end":{"line":21,"column":141}}],"line":21},"15":{"loc":{"start":{"line":21,"column":44},"end":{"line":21,"column":107}},"type":"binary-expr","locations":[{"start":{"line":21,"column":44},"end":{"line":21,"column":59}},{"start":{"line":21,"column":63},"end":{"line":21,"column":107}}],"line":21},"16":{"loc":{"start":{"line":25,"column":22},"end":{"line":27,"column":1}},"type":"binary-expr","locations":[{"start":{"line":25,"column":23},"end":{"line":25,"column":27}},{"start":{"line":25,"column":31},"end":{"line":25,"column":51}},{"start":{"line":25,"column":56},"end":{"line":27,"column":1}}],"line":25},"17":{"loc":{"start":{"line":26,"column":11},"end":{"line":26,"column":61}},"type":"cond-expr","locations":[{"start":{"line":26,"column":37},"end":{"line":26,"column":40}},{"start":{"line":26,"column":43},"end":{"line":26,"column":61}}],"line":26},"18":{"loc":{"start":{"line":26,"column":12},"end":{"line":26,"column":33}},"type":"binary-expr","locations":[{"start":{"line":26,"column":12},"end":{"line":26,"column":15}},{"start":{"line":26,"column":19},"end":{"line":26,"column":33}}],"line":26}},"s":{"0":1,"1":11,"2":11,"3":11,"4":11,"5":11,"6":4,"7":11,"8":0,"9":0,"10":0,"11":1,"12":1,"13":0,"14":1,"15":1,"16":0,"17":1,"18":1,"19":1,"20":11,"21":11,"22":1,"23":1,"24":1,"25":2,"26":1,"27":1,"28":1,"29":1,"30":1,"31":1,"32":1,"33":1,"34":1,"35":1,"36":1,"37":1,"38":1,"39":1,"40":1,"41":1,"42":1,"43":1,"44":1,"45":1,"46":1,"47":1,"48":1,"49":1,"50":1,"51":1,"52":1},"f":{"0":11,"1":4,"2":0,"3":1,"4":0,"5":1,"6":2,"7":1,"8":1,"9":1,"10":1,"11":1,"12":1,"13":1,"14":1},"b":{"0":[1,1,1],"1":[1,0],"2":[11,0],"3":[11,0],"4":[11,11],"5":[0,11],"6":[11,0],"7":[0,0],"8":[1,1,1],"9":[1,0],"10":[1,1,1],"11":[0,1],"12":[1,1],"13":[1,0],"14":[11,0],"15":[11,11],"16":[1,1,1],"17":[0,2],"18":[2,2]},"inputSourceMap":{"version":3,"file":"/Users/jacobdavey/ChangePlusPlus/miracleflightsbackend/src/tests/queryParameterExample.tests.ts","sources":["/Users/jacobdavey/ChangePlusPlus/miracleflightsbackend/src/tests/queryParameterExample.tests.ts"],"names":[],"mappings":";;;;;;;;;;;;;;;;;;;;;;;;;;;;AAAA,2DAA0D;AAC1D,0DAAiC;AACjC,oDAA4B;AAC5B,6CAAoC;AAEpC,gBAAM,CAAC,MAAM,EAAE,CAAC;AAEhB,cAAc;AACd,cAAI,CAAC,GAAG,CAAC,mBAAQ,CAAC,CAAC;AACnB,cAAI,CAAC,MAAM,EAAE,CAAC;AAEd,qBAAqB;AACrB,MAAM,GAAG,GAAG,IAAA,+BAAe,GAAE,CAAC;AAC9B,IAAI,MAAc,CAAC;AAEnB,oBAAoB;AACpB,MAAM,CAAC,IAAI,CAAC,EAAE;IACZ,MAAM,GAAG,GAAG,CAAC,MAAM,CAAC,IAAI,EAAE,GAAG,EAAE;QAC7B,OAAO,CAAC,GAAG,CAAC,oCAAoC,CAAC,CAAC;QAClD,IAAI,EAAE,CAAC;IACT,CAAC,CAAC,CAAC;AACL,CAAC,CAAC,CAAC;AAEH,oBAAoB;AACpB,KAAK,CAAC,IAAI,CAAC,EAAE;IACX,MAAM,CAAC,KAAK,EAAE,CAAC;IACf,IAAI,EAAE,CAAC;AACT,CAAC,CAAC,CAAC;AAEH,6BAA6B;AAC7B,QAAQ,CAAC,uBAAuB,EAAE,GAAG,EAAE;IACrC,EAAE,CAAC,0DAA0D,EAAE,IAAI,CAAC,EAAE;QACpE,cAAI;aACD,OAAO,CAAC,GAAG,CAAC;aACZ,GAAG,CAAC,iBAAiB,CAAC;aACtB,GAAG,CAAC,CAAC,GAAG,EAAE,GAAG,EAAE,EAAE;YAChB,IAAA,aAAM,EAAC,GAAG,CAAC,CAAC,EAAE,CAAC,IAAI,CAAC,MAAM,CAAC,GAAG,CAAC,CAAC;YAChC,IAAA,aAAM,EAAC,GAAG,CAAC,IAAI,CAAC,CAAC,EAAE,CAAC,KAAK,CACvB,0FAA0F,CAC3F,CAAC;YACF,IAAI,EAAE,CAAC;QACT,CAAC,CAAC,CAAC;IACP,CAAC,CAAC,CAAC;IAEH,EAAE,CAAC,qDAAqD,EAAE,IAAI,CAAC,EAAE;QAC/D,cAAI;aACD,OAAO,CAAC,GAAG,CAAC;aACZ,GAAG,CAAC,QAAQ,CAAC;aACb,GAAG,CAAC,CAAC,GAAG,EAAE,GAAG,EAAE,EAAE;YAChB,IAAA,aAAM,EAAC,GAAG,CAAC,CAAC,EAAE,CAAC,IAAI,CAAC,MAAM,CAAC,GAAG,CAAC,CAAC;YAChC,IAAA,aAAM,EAAC,GAAG,CAAC,IAAI,CAAC,CAAC,EAAE,CAAC,KAAK,CAAC,kBAAkB,CAAC,CAAC;YAC9C,IAAI,EAAE,CAAC;QACT,CAAC,CAAC,CAAC;IACP,CAAC,CAAC,CAAC;AACL,CAAC,CAAC,CAAC","sourcesContent":["import { configureServer } from '../config/server.config';\nimport chaiHttp from 'chai-http';\nimport dotenv from 'dotenv';\nimport chai, { expect } from 'chai';\nimport type { Server } from 'http';\ndotenv.config();\n\n// set up chai\nchai.use(chaiHttp);\nchai.should();\n\n// set up mock server\nconst app = configureServer();\nlet server: Server;\n\n// start mock server\nbefore(done => {\n  server = app.listen(2302, () => {\n    console.log('Mock server listening on port 2302');\n    done();\n  });\n});\n\n// close mock server\nafter(done => {\n  server.close();\n  done();\n});\n\n// test queryParameterExample\ndescribe('queryParameterExample', () => {\n  it('should return 418 and a message with the query parameter', done => {\n    chai\n      .request(app)\n      .get('/query?name=Bob')\n      .end((err, res) => {\n        expect(res).to.have.status(418);\n        expect(res.text).to.equal(\n          'I cant make coffee! Thanks for your request though, Bob. Great use of a query parameter!'\n        );\n        done();\n      });\n  });\n\n  it('should return 400 if no query parameter is provided', done => {\n    chai\n      .request(app)\n      .get('/query')\n      .end((err, res) => {\n        expect(res).to.have.status(400);\n        expect(res.text).to.equal('Name is required');\n        done();\n      });\n  });\n});\n"]},"_coverageSchema":"1a1c01bbd47fc00a2c39e90264f33305004495a9","hash":"2d0d4e29bea716c5805b0f2b2fa8721c970ba6b0","contentHash":"428ae023c5eaa79f800693f741dc8b4ff9e721692bf8ee5c5e205004d3807c5c"}}