{"/Users/sophiascomputer/Documents/vanderbilt/changeplusplus/MFbackend/miracleflightsbackend/src/tests/Examples.tests.ts":{"path":"/Users/sophiascomputer/Documents/vanderbilt/changeplusplus/MFbackend/miracleflightsbackend/src/tests/Examples.tests.ts","statementMap":{"0":{"start":{"line":2,"column":22},"end":{"line":12,"column":3}},"1":{"start":{"line":3,"column":4},"end":{"line":3,"column":33}},"2":{"start":{"line":3,"column":26},"end":{"line":3,"column":33}},"3":{"start":{"line":4,"column":15},"end":{"line":4,"column":52}},"4":{"start":{"line":5,"column":4},"end":{"line":7,"column":5}},"5":{"start":{"line":6,"column":6},"end":{"line":6,"column":68}},"6":{"start":{"line":6,"column":51},"end":{"line":6,"column":63}},"7":{"start":{"line":8,"column":4},"end":{"line":8,"column":39}},"8":{"start":{"line":10,"column":4},"end":{"line":10,"column":33}},"9":{"start":{"line":10,"column":26},"end":{"line":10,"column":33}},"10":{"start":{"line":11,"column":4},"end":{"line":11,"column":17}},"11":{"start":{"line":13,"column":25},"end":{"line":17,"column":2}},"12":{"start":{"line":14,"column":4},"end":{"line":14,"column":72}},"13":{"start":{"line":16,"column":4},"end":{"line":16,"column":21}},"14":{"start":{"line":18,"column":19},"end":{"line":24,"column":1}},"15":{"start":{"line":19,"column":4},"end":{"line":19,"column":42}},"16":{"start":{"line":19,"column":31},"end":{"line":19,"column":42}},"17":{"start":{"line":20,"column":17},"end":{"line":20,"column":19}},"18":{"start":{"line":21,"column":4},"end":{"line":21,"column":141}},"19":{"start":{"line":21,"column":21},"end":{"line":21,"column":141}},"20":{"start":{"line":21,"column":40},"end":{"line":21,"column":141}},"21":{"start":{"line":21,"column":109},"end":{"line":21,"column":141}},"22":{"start":{"line":22,"column":4},"end":{"line":22,"column":36}},"23":{"start":{"line":23,"column":4},"end":{"line":23,"column":18}},"24":{"start":{"line":25,"column":22},"end":{"line":27,"column":1}},"25":{"start":{"line":26,"column":4},"end":{"line":26,"column":62}},"26":{"start":{"line":28,"column":0},"end":{"line":28,"column":62}},"27":{"start":{"line":29,"column":24},"end":{"line":29,"column":58}},"28":{"start":{"line":30,"column":20},"end":{"line":30,"column":57}},"29":{"start":{"line":31,"column":17},"end":{"line":31,"column":51}},"30":{"start":{"line":32,"column":15},"end":{"line":32,"column":44}},"31":{"start":{"line":33,"column":0},"end":{"line":33,"column":26}},"32":{"start":{"line":35,"column":0},"end":{"line":35,"column":40}},"33":{"start":{"line":36,"column":0},"end":{"line":36,"column":24}},"34":{"start":{"line":38,"column":12},"end":{"line":38,"column":50}},"35":{"start":{"line":41,"column":0},"end":{"line":45,"column":3}},"36":{"start":{"line":42,"column":4},"end":{"line":44,"column":7}},"37":{"start":{"line":43,"column":8},"end":{"line":43,"column":15}},"38":{"start":{"line":47,"column":0},"end":{"line":50,"column":3}},"39":{"start":{"line":48,"column":4},"end":{"line":48,"column":19}},"40":{"start":{"line":49,"column":4},"end":{"line":49,"column":11}},"41":{"start":{"line":52,"column":0},"end":{"line":73,"column":3}},"42":{"start":{"line":53,"column":4},"end":{"line":62,"column":7}},"43":{"start":{"line":54,"column":8},"end":{"line":61,"column":11}},"44":{"start":{"line":59,"column":12},"end":{"line":59,"column":56}},"45":{"start":{"line":60,"column":12},"end":{"line":60,"column":19}},"46":{"start":{"line":63,"column":4},"end":{"line":72,"column":7}},"47":{"start":{"line":64,"column":8},"end":{"line":71,"column":11}},"48":{"start":{"line":69,"column":12},"end":{"line":69,"column":56}},"49":{"start":{"line":70,"column":12},"end":{"line":70,"column":19}},"50":{"start":{"line":75,"column":0},"end":{"line":96,"column":3}},"51":{"start":{"line":76,"column":4},"end":{"line":85,"column":7}},"52":{"start":{"line":77,"column":8},"end":{"line":84,"column":11}},"53":{"start":{"line":81,"column":12},"end":{"line":81,"column":56}},"54":{"start":{"line":82,"column":12},"end":{"line":82,"column":142}},"55":{"start":{"line":83,"column":12},"end":{"line":83,"column":19}},"56":{"start":{"line":86,"column":4},"end":{"line":95,"column":7}},"57":{"start":{"line":87,"column":8},"end":{"line":94,"column":11}},"58":{"start":{"line":91,"column":12},"end":{"line":91,"column":56}},"59":{"start":{"line":92,"column":12},"end":{"line":92,"column":70}},"60":{"start":{"line":93,"column":12},"end":{"line":93,"column":19}},"61":{"start":{"line":98,"column":0},"end":{"line":118,"column":3}},"62":{"start":{"line":99,"column":4},"end":{"line":108,"column":7}},"63":{"start":{"line":100,"column":8},"end":{"line":107,"column":11}},"64":{"start":{"line":104,"column":12},"end":{"line":104,"column":56}},"65":{"start":{"line":105,"column":12},"end":{"line":105,"column":141}},"66":{"start":{"line":106,"column":12},"end":{"line":106,"column":19}},"67":{"start":{"line":109,"column":4},"end":{"line":117,"column":7}},"68":{"start":{"line":110,"column":8},"end":{"line":116,"column":11}},"69":{"start":{"line":114,"column":12},"end":{"line":114,"column":56}},"70":{"start":{"line":115,"column":12},"end":{"line":115,"column":19}}},"fnMap":{"0":{"name":"(anonymous_0)","decl":{"start":{"line":2,"column":74},"end":{"line":2,"column":75}},"loc":{"start":{"line":2,"column":96},"end":{"line":9,"column":1}},"line":2},"1":{"name":"(anonymous_1)","decl":{"start":{"line":6,"column":38},"end":{"line":6,"column":39}},"loc":{"start":{"line":6,"column":49},"end":{"line":6,"column":65}},"line":6},"2":{"name":"(anonymous_2)","decl":{"start":{"line":9,"column":6},"end":{"line":9,"column":7}},"loc":{"start":{"line":9,"column":28},"end":{"line":12,"column":1}},"line":9},"3":{"name":"(anonymous_3)","decl":{"start":{"line":13,"column":80},"end":{"line":13,"column":81}},"loc":{"start":{"line":13,"column":95},"end":{"line":15,"column":1}},"line":13},"4":{"name":"(anonymous_4)","decl":{"start":{"line":15,"column":5},"end":{"line":15,"column":6}},"loc":{"start":{"line":15,"column":20},"end":{"line":17,"column":1}},"line":15},"5":{"name":"(anonymous_5)","decl":{"start":{"line":18,"column":50},"end":{"line":18,"column":51}},"loc":{"start":{"line":18,"column":65},"end":{"line":24,"column":1}},"line":18},"6":{"name":"(anonymous_6)","decl":{"start":{"line":25,"column":56},"end":{"line":25,"column":57}},"loc":{"start":{"line":25,"column":71},"end":{"line":27,"column":1}},"line":25},"7":{"name":"(anonymous_7)","decl":{"start":{"line":41,"column":7},"end":{"line":41,"column":8}},"loc":{"start":{"line":41,"column":15},"end":{"line":45,"column":1}},"line":41},"8":{"name":"(anonymous_8)","decl":{"start":{"line":42,"column":30},"end":{"line":42,"column":31}},"loc":{"start":{"line":42,"column":36},"end":{"line":44,"column":5}},"line":42},"9":{"name":"(anonymous_9)","decl":{"start":{"line":47,"column":6},"end":{"line":47,"column":7}},"loc":{"start":{"line":47,"column":14},"end":{"line":50,"column":1}},"line":47},"10":{"name":"(anonymous_10)","decl":{"start":{"line":52,"column":43},"end":{"line":52,"column":44}},"loc":{"start":{"line":52,"column":49},"end":{"line":73,"column":1}},"line":52},"11":{"name":"(anonymous_11)","decl":{"start":{"line":53,"column":39},"end":{"line":53,"column":40}},"loc":{"start":{"line":53,"column":47},"end":{"line":62,"column":5}},"line":53},"12":{"name":"(anonymous_12)","decl":{"start":{"line":58,"column":17},"end":{"line":58,"column":18}},"loc":{"start":{"line":58,"column":31},"end":{"line":61,"column":9}},"line":58},"13":{"name":"(anonymous_13)","decl":{"start":{"line":63,"column":39},"end":{"line":63,"column":40}},"loc":{"start":{"line":63,"column":47},"end":{"line":72,"column":5}},"line":63},"14":{"name":"(anonymous_14)","decl":{"start":{"line":68,"column":17},"end":{"line":68,"column":18}},"loc":{"start":{"line":68,"column":31},"end":{"line":71,"column":9}},"line":68},"15":{"name":"(anonymous_15)","decl":{"start":{"line":75,"column":34},"end":{"line":75,"column":35}},"loc":{"start":{"line":75,"column":40},"end":{"line":96,"column":1}},"line":75},"16":{"name":"(anonymous_16)","decl":{"start":{"line":76,"column":67},"end":{"line":76,"column":68}},"loc":{"start":{"line":76,"column":75},"end":{"line":85,"column":5}},"line":76},"17":{"name":"(anonymous_17)","decl":{"start":{"line":80,"column":17},"end":{"line":80,"column":18}},"loc":{"start":{"line":80,"column":31},"end":{"line":84,"column":9}},"line":80},"18":{"name":"(anonymous_18)","decl":{"start":{"line":86,"column":62},"end":{"line":86,"column":63}},"loc":{"start":{"line":86,"column":70},"end":{"line":95,"column":5}},"line":86},"19":{"name":"(anonymous_19)","decl":{"start":{"line":90,"column":17},"end":{"line":90,"column":18}},"loc":{"start":{"line":90,"column":31},"end":{"line":94,"column":9}},"line":90},"20":{"name":"(anonymous_20)","decl":{"start":{"line":98,"column":33},"end":{"line":98,"column":34}},"loc":{"start":{"line":98,"column":39},"end":{"line":118,"column":1}},"line":98},"21":{"name":"(anonymous_21)","decl":{"start":{"line":99,"column":66},"end":{"line":99,"column":67}},"loc":{"start":{"line":99,"column":74},"end":{"line":108,"column":5}},"line":99},"22":{"name":"(anonymous_22)","decl":{"start":{"line":103,"column":17},"end":{"line":103,"column":18}},"loc":{"start":{"line":103,"column":31},"end":{"line":107,"column":9}},"line":103},"23":{"name":"(anonymous_23)","decl":{"start":{"line":109,"column":61},"end":{"line":109,"column":62}},"loc":{"start":{"line":109,"column":69},"end":{"line":117,"column":5}},"line":109},"24":{"name":"(anonymous_24)","decl":{"start":{"line":113,"column":17},"end":{"line":113,"column":18}},"loc":{"start":{"line":113,"column":31},"end":{"line":116,"column":9}},"line":113}},"branchMap":{"0":{"loc":{"start":{"line":2,"column":22},"end":{"line":12,"column":3}},"type":"binary-expr","locations":[{"start":{"line":2,"column":23},"end":{"line":2,"column":27}},{"start":{"line":2,"column":31},"end":{"line":2,"column":51}},{"start":{"line":2,"column":57},"end":{"line":12,"column":2}}],"line":2},"1":{"loc":{"start":{"line":2,"column":57},"end":{"line":12,"column":2}},"type":"cond-expr","locations":[{"start":{"line":2,"column":74},"end":{"line":9,"column":1}},{"start":{"line":9,"column":6},"end":{"line":12,"column":1}}],"line":2},"2":{"loc":{"start":{"line":3,"column":4},"end":{"line":3,"column":33}},"type":"if","locations":[{"start":{"line":3,"column":4},"end":{"line":3,"column":33}},{"start":{"line":3,"column":4},"end":{"line":3,"column":33}}],"line":3},"3":{"loc":{"start":{"line":5,"column":4},"end":{"line":7,"column":5}},"type":"if","locations":[{"start":{"line":5,"column":4},"end":{"line":7,"column":5}},{"start":{"line":5,"column":4},"end":{"line":7,"column":5}}],"line":5},"4":{"loc":{"start":{"line":5,"column":8},"end":{"line":5,"column":85}},"type":"binary-expr","locations":[{"start":{"line":5,"column":8},"end":{"line":5,"column":13}},{"start":{"line":5,"column":18},"end":{"line":5,"column":84}}],"line":5},"5":{"loc":{"start":{"line":5,"column":18},"end":{"line":5,"column":84}},"type":"cond-expr","locations":[{"start":{"line":5,"column":34},"end":{"line":5,"column":47}},{"start":{"line":5,"column":50},"end":{"line":5,"column":84}}],"line":5},"6":{"loc":{"start":{"line":5,"column":50},"end":{"line":5,"column":84}},"type":"binary-expr","locations":[{"start":{"line":5,"column":50},"end":{"line":5,"column":63}},{"start":{"line":5,"column":67},"end":{"line":5,"column":84}}],"line":5},"7":{"loc":{"start":{"line":10,"column":4},"end":{"line":10,"column":33}},"type":"if","locations":[{"start":{"line":10,"column":4},"end":{"line":10,"column":33}},{"start":{"line":10,"column":4},"end":{"line":10,"column":33}}],"line":10},"8":{"loc":{"start":{"line":13,"column":25},"end":{"line":17,"column":2}},"type":"binary-expr","locations":[{"start":{"line":13,"column":26},"end":{"line":13,"column":30}},{"start":{"line":13,"column":34},"end":{"line":13,"column":57}},{"start":{"line":13,"column":63},"end":{"line":17,"column":1}}],"line":13},"9":{"loc":{"start":{"line":13,"column":63},"end":{"line":17,"column":1}},"type":"cond-expr","locations":[{"start":{"line":13,"column":80},"end":{"line":15,"column":1}},{"start":{"line":15,"column":5},"end":{"line":17,"column":1}}],"line":13},"10":{"loc":{"start":{"line":18,"column":19},"end":{"line":24,"column":1}},"type":"binary-expr","locations":[{"start":{"line":18,"column":20},"end":{"line":18,"column":24}},{"start":{"line":18,"column":28},"end":{"line":18,"column":45}},{"start":{"line":18,"column":50},"end":{"line":24,"column":1}}],"line":18},"11":{"loc":{"start":{"line":19,"column":4},"end":{"line":19,"column":42}},"type":"if","locations":[{"start":{"line":19,"column":4},"end":{"line":19,"column":42}},{"start":{"line":19,"column":4},"end":{"line":19,"column":42}}],"line":19},"12":{"loc":{"start":{"line":19,"column":8},"end":{"line":19,"column":29}},"type":"binary-expr","locations":[{"start":{"line":19,"column":8},"end":{"line":19,"column":11}},{"start":{"line":19,"column":15},"end":{"line":19,"column":29}}],"line":19},"13":{"loc":{"start":{"line":21,"column":4},"end":{"line":21,"column":141}},"type":"if","locations":[{"start":{"line":21,"column":4},"end":{"line":21,"column":141}},{"start":{"line":21,"column":4},"end":{"line":21,"column":141}}],"line":21},"14":{"loc":{"start":{"line":21,"column":40},"end":{"line":21,"column":141}},"type":"if","locations":[{"start":{"line":21,"column":40},"end":{"line":21,"column":141}},{"start":{"line":21,"column":40},"end":{"line":21,"column":141}}],"line":21},"15":{"loc":{"start":{"line":21,"column":44},"end":{"line":21,"column":107}},"type":"binary-expr","locations":[{"start":{"line":21,"column":44},"end":{"line":21,"column":59}},{"start":{"line":21,"column":63},"end":{"line":21,"column":107}}],"line":21},"16":{"loc":{"start":{"line":25,"column":22},"end":{"line":27,"column":1}},"type":"binary-expr","locations":[{"start":{"line":25,"column":23},"end":{"line":25,"column":27}},{"start":{"line":25,"column":31},"end":{"line":25,"column":51}},{"start":{"line":25,"column":56},"end":{"line":27,"column":1}}],"line":25},"17":{"loc":{"start":{"line":26,"column":11},"end":{"line":26,"column":61}},"type":"cond-expr","locations":[{"start":{"line":26,"column":37},"end":{"line":26,"column":40}},{"start":{"line":26,"column":43},"end":{"line":26,"column":61}}],"line":26},"18":{"loc":{"start":{"line":26,"column":12},"end":{"line":26,"column":33}},"type":"binary-expr","locations":[{"start":{"line":26,"column":12},"end":{"line":26,"column":15}},{"start":{"line":26,"column":19},"end":{"line":26,"column":33}}],"line":26}},"s":{"0":1,"1":10,"2":10,"3":10,"4":10,"5":10,"6":9,"7":10,"8":0,"9":0,"10":0,"11":1,"12":1,"13":0,"14":1,"15":1,"16":0,"17":1,"18":1,"19":1,"20":10,"21":10,"22":1,"23":1,"24":1,"25":2,"26":1,"27":1,"28":1,"29":1,"30":1,"31":1,"32":1,"33":1,"34":1,"35":1,"36":1,"37":1,"38":1,"39":1,"40":1,"41":1,"42":1,"43":1,"44":1,"45":1,"46":1,"47":1,"48":1,"49":1,"50":1,"51":1,"52":1,"53":1,"54":1,"55":1,"56":1,"57":1,"58":1,"59":1,"60":1,"61":1,"62":1,"63":1,"64":1,"65":1,"66":1,"67":1,"68":1,"69":1,"70":1},"f":{"0":10,"1":9,"2":0,"3":1,"4":0,"5":1,"6":2,"7":1,"8":1,"9":1,"10":1,"11":1,"12":1,"13":1,"14":1,"15":1,"16":1,"17":1,"18":1,"19":1,"20":1,"21":1,"22":1,"23":1,"24":1},"b":{"0":[1,1,1],"1":[1,0],"2":[10,0],"3":[10,0],"4":[10,10],"5":[0,10],"6":[10,0],"7":[0,0],"8":[1,1,1],"9":[1,0],"10":[1,1,1],"11":[0,1],"12":[1,1],"13":[1,0],"14":[10,0],"15":[10,10],"16":[1,1,1],"17":[0,2],"18":[2,2]},"inputSourceMap":{"version":3,"file":"/Users/sophiascomputer/Documents/vanderbilt/changeplusplus/MFbackend/miracleflightsbackend/src/tests/Examples.tests.ts","sources":["/Users/sophiascomputer/Documents/vanderbilt/changeplusplus/MFbackend/miracleflightsbackend/src/tests/Examples.tests.ts"],"names":[],"mappings":";;;;;;;;;;;;;;;;;;;;;;;;;;;;AAAA,2DAA0D;AAC1D,0DAAiC;AACjC,oDAA4B;AAC5B,6CAAoC;AAEpC,gBAAM,CAAC,MAAM,EAAE,CAAC;AAEhB,cAAc;AACd,cAAI,CAAC,GAAG,CAAC,mBAAQ,CAAC,CAAC;AACnB,cAAI,CAAC,MAAM,EAAE,CAAC;AAEd,qBAAqB;AACrB,MAAM,GAAG,GAAG,IAAA,+BAAe,GAAE,CAAC;AAC9B,IAAI,MAAc,CAAC;AAEnB,oBAAoB;AACpB,MAAM,CAAC,IAAI,CAAC,EAAE;IACZ,MAAM,GAAG,GAAG,CAAC,MAAM,CAAC,IAAI,EAAE,GAAG,EAAE;QAC7B,IAAI,EAAE,CAAC;IACT,CAAC,CAAC,CAAC;AACL,CAAC,CAAC,CAAC;AAEH,oBAAoB;AACpB,KAAK,CAAC,IAAI,CAAC,EAAE;IACX,MAAM,CAAC,KAAK,EAAE,CAAC;IACf,IAAI,EAAE,CAAC;AACT,CAAC,CAAC,CAAC;AAEH,YAAY;AACZ,QAAQ,CAAC,gCAAgC,EAAE,GAAG,EAAE;IAC9C,EAAE,CAAC,8BAA8B,EAAE,IAAI,CAAC,EAAE;QACxC,cAAI;aACD,OAAO,CAAC,GAAG,CAAC;aACZ,GAAG,CAAC,YAAY,CAAC;aACjB,IAAI,CAAC,EAAE,IAAI,EAAE,MAAM,EAAE,CAAC;aACtB,GAAG,CAAC,CAAC,GAAG,EAAE,GAAG,EAAE,EAAE;YAChB,IAAA,aAAM,EAAC,GAAG,CAAC,CAAC,EAAE,CAAC,IAAI,CAAC,MAAM,CAAC,GAAG,CAAC,CAAC;YAChC,IAAI,EAAE,CAAC;QACT,CAAC,CAAC,CAAC;IACP,CAAC,CAAC,CAAC;IACH,EAAE,CAAC,8BAA8B,EAAE,IAAI,CAAC,EAAE;QACxC,cAAI;aACD,OAAO,CAAC,GAAG,CAAC;aACZ,GAAG,CAAC,YAAY,CAAC;aACjB,IAAI,CAAC,EAAE,IAAI,EAAE,EAAE,EAAE,CAAC;aAClB,GAAG,CAAC,CAAC,GAAG,EAAE,GAAG,EAAE,EAAE;YAChB,IAAA,aAAM,EAAC,GAAG,CAAC,CAAC,EAAE,CAAC,IAAI,CAAC,MAAM,CAAC,GAAG,CAAC,CAAC;YAChC,IAAI,EAAE,CAAC;QACT,CAAC,CAAC,CAAC;IACP,CAAC,CAAC,CAAC;AACL,CAAC,CAAC,CAAC;AAEH,6BAA6B;AAC7B,QAAQ,CAAC,uBAAuB,EAAE,GAAG,EAAE;IACrC,EAAE,CAAC,0DAA0D,EAAE,IAAI,CAAC,EAAE;QACpE,cAAI;aACD,OAAO,CAAC,GAAG,CAAC;aACZ,GAAG,CAAC,sBAAsB,CAAC;aAC3B,GAAG,CAAC,CAAC,GAAG,EAAE,GAAG,EAAE,EAAE;YAChB,IAAA,aAAM,EAAC,GAAG,CAAC,CAAC,EAAE,CAAC,IAAI,CAAC,MAAM,CAAC,GAAG,CAAC,CAAC;YAChC,IAAA,aAAM,EAAC,GAAG,CAAC,IAAI,CAAC,CAAC,EAAE,CAAC,KAAK,CACvB,0FAA0F,CAC3F,CAAC;YACF,IAAI,EAAE,CAAC;QACT,CAAC,CAAC,CAAC;IACP,CAAC,CAAC,CAAC;IAEH,EAAE,CAAC,qDAAqD,EAAE,IAAI,CAAC,EAAE;QAC/D,cAAI;aACD,OAAO,CAAC,GAAG,CAAC;aACZ,GAAG,CAAC,aAAa,CAAC;aAClB,GAAG,CAAC,CAAC,GAAG,EAAE,GAAG,EAAE,EAAE;YAChB,IAAA,aAAM,EAAC,GAAG,CAAC,CAAC,EAAE,CAAC,IAAI,CAAC,MAAM,CAAC,GAAG,CAAC,CAAC;YAChC,IAAA,aAAM,EAAC,GAAG,CAAC,IAAI,CAAC,CAAC,EAAE,CAAC,KAAK,CAAC,kBAAkB,CAAC,CAAC;YAC9C,IAAI,EAAE,CAAC;QACT,CAAC,CAAC,CAAC;IACP,CAAC,CAAC,CAAC;AACL,CAAC,CAAC,CAAC;AAEH,6BAA6B;AAC7B,QAAQ,CAAC,sBAAsB,EAAE,GAAG,EAAE;IACpC,EAAE,CAAC,yDAAyD,EAAE,IAAI,CAAC,EAAE;QACnE,cAAI;aACD,OAAO,CAAC,GAAG,CAAC;aACZ,GAAG,CAAC,gBAAgB,CAAC;aACrB,GAAG,CAAC,CAAC,GAAG,EAAE,GAAG,EAAE,EAAE;YAChB,IAAA,aAAM,EAAC,GAAG,CAAC,CAAC,EAAE,CAAC,IAAI,CAAC,MAAM,CAAC,GAAG,CAAC,CAAC;YAChC,IAAA,aAAM,EAAC,GAAG,CAAC,IAAI,CAAC,CAAC,EAAE,CAAC,KAAK,CACvB,yFAAyF,CAC1F,CAAC;YACF,IAAI,EAAE,CAAC;QACT,CAAC,CAAC,CAAC;IACP,CAAC,CAAC,CAAC;IAEH,EAAE,CAAC,oDAAoD,EAAE,IAAI,CAAC,EAAE;QAC9D,cAAI;aACD,OAAO,CAAC,GAAG,CAAC;aACZ,GAAG,CAAC,YAAY,CAAC;aACjB,GAAG,CAAC,CAAC,GAAG,EAAE,GAAG,EAAE,EAAE;YAChB,IAAA,aAAM,EAAC,GAAG,CAAC,CAAC,EAAE,CAAC,IAAI,CAAC,MAAM,CAAC,GAAG,CAAC,CAAC;YAChC,IAAI,EAAE,CAAC;QACT,CAAC,CAAC,CAAC;IACP,CAAC,CAAC,CAAC;AACL,CAAC,CAAC,CAAC","sourcesContent":["import { configureServer } from '../config/server.config';\nimport chaiHttp from 'chai-http';\nimport dotenv from 'dotenv';\nimport chai, { expect } from 'chai';\nimport type { Server } from 'http';\ndotenv.config();\n\n// set up chai\nchai.use(chaiHttp);\nchai.should();\n\n// set up mock server\nconst app = configureServer();\nlet server: Server;\n\n// start mock server\nbefore(done => {\n  server = app.listen(1234, () => {\n    done();\n  });\n});\n\n// close mock server\nafter(done => {\n  server.close();\n  done();\n});\n\n// Test case\ndescribe('POST test/bodyParameterExample', () => {\n  it('should return a 418 response', done => {\n    chai\n      .request(app)\n      .get('/test/body')\n      .send({ name: 'Test' })\n      .end((err, res) => {\n        expect(res).to.have.status(418);\n        done();\n      });\n  });\n  it('should return a 400 response', done => {\n    chai\n      .request(app)\n      .get('/test/body')\n      .send({ name: '' })\n      .end((err, res) => {\n        expect(res).to.have.status(400);\n        done();\n      });\n  });\n});\n\n// test queryParameterExample\ndescribe('queryParameterExample', () => {\n  it('should return 418 and a message with the query parameter', done => {\n    chai\n      .request(app)\n      .get('/test/query?name=Bob')\n      .end((err, res) => {\n        expect(res).to.have.status(418);\n        expect(res.text).to.equal(\n          'I cant make coffee! Thanks for your request though, Bob. Great use of a query parameter!'\n        );\n        done();\n      });\n  });\n\n  it('should return 400 if no query parameter is provided', done => {\n    chai\n      .request(app)\n      .get('/test/query')\n      .end((err, res) => {\n        expect(res).to.have.status(400);\n        expect(res.text).to.equal('Name is required');\n        done();\n      });\n  });\n});\n\n// test queryParameterExample\ndescribe('pathParameterExample', () => {\n  it('should return 418 and a message with the path parameter', done => {\n    chai\n      .request(app)\n      .get('/test/path/Bob')\n      .end((err, res) => {\n        expect(res).to.have.status(418);\n        expect(res.text).to.equal(\n          'I cant make coffee! Thanks for your request though, Bob. Great use of a path parameter!'\n        );\n        done();\n      });\n  });\n\n  it('should return 404 if no path parameter is provided', done => {\n    chai\n      .request(app)\n      .get('/test/path')\n      .end((err, res) => {\n        expect(res).to.have.status(404);\n        done();\n      });\n  });\n});\n"]},"_coverageSchema":"1a1c01bbd47fc00a2c39e90264f33305004495a9","hash":"eb926cb7b384e7d6a00da1f77971d6942b26d85c","contentHash":"2878e325d3983cb49cce5718355d9c145d98425ba153981f7fbc4f218e33fe8a"},"/Users/sophiascomputer/Documents/vanderbilt/changeplusplus/MFbackend/miracleflightsbackend/src/config/server.config.ts":{"path":"/Users/sophiascomputer/Documents/vanderbilt/changeplusplus/MFbackend/miracleflightsbackend/src/config/server.config.ts","statementMap":{"0":{"start":{"line":2,"column":22},"end":{"line":4,"column":1}},"1":{"start":{"line":3,"column":4},"end":{"line":3,"column":62}},"2":{"start":{"line":5,"column":0},"end":{"line":5,"column":62}},"3":{"start":{"line":6,"column":0},"end":{"line":6,"column":33}},"4":{"start":{"line":7,"column":17},"end":{"line":7,"column":61}},"5":{"start":{"line":8,"column":18},"end":{"line":8,"column":53}},"6":{"start":{"line":9,"column":15},"end":{"line":9,"column":47}},"7":{"start":{"line":10,"column":17},"end":{"line":10,"column":51}},"8":{"start":{"line":11,"column":17},"end":{"line":11,"column":51}},"9":{"start":{"line":12,"column":24},"end":{"line":28,"column":1}},"10":{"start":{"line":13,"column":16},"end":{"line":13,"column":40}},"11":{"start":{"line":15,"column":4},"end":{"line":15,"column":38}},"12":{"start":{"line":16,"column":4},"end":{"line":16,"column":35}},"13":{"start":{"line":18,"column":4},"end":{"line":18,"column":37}},"14":{"start":{"line":19,"column":4},"end":{"line":19,"column":32}},"15":{"start":{"line":21,"column":4},"end":{"line":23,"column":5}},"16":{"start":{"line":22,"column":8},"end":{"line":22,"column":46}},"17":{"start":{"line":25,"column":4},"end":{"line":25,"column":31}},"18":{"start":{"line":27,"column":4},"end":{"line":27,"column":15}},"19":{"start":{"line":29,"column":0},"end":{"line":29,"column":42}}},"fnMap":{"0":{"name":"(anonymous_0)","decl":{"start":{"line":2,"column":56},"end":{"line":2,"column":57}},"loc":{"start":{"line":2,"column":71},"end":{"line":4,"column":1}},"line":2},"1":{"name":"(anonymous_1)","decl":{"start":{"line":12,"column":24},"end":{"line":12,"column":25}},"loc":{"start":{"line":12,"column":30},"end":{"line":28,"column":1}},"line":12}},"branchMap":{"0":{"loc":{"start":{"line":2,"column":22},"end":{"line":4,"column":1}},"type":"binary-expr","locations":[{"start":{"line":2,"column":23},"end":{"line":2,"column":27}},{"start":{"line":2,"column":31},"end":{"line":2,"column":51}},{"start":{"line":2,"column":56},"end":{"line":4,"column":1}}],"line":2},"1":{"loc":{"start":{"line":3,"column":11},"end":{"line":3,"column":61}},"type":"cond-expr","locations":[{"start":{"line":3,"column":37},"end":{"line":3,"column":40}},{"start":{"line":3,"column":43},"end":{"line":3,"column":61}}],"line":3},"2":{"loc":{"start":{"line":3,"column":12},"end":{"line":3,"column":33}},"type":"binary-expr","locations":[{"start":{"line":3,"column":12},"end":{"line":3,"column":15}},{"start":{"line":3,"column":19},"end":{"line":3,"column":33}}],"line":3},"3":{"loc":{"start":{"line":21,"column":4},"end":{"line":23,"column":5}},"type":"if","locations":[{"start":{"line":21,"column":4},"end":{"line":23,"column":5}},{"start":{"line":21,"column":4},"end":{"line":23,"column":5}}],"line":21}},"s":{"0":1,"1":5,"2":1,"3":1,"4":1,"5":1,"6":1,"7":1,"8":1,"9":1,"10":3,"11":3,"12":3,"13":3,"14":3,"15":3,"16":0,"17":3,"18":3,"19":1},"f":{"0":5,"1":3},"b":{"0":[1,1,1],"1":[1,4],"2":[5,5],"3":[0,3]},"inputSourceMap":{"version":3,"file":"/Users/sophiascomputer/Documents/vanderbilt/changeplusplus/MFbackend/miracleflightsbackend/src/config/server.config.ts","sources":["/Users/sophiascomputer/Documents/vanderbilt/changeplusplus/MFbackend/miracleflightsbackend/src/config/server.config.ts"],"names":[],"mappings":";;;;;;AAAA,8DAAsC;AACtC,sDAA8B;AAC9B,gDAAwB;AACxB,oDAA4B;AAC5B,oDAA4B;AAErB,MAAM,eAAe,GAAG,GAAG,EAAE;IAClC,MAAM,GAAG,GAAG,IAAA,iBAAO,GAAE,CAAC;IAEtB,aAAa;IACb,GAAG,CAAC,GAAG,CAAC,iBAAO,CAAC,IAAI,EAAE,CAAC,CAAC,CAAC,oBAAoB;IAC7C,GAAG,CAAC,GAAG,CAAC,IAAA,cAAI,GAAE,CAAC,CAAC,CAAC,cAAc;IAE/B,WAAW;IACX,GAAG,CAAC,GAAG,CAAC,IAAA,gBAAM,GAAE,CAAC,CAAC;IAClB,GAAG,CAAC,OAAO,CAAC,cAAc,CAAC,CAAC;IAE5B,UAAU;IACV,IAAI,OAAO,CAAC,GAAG,CAAC,WAAW,KAAK,MAAM,EAAE;QACtC,GAAG,CAAC,GAAG,CAAC,IAAA,gBAAM,EAAC,KAAK,CAAC,CAAC,CAAC;KACxB;IAED,SAAS;IACT,IAAA,gBAAM,EAAC,GAAG,CAAC,CAAC;IAEZ,oBAAoB;IACpB,OAAO,GAAG,CAAC;AACb,CAAC,CAAC;AArBW,QAAA,eAAe,mBAqB1B","sourcesContent":["import routes from '../routes/routes';\nimport express from 'express';\nimport cors from 'cors';\nimport helmet from 'helmet';\nimport morgan from 'morgan';\n\nexport const configureServer = () => {\n  const app = express();\n\n  // Middleware\n  app.use(express.json()); // Parse JSON bodies\n  app.use(cors()); // Enable CORS\n\n  // Security\n  app.use(helmet());\n  app.disable('x-powered-by');\n\n  // Logging\n  if (process.env.ENVIRONMENT !== 'test') {\n    app.use(morgan('dev'));\n  }\n\n  // Routes\n  routes(app);\n\n  // Create the server\n  return app;\n};\n"]},"_coverageSchema":"1a1c01bbd47fc00a2c39e90264f33305004495a9","hash":"f3d5b282877ce0c22f1fa3215f92dd3fbc2ddfda","contentHash":"224aa519ff2593d48165a13c02ac1ab328d6ad189b90aac452d156dc39871b61"},"/Users/sophiascomputer/Documents/vanderbilt/changeplusplus/MFbackend/miracleflightsbackend/src/routes/routes.ts":{"path":"/Users/sophiascomputer/Documents/vanderbilt/changeplusplus/MFbackend/miracleflightsbackend/src/routes/routes.ts","statementMap":{"0":{"start":{"line":2,"column":0},"end":{"line":2,"column":62}},"1":{"start":{"line":3,"column":31},"end":{"line":3,"column":77}},"2":{"start":{"line":4,"column":35},"end":{"line":4,"column":85}},"3":{"start":{"line":5,"column":32},"end":{"line":5,"column":95}},"4":{"start":{"line":6,"column":31},"end":{"line":6,"column":93}},"5":{"start":{"line":7,"column":31},"end":{"line":7,"column":93}},"6":{"start":{"line":8,"column":29},"end":{"line":8,"column":89}},"7":{"start":{"line":9,"column":26},"end":{"line":9,"column":67}},"8":{"start":{"line":10,"column":15},"end":{"line":35,"column":1}},"9":{"start":{"line":12,"column":4},"end":{"line":12,"column":61}},"10":{"start":{"line":12,"column":40},"end":{"line":12,"column":59}},"11":{"start":{"line":14,"column":4},"end":{"line":14,"column":53}},"12":{"start":{"line":16,"column":4},"end":{"line":16,"column":74}},"13":{"start":{"line":17,"column":4},"end":{"line":17,"column":78}},"14":{"start":{"line":18,"column":4},"end":{"line":18,"column":71}},"15":{"start":{"line":19,"column":4},"end":{"line":19,"column":81}},"16":{"start":{"line":21,"column":4},"end":{"line":21,"column":75}},"17":{"start":{"line":22,"column":4},"end":{"line":22,"column":71}},"18":{"start":{"line":23,"column":4},"end":{"line":23,"column":68}},"19":{"start":{"line":24,"column":4},"end":{"line":24,"column":70}},"20":{"start":{"line":26,"column":4},"end":{"line":26,"column":82}},"21":{"start":{"line":27,"column":4},"end":{"line":27,"column":78}},"22":{"start":{"line":28,"column":4},"end":{"line":28,"column":75}},"23":{"start":{"line":29,"column":4},"end":{"line":29,"column":77}},"24":{"start":{"line":31,"column":4},"end":{"line":33,"column":7}},"25":{"start":{"line":32,"column":8},"end":{"line":32,"column":52}},"26":{"start":{"line":34,"column":4},"end":{"line":34,"column":15}},"27":{"start":{"line":36,"column":0},"end":{"line":36,"column":25}}},"fnMap":{"0":{"name":"(anonymous_0)","decl":{"start":{"line":10,"column":15},"end":{"line":10,"column":16}},"loc":{"start":{"line":10,"column":24},"end":{"line":35,"column":1}},"line":10},"1":{"name":"(anonymous_1)","decl":{"start":{"line":12,"column":28},"end":{"line":12,"column":29}},"loc":{"start":{"line":12,"column":40},"end":{"line":12,"column":59}},"line":12},"2":{"name":"(anonymous_2)","decl":{"start":{"line":31,"column":12},"end":{"line":31,"column":13}},"loc":{"start":{"line":31,"column":24},"end":{"line":33,"column":5}},"line":31}},"branchMap":{},"s":{"0":1,"1":1,"2":1,"3":1,"4":1,"5":1,"6":1,"7":1,"8":1,"9":3,"10":0,"11":3,"12":3,"13":3,"14":3,"15":3,"16":3,"17":3,"18":3,"19":3,"20":3,"21":3,"22":3,"23":3,"24":3,"25":1,"26":3,"27":1},"f":{"0":3,"1":0,"2":1},"b":{},"inputSourceMap":{"version":3,"file":"/Users/sophiascomputer/Documents/vanderbilt/changeplusplus/MFbackend/miracleflightsbackend/src/routes/routes.ts","sources":["/Users/sophiascomputer/Documents/vanderbilt/changeplusplus/MFbackend/miracleflightsbackend/src/routes/routes.ts"],"names":[],"mappings":";;AAAA,8EAK6C;AAC7C,sFAKiD;AACjD,gGAA6F;AAC7F,8FAA2F;AAC3F,8FAA2F;AAC3F,0FAAuF;AACvF,oEAA4D;AAG5D,MAAM,MAAM,GAAG,CAAC,GAAY,EAAE,EAAE;IAC9B,cAAc;IACd,GAAG,CAAC,GAAG,CAAC,cAAc,EAAE,CAAC,CAAU,EAAE,GAAa,EAAE,EAAE,CAAC,GAAG,CAAC,UAAU,CAAC,GAAG,CAAC,CAAC,CAAC;IAE5E,qBAAqB;IACrB,GAAG,CAAC,IAAI,CAAC,QAAQ,EAAE,4BAAU,CAAC,CAAC;IAE/B,qBAAqB;IACrB,GAAG,CAAC,GAAG,CAAC,aAAa,EAAE,6CAAqB,CAAC,CAAC;IAC9C,GAAG,CAAC,GAAG,CAAC,mBAAmB,EAAE,2CAAoB,CAAC,CAAC;IACnD,GAAG,CAAC,GAAG,CAAC,YAAY,EAAE,2CAAoB,CAAC,CAAC;IAC5C,GAAG,CAAC,GAAG,CAAC,0BAA0B,EAAE,uCAAkB,CAAC,CAAC;IAExD,iCAAiC;IACjC,GAAG,CAAC,GAAG,CAAC,aAAa,EAAE,8CAAuB,CAAC,CAAC;IAChD,GAAG,CAAC,GAAG,CAAC,gBAAgB,EAAE,uCAAgB,CAAC,CAAC;IAC5C,GAAG,CAAC,IAAI,CAAC,aAAa,EAAE,sCAAe,CAAC,CAAC;IACzC,GAAG,CAAC,GAAG,CAAC,gBAAgB,EAAE,sCAAe,CAAC,CAAC;IAE3C,sCAAsC;IACtC,GAAG,CAAC,GAAG,CAAC,YAAY,EAAE,sDAA2B,CAAC,CAAC;IACnD,GAAG,CAAC,GAAG,CAAC,eAAe,EAAE,+CAAoB,CAAC,CAAC;IAC/C,GAAG,CAAC,IAAI,CAAC,YAAY,EAAE,8CAAmB,CAAC,CAAC;IAC5C,GAAG,CAAC,GAAG,CAAC,eAAe,EAAE,8CAAmB,CAAC,CAAC;IAE9C,MAAM;IACN,GAAG,CAAC,GAAG,CAAC,CAAC,CAAU,EAAE,GAAa,EAAE,EAAE;QACpC,GAAG,CAAC,MAAM,CAAC,GAAG,CAAC,CAAC,IAAI,CAAC,qBAAqB,CAAC,CAAC;IAC9C,CAAC,CAAC,CAAC;IAEH,OAAO,GAAG,CAAC;AACb,CAAC,CAAC;AAEF,kBAAe,MAAM,CAAC","sourcesContent":["import {\n  getAllPassengersForUser,\n  getPassengerById,\n  createPassenger,\n  updatePassenger,\n} from '../controllers/Passenger.controller';\nimport {\n  getAllFlightRequestsForUser,\n  getFlightRequestById,\n  createFlightRequest,\n  updateFlightRequest,\n} from '../controllers/FlightRequest.controller';\nimport { queryParameterExample } from '../controllers/TestControllers/queryParameterExample';\nimport { pathParameterExample } from '../controllers/TestControllers/pathParameterExample';\nimport { bodyParameterExample } from '../controllers/TestControllers/bodyParameterExample';\nimport { retrievePassengers } from '../controllers/TestControllers/retrievePassengers';\nimport { createUser } from '../controllers/User.controller';\nimport type { Express, Request, Response } from 'express';\n\nconst routes = (app: Express) => {\n  // healthcheck\n  app.get('/healthcheck', (_: Request, res: Response) => res.sendStatus(200));\n\n  /* User Controller */\n  app.post('/user/', createUser);\n\n  /* Test Controller */\n  app.get('/test/query', queryParameterExample);\n  app.get('/test/path/:value', pathParameterExample);\n  app.get('/test/body', bodyParameterExample);\n  app.get('/test/retrievePassengers', retrievePassengers);\n\n  /* Passenger Controller Routes */\n  app.get('/passenger/', getAllPassengersForUser);\n  app.get('/passenger/:id', getPassengerById);\n  app.post('/passenger/', createPassenger);\n  app.put('/passenger/:id', updatePassenger);\n\n  /* Flight Request Controller Routes */\n  app.get('/requests/', getAllFlightRequestsForUser);\n  app.get('/requests/:id', getFlightRequestById);\n  app.post('/requests/', createFlightRequest);\n  app.put('/requests/:id', updateFlightRequest);\n\n  // 404\n  app.use((_: Request, res: Response) => {\n    res.status(404).send('404: Page not found');\n  });\n\n  return app;\n};\n\nexport default routes;\n"]},"_coverageSchema":"1a1c01bbd47fc00a2c39e90264f33305004495a9","hash":"27507d19afb16b75dd3552dc7139dcf81d649f6a","contentHash":"375984be33bd44d8b1bb769a4f97966bac69e3506fca32bfd16155a1a68d8097"},"/Users/sophiascomputer/Documents/vanderbilt/changeplusplus/MFbackend/miracleflightsbackend/src/controllers/Passenger.controller.ts":{"path":"/Users/sophiascomputer/Documents/vanderbilt/changeplusplus/MFbackend/miracleflightsbackend/src/controllers/Passenger.controller.ts","statementMap":{"0":{"start":{"line":2,"column":16},"end":{"line":10,"column":1}},"1":{"start":{"line":3,"column":28},"end":{"line":3,"column":110}},"2":{"start":{"line":3,"column":91},"end":{"line":3,"column":106}},"3":{"start":{"line":4,"column":4},"end":{"line":9,"column":7}},"4":{"start":{"line":5,"column":36},"end":{"line":5,"column":97}},"5":{"start":{"line":5,"column":42},"end":{"line":5,"column":70}},"6":{"start":{"line":5,"column":85},"end":{"line":5,"column":95}},"7":{"start":{"line":6,"column":35},"end":{"line":6,"column":100}},"8":{"start":{"line":6,"column":41},"end":{"line":6,"column":73}},"9":{"start":{"line":6,"column":88},"end":{"line":6,"column":98}},"10":{"start":{"line":7,"column":32},"end":{"line":7,"column":116}},"11":{"start":{"line":8,"column":8},"end":{"line":8,"column":78}},"12":{"start":{"line":11,"column":22},"end":{"line":13,"column":1}},"13":{"start":{"line":12,"column":4},"end":{"line":12,"column":62}},"14":{"start":{"line":14,"column":0},"end":{"line":14,"column":62}},"15":{"start":{"line":15,"column":0},"end":{"line":15,"column":120}},"16":{"start":{"line":16,"column":20},"end":{"line":16,"column":48}},"17":{"start":{"line":17,"column":17},"end":{"line":17,"column":59}},"18":{"start":{"line":18,"column":15},"end":{"line":18,"column":38}},"19":{"start":{"line":19,"column":19},"end":{"line":19,"column":55}},"20":{"start":{"line":34,"column":32},"end":{"line":72,"column":2}},"21":{"start":{"line":34,"column":46},"end":{"line":72,"column":2}},"22":{"start":{"line":36,"column":19},"end":{"line":36,"column":28}},"23":{"start":{"line":37,"column":4},"end":{"line":39,"column":5}},"24":{"start":{"line":38,"column":8},"end":{"line":38,"column":71}},"25":{"start":{"line":40,"column":4},"end":{"line":40,"column":30}},"26":{"start":{"line":41,"column":17},"end":{"line":43,"column":32}},"27":{"start":{"line":44,"column":4},"end":{"line":71,"column":5}},"28":{"start":{"line":46,"column":8},"end":{"line":65,"column":11}},"29":{"start":{"line":47,"column":12},"end":{"line":64,"column":15}},"30":{"start":{"line":48,"column":16},"end":{"line":63,"column":17}},"31":{"start":{"line":49,"column":20},"end":{"line":49,"column":48}},"32":{"start":{"line":50,"column":20},"end":{"line":50,"column":27}},"33":{"start":{"line":54,"column":45},"end":{"line":54,"column":47}},"34":{"start":{"line":55,"column":58},"end":{"line":58,"column":23}},"35":{"start":{"line":55,"column":130},"end":{"line":58,"column":22}},"36":{"start":{"line":56,"column":42},"end":{"line":56,"column":86}},"37":{"start":{"line":57,"column":24},"end":{"line":57,"column":57}},"38":{"start":{"line":60,"column":20},"end":{"line":60,"column":69}},"39":{"start":{"line":61,"column":46},"end":{"line":61,"column":128}},"40":{"start":{"line":61,"column":82},"end":{"line":61,"column":127}},"41":{"start":{"line":62,"column":20},"end":{"line":62,"column":55}},"42":{"start":{"line":69,"column":8},"end":{"line":69,"column":27}},"43":{"start":{"line":70,"column":8},"end":{"line":70,"column":72}},"44":{"start":{"line":73,"column":0},"end":{"line":73,"column":58}},"45":{"start":{"line":87,"column":25},"end":{"line":94,"column":2}},"46":{"start":{"line":87,"column":39},"end":{"line":94,"column":2}},"47":{"start":{"line":91,"column":22},"end":{"line":91,"column":64}},"48":{"start":{"line":93,"column":4},"end":{"line":93,"column":36}},"49":{"start":{"line":95,"column":0},"end":{"line":95,"column":44}},"50":{"start":{"line":108,"column":24},"end":{"line":119,"column":2}},"51":{"start":{"line":108,"column":38},"end":{"line":119,"column":2}},"52":{"start":{"line":116,"column":22},"end":{"line":116,"column":64}},"53":{"start":{"line":118,"column":4},"end":{"line":118,"column":36}},"54":{"start":{"line":120,"column":0},"end":{"line":120,"column":42}},"55":{"start":{"line":133,"column":24},"end":{"line":144,"column":2}},"56":{"start":{"line":133,"column":38},"end":{"line":144,"column":2}},"57":{"start":{"line":141,"column":22},"end":{"line":141,"column":64}},"58":{"start":{"line":143,"column":4},"end":{"line":143,"column":36}},"59":{"start":{"line":145,"column":0},"end":{"line":145,"column":42}}},"fnMap":{"0":{"name":"(anonymous_0)","decl":{"start":{"line":2,"column":44},"end":{"line":2,"column":45}},"loc":{"start":{"line":2,"column":89},"end":{"line":10,"column":1}},"line":2},"1":{"name":"adopt","decl":{"start":{"line":3,"column":13},"end":{"line":3,"column":18}},"loc":{"start":{"line":3,"column":26},"end":{"line":3,"column":112}},"line":3},"2":{"name":"(anonymous_2)","decl":{"start":{"line":3,"column":70},"end":{"line":3,"column":71}},"loc":{"start":{"line":3,"column":89},"end":{"line":3,"column":108}},"line":3},"3":{"name":"(anonymous_3)","decl":{"start":{"line":4,"column":36},"end":{"line":4,"column":37}},"loc":{"start":{"line":4,"column":63},"end":{"line":9,"column":5}},"line":4},"4":{"name":"fulfilled","decl":{"start":{"line":5,"column":17},"end":{"line":5,"column":26}},"loc":{"start":{"line":5,"column":34},"end":{"line":5,"column":99}},"line":5},"5":{"name":"rejected","decl":{"start":{"line":6,"column":17},"end":{"line":6,"column":25}},"loc":{"start":{"line":6,"column":33},"end":{"line":6,"column":102}},"line":6},"6":{"name":"step","decl":{"start":{"line":7,"column":17},"end":{"line":7,"column":21}},"loc":{"start":{"line":7,"column":30},"end":{"line":7,"column":118}},"line":7},"7":{"name":"(anonymous_7)","decl":{"start":{"line":11,"column":56},"end":{"line":11,"column":57}},"loc":{"start":{"line":11,"column":71},"end":{"line":13,"column":1}},"line":11},"8":{"name":"(anonymous_8)","decl":{"start":{"line":34,"column":32},"end":{"line":34,"column":33}},"loc":{"start":{"line":34,"column":46},"end":{"line":72,"column":2}},"line":34},"9":{"name":"(anonymous_9)","decl":{"start":{"line":34,"column":80},"end":{"line":34,"column":81}},"loc":{"start":{"line":34,"column":93},"end":{"line":72,"column":1}},"line":34},"10":{"name":"(anonymous_10)","decl":{"start":{"line":46,"column":53},"end":{"line":46,"column":54}},"loc":{"start":{"line":46,"column":76},"end":{"line":65,"column":9}},"line":46},"11":{"name":"(anonymous_11)","decl":{"start":{"line":47,"column":51},"end":{"line":47,"column":52}},"loc":{"start":{"line":47,"column":64},"end":{"line":64,"column":13}},"line":47},"12":{"name":"(anonymous_12)","decl":{"start":{"line":55,"column":122},"end":{"line":55,"column":123}},"loc":{"start":{"line":55,"column":130},"end":{"line":58,"column":22}},"line":55},"13":{"name":"(anonymous_13)","decl":{"start":{"line":55,"column":162},"end":{"line":55,"column":163}},"loc":{"start":{"line":55,"column":175},"end":{"line":58,"column":21}},"line":55},"14":{"name":"(anonymous_14)","decl":{"start":{"line":61,"column":67},"end":{"line":61,"column":68}},"loc":{"start":{"line":61,"column":82},"end":{"line":61,"column":127}},"line":61},"15":{"name":"(anonymous_15)","decl":{"start":{"line":87,"column":25},"end":{"line":87,"column":26}},"loc":{"start":{"line":87,"column":39},"end":{"line":94,"column":2}},"line":87},"16":{"name":"(anonymous_16)","decl":{"start":{"line":87,"column":73},"end":{"line":87,"column":74}},"loc":{"start":{"line":87,"column":86},"end":{"line":94,"column":1}},"line":87},"17":{"name":"(anonymous_17)","decl":{"start":{"line":108,"column":24},"end":{"line":108,"column":25}},"loc":{"start":{"line":108,"column":38},"end":{"line":119,"column":2}},"line":108},"18":{"name":"(anonymous_18)","decl":{"start":{"line":108,"column":72},"end":{"line":108,"column":73}},"loc":{"start":{"line":108,"column":85},"end":{"line":119,"column":1}},"line":108},"19":{"name":"(anonymous_19)","decl":{"start":{"line":133,"column":24},"end":{"line":133,"column":25}},"loc":{"start":{"line":133,"column":38},"end":{"line":144,"column":2}},"line":133},"20":{"name":"(anonymous_20)","decl":{"start":{"line":133,"column":72},"end":{"line":133,"column":73}},"loc":{"start":{"line":133,"column":85},"end":{"line":144,"column":1}},"line":133}},"branchMap":{"0":{"loc":{"start":{"line":2,"column":16},"end":{"line":10,"column":1}},"type":"binary-expr","locations":[{"start":{"line":2,"column":17},"end":{"line":2,"column":21}},{"start":{"line":2,"column":25},"end":{"line":2,"column":39}},{"start":{"line":2,"column":44},"end":{"line":10,"column":1}}],"line":2},"1":{"loc":{"start":{"line":3,"column":35},"end":{"line":3,"column":109}},"type":"cond-expr","locations":[{"start":{"line":3,"column":56},"end":{"line":3,"column":61}},{"start":{"line":3,"column":64},"end":{"line":3,"column":109}}],"line":3},"2":{"loc":{"start":{"line":4,"column":16},"end":{"line":4,"column":34}},"type":"binary-expr","locations":[{"start":{"line":4,"column":16},"end":{"line":4,"column":17}},{"start":{"line":4,"column":22},"end":{"line":4,"column":33}}],"line":4},"3":{"loc":{"start":{"line":7,"column":32},"end":{"line":7,"column":115}},"type":"cond-expr","locations":[{"start":{"line":7,"column":46},"end":{"line":7,"column":67}},{"start":{"line":7,"column":70},"end":{"line":7,"column":115}}],"line":7},"4":{"loc":{"start":{"line":8,"column":51},"end":{"line":8,"column":67}},"type":"binary-expr","locations":[{"start":{"line":8,"column":51},"end":{"line":8,"column":61}},{"start":{"line":8,"column":65},"end":{"line":8,"column":67}}],"line":8},"5":{"loc":{"start":{"line":11,"column":22},"end":{"line":13,"column":1}},"type":"binary-expr","locations":[{"start":{"line":11,"column":23},"end":{"line":11,"column":27}},{"start":{"line":11,"column":31},"end":{"line":11,"column":51}},{"start":{"line":11,"column":56},"end":{"line":13,"column":1}}],"line":11},"6":{"loc":{"start":{"line":12,"column":11},"end":{"line":12,"column":61}},"type":"cond-expr","locations":[{"start":{"line":12,"column":37},"end":{"line":12,"column":40}},{"start":{"line":12,"column":43},"end":{"line":12,"column":61}}],"line":12},"7":{"loc":{"start":{"line":12,"column":12},"end":{"line":12,"column":33}},"type":"binary-expr","locations":[{"start":{"line":12,"column":12},"end":{"line":12,"column":15}},{"start":{"line":12,"column":19},"end":{"line":12,"column":33}}],"line":12},"8":{"loc":{"start":{"line":37,"column":4},"end":{"line":39,"column":5}},"type":"if","locations":[{"start":{"line":37,"column":4},"end":{"line":39,"column":5}},{"start":{"line":37,"column":4},"end":{"line":39,"column":5}}],"line":37},"9":{"loc":{"start":{"line":42,"column":16},"end":{"line":42,"column":50}},"type":"binary-expr","locations":[{"start":{"line":42,"column":16},"end":{"line":42,"column":44}},{"start":{"line":42,"column":48},"end":{"line":42,"column":50}}],"line":42},"10":{"loc":{"start":{"line":48,"column":16},"end":{"line":63,"column":17}},"type":"if","locations":[{"start":{"line":48,"column":16},"end":{"line":63,"column":17}},{"start":{"line":48,"column":16},"end":{"line":63,"column":17}}],"line":48}},"s":{"0":1,"1":15,"2":3,"3":16,"4":15,"5":15,"6":0,"7":0,"8":0,"9":0,"10":31,"11":16,"12":1,"13":2,"14":1,"15":1,"16":1,"17":1,"18":1,"19":1,"20":1,"21":4,"22":4,"23":4,"24":1,"25":3,"26":3,"27":3,"28":3,"29":3,"30":3,"31":0,"32":0,"33":3,"34":3,"35":9,"36":9,"37":9,"38":3,"39":3,"40":9,"41":3,"42":0,"43":0,"44":1,"45":1,"46":0,"47":0,"48":0,"49":1,"50":1,"51":0,"52":0,"53":0,"54":1,"55":1,"56":0,"57":0,"58":0,"59":1},"f":{"0":16,"1":15,"2":3,"3":16,"4":15,"5":0,"6":31,"7":2,"8":4,"9":4,"10":3,"11":3,"12":9,"13":9,"14":9,"15":0,"16":0,"17":0,"18":0,"19":0,"20":0},"b":{"0":[1,1,1],"1":[12,3],"2":[16,16],"3":[16,15],"4":[16,16],"5":[1,1,1],"6":[1,1],"7":[2,2],"8":[1,3],"9":[3,0],"10":[0,3]},"inputSourceMap":{"version":3,"file":"/Users/sophiascomputer/Documents/vanderbilt/changeplusplus/MFbackend/miracleflightsbackend/src/controllers/Passenger.controller.ts","sources":["/Users/sophiascomputer/Documents/vanderbilt/changeplusplus/MFbackend/miracleflightsbackend/src/controllers/Passenger.controller.ts"],"names":[],"mappings":";;;;;;;;;;;;;;;AAAA,iDAA4D;AAC5D,4DAAoC;AACpC,uCAA6C;AAC7C,wDAAgC;AAKhC;;;;;;;;;;;;;GAaG;AACI,MAAM,uBAAuB,GAAG,CAAO,GAAY,EAAE,GAAa,EAAE,EAAE;IAC3E,2CAA2C;IAE3C,MAAM,EAAE,EAAE,EAAE,GAAG,GAAG,CAAC,KAAK,CAAC;IAEzB,IAAI,CAAC,EAAE,EAAE;QACP,OAAO,GAAG,CAAC,MAAM,CAAC,GAAG,CAAC,CAAC,IAAI,CAAC,EAAE,KAAK,EAAE,sBAAsB,EAAE,CAAC,CAAC;KAChE;IAED,gBAAM,CAAC,IAAI,CAAC,EAAE,CAAC,CAAC;IAEhB,MAAM,IAAI,GAAG,IAAI,kBAAQ,CAAC;QACxB,MAAM,EAAE,OAAO,CAAC,GAAG,CAAC,gBAAgB,IAAI,EAAE;KAC3C,CAAC,CAAC,IAAI,CAAC,mBAAmB,CAAC,CAAC;IAE7B,IAAI;QACF,6DAA6D;QAC7D,MAAM,IAAI,CAAC,YAAY,CAAC,CAAC,IAAI,CAC3B,EAAE,CAAC,QAAQ,EAAE,EACb,UAAgB,GAAQ,EAAE,MAAuB;;gBAC/C,IAAI,GAAG,EAAE;oBACP,gBAAM,CAAC,KAAK,CAAC,GAAG,CAAC,CAAC;oBAClB,OAAO;iBACR;qBAAM;oBACL,qCAAqC;oBACrC,MAAM,gBAAgB,GAAG,EAAwB,CAAC;oBAClD,MAAM,6BAA6B,GAAG,MAAM,CAAC,QAAQ,CAAC,MAAM,CAC1D,mCAAmC,CACpC,CAAC,GAAG,CAAC,CAAO,EAAU,EAAE,EAAE;wBACzB,MAAM,SAAS,GAAG,MAAM,IAAI,CAAC,YAAY,CAAC,CAAC,IAAI,CAAC,EAAE,CAAC,QAAQ,EAAE,CAAC,CAAC;wBAC/D,gBAAgB,CAAC,IAAI,CAAC,SAAS,CAAC,CAAC;oBACnC,CAAC,CAAA,CAAC,CAAC;oBACH,kDAAkD;oBAClD,MAAM,OAAO,CAAC,GAAG,CAAC,6BAA6B,CAAC,CAAC;oBACjD,MAAM,iBAAiB,GAAG,gBAAgB,CAAC,GAAG,CAC5C,CAAC,SAA2B,EAAE,EAAE,CAC9B,IAAA,oBAAa,EAAC,SAAS,CAAC,QAAoC,CAAC,CAChE,CAAC;oBACF,OAAO,GAAG,CAAC,IAAI,CAAC,iBAAiB,CAAC,CAAC;iBACpC;YACH,CAAC;SAAA,CACF,CAAC;KACH;IAAC,OAAO,GAAQ,EAAE;QACjB,mDAAmD;QACnD,OAAO,CAAC,KAAK,CAAC,GAAG,CAAC,CAAC;QACnB,OAAO,GAAG,CAAC,MAAM,CAAC,GAAG,CAAC,CAAC,IAAI,CAAC,EAAE,KAAK,EAAE,uBAAuB,EAAE,CAAC,CAAC;KACjE;AACH,CAAC,CAAA,CAAC;AA/CW,QAAA,uBAAuB,2BA+ClC;AAEF;;;;;;;;;;;;GAYG;AACI,MAAM,gBAAgB,GAAG,CAAO,GAAY,EAAE,GAAa,EAAE,EAAE;IACpE,gDAAgD;IAChD,qCAAqC;IAErC,0BAA0B;IAC1B,MAAM,SAAS,GAAG,IAAA,mCAAuB,GAAE,CAAC;IAE5C,uBAAuB;IACvB,GAAG,CAAC,MAAM,CAAC,GAAG,CAAC,CAAC,IAAI,CAAC,SAAS,CAAC,CAAC;AAClC,CAAC,CAAA,CAAC;AATW,QAAA,gBAAgB,oBAS3B;AAEF;;;;;;;;;;;GAWG;AACI,MAAM,eAAe,GAAG,CAAO,GAAY,EAAE,GAAa,EAAE,EAAE;IACnE,2CAA2C;IAC3C,gCAAgC;IAEhC,+CAA+C;IAC/C,yBAAyB;IAEzB,wCAAwC;IACxC,MAAM;IAEN,0BAA0B;IAC1B,MAAM,SAAS,GAAG,IAAA,mCAAuB,GAAE,CAAC;IAE5C,+BAA+B;IAC/B,GAAG,CAAC,MAAM,CAAC,GAAG,CAAC,CAAC,IAAI,CAAC,SAAS,CAAC,CAAC;AAClC,CAAC,CAAA,CAAC;AAfW,QAAA,eAAe,mBAe1B;AAEF;;;;;;;;;;;GAWG;AACI,MAAM,eAAe,GAAG,CAAO,GAAY,EAAE,GAAa,EAAE,EAAE;IACnE,gDAAgD;IAChD,qCAAqC;IAErC,+CAA+C;IAC/C,yBAAyB;IAEzB,wCAAwC;IACxC,MAAM;IAEN,0BAA0B;IAC1B,MAAM,SAAS,GAAG,IAAA,mCAAuB,GAAE,CAAC;IAE5C,+BAA+B;IAC/B,GAAG,CAAC,MAAM,CAAC,GAAG,CAAC,CAAC,IAAI,CAAC,SAAS,CAAC,CAAC;AAClC,CAAC,CAAA,CAAC;AAfW,QAAA,eAAe,mBAe1B","sourcesContent":["import { createTestPassengerData } from '../data/test-data';\nimport logger from '../util/logger';\nimport { trimPassenger } from '../util/trim';\nimport Airtable from 'airtable';\nimport type { FieldSet, Record } from 'airtable';\nimport type { PassengerData } from '../interfaces/passenger/passenger.interface';\nimport type { Request, Response } from 'express';\n\n/**\n * This function returns all passengers connected to a user\n *\n * Steps to complete:\n * 1. Get the userId from the query parameters, if it doesn't exist return a 400\n * 2. Make a call to AirTable to get all passengers for the user, if that fails return a 500 (hint, use try/catch)\n *   If there are no passengers for the user return a 400. (hint: use the AirTable API, see TestControllers/retrievePassengers.ts for an example)\n *  Another hint - we will be filtering by the \"Passenger ID\" field in the AirTable\n * 3. Remove any unnecessary data from the passengers (there is a lot of data in the AirTable response we don't need)\n * 4. Return the passengers for the user\n *\n * @param req - the request object\n * @param res - the response object\n */\nexport const getAllPassengersForUser = async (req: Request, res: Response) => {\n  // get the userId from the query parameters\n\n  const { id } = req.query;\n\n  if (!id) {\n    return res.status(400).json({ error: 'Passenger ID missing' });\n  }\n\n  logger.info(id);\n\n  const base = new Airtable({\n    apiKey: process.env.AIRTABLE_API_KEY || '',\n  }).base('appwPsfAb6U8CV3mf');\n\n  try {\n    // make a call to AirTable to get all passengers for the user\n    await base('Passengers').find(\n      id.toString(),\n      async function (err: any, record: any | undefined) {\n        if (err) {\n          logger.error(err);\n          return;\n        } else {\n          // get related passengers information\n          const accompPassengers = [] as Record<FieldSet>[];\n          const accompanyingPassengersPromise = record._rawJson.fields[\n            'Related Accompanying Passenger(s)'\n          ].map(async (id: string) => {\n            const passenger = await base('Passengers').find(id.toString());\n            accompPassengers.push(passenger);\n          });\n          // Remove any unnecessary data from the passengers\n          await Promise.all(accompanyingPassengersPromise);\n          const trimmedPassengers = accompPassengers.map(\n            (passenger: Record<FieldSet>) =>\n              trimPassenger(passenger._rawJson as unknown as PassengerData)\n          );\n          return res.send(trimmedPassengers);\n        }\n      }\n    );\n  } catch (err: any) {\n    // if that fails return a 500 (hint, use try/catch)\n    console.error(err);\n    return res.status(500).json({ error: 'Error fetching record' });\n  }\n};\n\n/**\n * This function returns a passenger for a given passengerId\n *\n * Steps to complete:\n * 1. Get the passengerId from the query parameters, if it doesn't exist return a 400\n * 2. Make a call to AirTable to get the passenger, if that fails return a 500 (hint, use try/catch)\n *   If there is no passenger for the passengerId return a 400. (hint: use the AirTable API, see TestControllers/retrievePassengers.ts for an example)\n * 3. Remove any unnecessary data from the passenger (there is a lot of data in the AirTable response we don't need)\n * 4. Return the passenger\n *\n * @param req - the request object\n * @param res - the response object\n */\nexport const getPassengerById = async (req: Request, res: Response) => {\n  // get the passengerId from the query parameters\n  // const { passengerId } = req.query;\n\n  // create a fake passenger\n  const passenger = createTestPassengerData();\n\n  // return the passenger\n  res.status(200).send(passenger);\n};\n\n/**\n * This function creates a passenger for a given user\n *\n * Steps to complete:\n * 1. Get the userId from the query parameters, if it doesn't exist return a 400\n * 2. Get the passenger data from the request body, if it doesn't exist return a 400\n * 3. Make a call to AirTable to create the passenger, if that fails return a 500 (hint, use try/catch)\n * 4. Return the created passenger\n *\n * @param req - the request object\n * @param res - the response object\n */\nexport const createPassenger = async (req: Request, res: Response) => {\n  // get the userId from the query parameters\n  // const { userId } = req.query;\n\n  // get the passenger data from the request body\n  // const data = req.body;\n\n  // validate the passenger data using Joi\n  // ...\n\n  // create a fake passenger\n  const passenger = createTestPassengerData();\n\n  // return the created passenger\n  res.status(200).send(passenger);\n};\n\n/**\n * This function updates a passenger for a given user\n *\n * Steps to complete:\n * 1. Get the passengerId from the query parameters, if it doesn't exist return a 400\n * 2. Get the passenger data from the request body, if it doesn't exist return a 400\n * 3. Make a call to AirTable to update the passenger, if that fails return a 500 (hint, use try/catch)\n * 4. Return the updated passenger\n *\n * @param req - the request object\n * @param res - the response object\n */\nexport const updatePassenger = async (req: Request, res: Response) => {\n  // get the passengerId from the query parameters\n  // const { passengerId } = req.query;\n\n  // get the passenger data from the request body\n  // const data = req.body;\n\n  // validate the passenger data using Joi\n  // ...\n\n  // create a fake passenger\n  const passenger = createTestPassengerData();\n\n  // return the updated passenger\n  res.status(200).send(passenger);\n};\n"]},"_coverageSchema":"1a1c01bbd47fc00a2c39e90264f33305004495a9","hash":"7707db51e17639e0cb6ab9b64a9b09e7205cef14","contentHash":"9cd7f44ff0f0dc4ffd894f18c50b83029210223081e2a5f51b5fda935510e6d2"},"/Users/sophiascomputer/Documents/vanderbilt/changeplusplus/MFbackend/miracleflightsbackend/src/data/test-data.ts":{"path":"/Users/sophiascomputer/Documents/vanderbilt/changeplusplus/MFbackend/miracleflightsbackend/src/data/test-data.ts","statementMap":{"0":{"start":{"line":2,"column":0},"end":{"line":2,"column":62}},"1":{"start":{"line":3,"column":0},"end":{"line":3,"column":113}},"2":{"start":{"line":4,"column":20},"end":{"line":4,"column":42}},"3":{"start":{"line":5,"column":16},"end":{"line":5,"column":42}},"4":{"start":{"line":12,"column":32},"end":{"line":117,"column":1}},"5":{"start":{"line":13,"column":22},"end":{"line":13,"column":54}},"6":{"start":{"line":14,"column":21},"end":{"line":14,"column":52}},"7":{"start":{"line":15,"column":21},"end":{"line":15,"column":60}},"8":{"start":{"line":16,"column":27},"end":{"line":18,"column":22}},"9":{"start":{"line":16,"column":40},"end":{"line":18,"column":22}},"10":{"start":{"line":19,"column":4},"end":{"line":116,"column":216}},"11":{"start":{"line":118,"column":0},"end":{"line":118,"column":58}},"12":{"start":{"line":125,"column":32},"end":{"line":256,"column":125}},"13":{"start":{"line":125,"column":54},"end":{"line":256,"column":124}},"14":{"start":{"line":257,"column":0},"end":{"line":257,"column":58}},"15":{"start":{"line":264,"column":36},"end":{"line":424,"column":297}},"16":{"start":{"line":264,"column":58},"end":{"line":424,"column":296}},"17":{"start":{"line":425,"column":0},"end":{"line":425,"column":66}}},"fnMap":{"0":{"name":"(anonymous_0)","decl":{"start":{"line":12,"column":32},"end":{"line":12,"column":33}},"loc":{"start":{"line":12,"column":53},"end":{"line":117,"column":1}},"line":12},"1":{"name":"(anonymous_1)","decl":{"start":{"line":16,"column":27},"end":{"line":16,"column":28}},"loc":{"start":{"line":16,"column":40},"end":{"line":18,"column":22}},"line":16},"2":{"name":"(anonymous_2)","decl":{"start":{"line":125,"column":32},"end":{"line":125,"column":33}},"loc":{"start":{"line":125,"column":54},"end":{"line":256,"column":124}},"line":125},"3":{"name":"(anonymous_3)","decl":{"start":{"line":264,"column":36},"end":{"line":264,"column":37}},"loc":{"start":{"line":264,"column":58},"end":{"line":424,"column":296}},"line":264}},"branchMap":{"0":{"loc":{"start":{"line":12,"column":33},"end":{"line":12,"column":48}},"type":"default-arg","locations":[{"start":{"line":12,"column":46},"end":{"line":12,"column":48}}],"line":12},"1":{"loc":{"start":{"line":125,"column":33},"end":{"line":125,"column":48}},"type":"default-arg","locations":[{"start":{"line":125,"column":46},"end":{"line":125,"column":48}}],"line":125},"2":{"loc":{"start":{"line":264,"column":37},"end":{"line":264,"column":52}},"type":"default-arg","locations":[{"start":{"line":264,"column":50},"end":{"line":264,"column":52}}],"line":264}},"s":{"0":1,"1":1,"2":1,"3":1,"4":1,"5":1,"6":1,"7":1,"8":1,"9":1,"10":1,"11":1,"12":1,"13":1,"14":1,"15":1,"16":1,"17":1},"f":{"0":1,"1":1,"2":1,"3":1},"b":{"0":[1],"1":[1],"2":[1]},"inputSourceMap":{"version":3,"file":"/Users/sophiascomputer/Documents/vanderbilt/changeplusplus/MFbackend/miracleflightsbackend/src/data/test-data.ts","sources":["/Users/sophiascomputer/Documents/vanderbilt/changeplusplus/MFbackend/miracleflightsbackend/src/data/test-data.ts"],"names":[],"mappings":";;;AAAA,2CAAuC;AACvC,2CAAwC;AAKxC;;;;;GAKG;AACI,MAAM,uBAAuB,GAAG,CACrC,aAAqC,EAAE,EACxB,EAAE;IACjB,MAAM,SAAS,GAAG,aAAK,CAAC,MAAM,CAAC,SAAS,EAAE,CAAC;IAC3C,MAAM,QAAQ,GAAG,aAAK,CAAC,MAAM,CAAC,QAAQ,EAAE,CAAC;IACzC,MAAM,QAAQ,GAAG,aAAK,CAAC,IAAI,CAAC,IAAI,EAAE,CAAC,WAAW,EAAE,CAAC;IACjD,MAAM,cAAc,GAAG,CAAC,OAAe,EAAE,EAAE,CACzC,IAAI,IAAI,CAAC,IAAI,IAAI,CAAC,OAAO,CAAC,CAAC,OAAO,EAAE,GAAG,EAAE,GAAG,EAAE,GAAG,EAAE,GAAG,IAAI,CAAC;SACxD,WAAW,EAAE;SACb,KAAK,CAAC,GAAG,CAAC,CAAC,CAAC,CAAC,CAAC;IAEnB,uBACE,EAAE,EAAE,aAAK,CAAC,MAAM,CAAC,IAAI,EAAE,EACvB,WAAW,EAAE,aAAK,CAAC,IAAI,CAAC,MAAM,EAAE,CAAC,WAAW,EAAE,EAC9C,MAAM,kBACJ,IAAI,EAAE,aAAK,CAAC,OAAO,CAAC,YAAY,CAAC;gBAC/B,SAAS;gBACT,wBAAwB;gBACxB,sBAAsB;aACvB,CAAC,EACF,YAAY,EAAE,SAAS,EACvB,WAAW,EAAE,QAAQ,EACrB,eAAe,EAAE,QAAQ,EACzB,MAAM,EAAE,aAAK,CAAC,OAAO,CAAC,YAAY,CAAC,CAAC,QAAQ,EAAE,MAAM,CAAC,CAAC,EACtD,MAAM,EAAE,aAAK,CAAC,QAAQ,CAAC,aAAa,EAAE,EACtC,OAAO,EAAE,aAAK,CAAC,QAAQ,CAAC,OAAO,EAAE,EACjC,KAAK,EAAE,aAAK,CAAC,QAAQ,CAAC,KAAK,CAAC;gBAC1B,SAAS,EAAE,SAAS;gBACpB,QAAQ,EAAE,QAAQ;aACnB,CAAC,EACF,kBAAkB,EAAE,aAAK,CAAC,MAAM,CAAC,GAAG,CAAC;gBACnC,GAAG,EAAE,IAAI;gBACT,GAAG,EAAE,MAAM;aACZ,CAAC,EACF,gBAAgB,EAAE,aAAK,CAAC,MAAM,CAAC,GAAG,CAAC;gBACjC,GAAG,EAAE,CAAC;gBACN,GAAG,EAAE,CAAC;aACP,CAAC,EACF,SAAS,EAAE,aAAK,CAAC,OAAO,CAAC,aAAa,CACpC;gBACE,kCAAkC;gBAClC,OAAO;gBACP,2BAA2B;gBAC3B,oBAAoB;gBACpB,2CAA2C;gBAC3C,OAAO;gBACP,OAAO;aACR,EACD,aAAK,CAAC,MAAM,CAAC,GAAG,CAAC;gBACf,GAAG,EAAE,CAAC;gBACN,GAAG,EAAE,CAAC;aACP,CAAC,CACH,EACD,kBAAkB,EAAE,aAAK,CAAC,OAAO,CAAC,YAAY,CAAC;gBAC7C,QAAQ;gBACR,SAAS;gBACT,gBAAgB;aACjB,CAAC,EACF,iBAAiB,EAAE,aAAK,CAAC,OAAO,CAAC,aAAa,CAC5C,CAAC,MAAM,EAAE,QAAQ,EAAE,QAAQ,EAAE,QAAQ,EAAE,OAAO,CAAC,EAC/C,aAAK,CAAC,MAAM,CAAC,GAAG,CAAC;gBACf,GAAG,EAAE,CAAC;gBACN,GAAG,EAAE,CAAC;aACP,CAAC,CACH,EACD,2BAA2B,EAAE,aAAK,CAAC,OAAO,CAAC,aAAa,CACtD,CAAC,cAAc,EAAE,iBAAiB,EAAE,kBAAkB,EAAE,OAAO,CAAC,EAChE,aAAK,CAAC,MAAM,CAAC,GAAG,CAAC;gBACf,GAAG,EAAE,CAAC;gBACN,GAAG,EAAE,CAAC;aACP,CAAC,CACH,EACD,qBAAqB,EAAE,aAAK,CAAC,OAAO,CAAC,aAAa,EAAE,EACpD,iBAAiB,EAAE,aAAK,CAAC,OAAO,CAAC,aAAa,CAC5C,CAAC,aAAK,CAAC,MAAM,CAAC,IAAI,EAAE,EAAE,aAAK,CAAC,MAAM,CAAC,IAAI,EAAE,EAAE,aAAK,CAAC,MAAM,CAAC,IAAI,EAAE,CAAC,EAC/D,aAAK,CAAC,MAAM,CAAC,GAAG,CAAC;gBACf,GAAG,EAAE,CAAC;gBACN,GAAG,EAAE,CAAC;aACP,CAAC,CACH,EACD,SAAS,EAAE,aAAK,CAAC,OAAO,CAAC,aAAa,CACpC,CAAC,aAAK,CAAC,MAAM,CAAC,IAAI,EAAE,EAAE,aAAK,CAAC,MAAM,CAAC,IAAI,EAAE,EAAE,aAAK,CAAC,MAAM,CAAC,IAAI,EAAE,CAAC,EAC/D,aAAK,CAAC,MAAM,CAAC,GAAG,CAAC;gBACf,GAAG,EAAE,CAAC;gBACN,GAAG,EAAE,CAAC;aACP,CAAC,CACH,EACD,yBAAyB,EAAE,EAAE,EAC7B,cAAc,EAAE,aAAK,CAAC,MAAM,CAAC,IAAI,EAAE,EACnC,oBAAoB,EAAE,aAAK,CAAC,MAAM,CAAC,IAAI,EAAE,EACzC,kBAAkB,EAAE,aAAK,CAAC,MAAM,CAAC,GAAG,CAAC;gBACnC,GAAG,EAAE,CAAC;gBACN,GAAG,EAAE,EAAE;aACR,CAAC,EACF,uCAAuC,EAAE,aAAK,CAAC,MAAM,CAAC,GAAG,CAAC;gBACxD,GAAG,EAAE,CAAC;gBACN,GAAG,EAAE,CAAC;aACP,CAAC,EACF,sCAAsC,EAAE,aAAK,CAAC,MAAM,CAAC,GAAG,CAAC;gBACvD,GAAG,EAAE,CAAC;gBACN,GAAG,EAAE,CAAC;aACP,CAAC,EACF,sCAAsC,EAAE,aAAK,CAAC,MAAM,CAAC,GAAG,CAAC;gBACvD,GAAG,EAAE,CAAC;gBACN,GAAG,EAAE,CAAC;aACP,CAAC,EACF,4CAA4C,EAAE,aAAK,CAAC,MAAM,CAAC,GAAG,CAAC;gBAC7D,GAAG,EAAE,CAAC;gBACN,GAAG,EAAE,CAAC;aACP,CAAC,EACF,6BAA6B,EAAE,aAAK,CAAC,MAAM,CAAC,GAAG,CAAC;gBAC9C,GAAG,EAAE,CAAC;gBACN,GAAG,EAAE,EAAE;aACR,CAAC,EACF,4CAA4C,EAAE,aAAK,CAAC,OAAO,CAAC,aAAa,CACvE;gBACE,aAAK,CAAC,IAAI,CAAC,MAAM,EAAE,CAAC,WAAW,EAAE;gBACjC,aAAK,CAAC,IAAI,CAAC,MAAM,EAAE,CAAC,WAAW,EAAE;gBACjC,aAAK,CAAC,IAAI,CAAC,MAAM,EAAE,CAAC,WAAW,EAAE;aAClC,EACD,aAAK,CAAC,MAAM,CAAC,GAAG,CAAC;gBACf,GAAG,EAAE,CAAC;gBACN,GAAG,EAAE,CAAC;aACP,CAAC,CACH,EACD,qCAAqC,EAAE,EAAE,EACzC,uCAAuC,EAAE,EAAE,EAC3C,4BAA4B,EAAE,aAAK,CAAC,OAAO,CAAC,aAAa,CACvD;gBACE,aAAK,CAAC,MAAM,CAAC,GAAG,CAAC;oBACf,GAAG,EAAE,CAAC;oBACN,GAAG,EAAE,KAAK;iBACX,CAAC;gBACF,aAAK,CAAC,MAAM,CAAC,GAAG,CAAC;oBACf,GAAG,EAAE,CAAC;oBACN,GAAG,EAAE,KAAK;iBACX,CAAC;gBACF,aAAK,CAAC,MAAM,CAAC,GAAG,CAAC;oBACf,GAAG,EAAE,CAAC;oBACN,GAAG,EAAE,KAAK;iBACX,CAAC;aACH,EACD,aAAK,CAAC,MAAM,CAAC,GAAG,CAAC;gBACf,GAAG,EAAE,CAAC;gBACN,GAAG,EAAE,CAAC;aACP,CAAC,CACH,EACD,aAAa,EAAE,aAAK,CAAC,IAAI,CAAC,KAAK,EAAE,EACjC,WAAW,EAAE,GAAG,SAAS,IAAI,QAAQ,EAAE,EACvC,wCAAwC,EAAE,aAAK,CAAC,OAAO,CAAC,aAAa,CACnE;gBACE,GAAG,aAAK,CAAC,MAAM,CAAC,SAAS,EAAE,IAAI,aAAK,CAAC,MAAM,CAAC,QAAQ,EAAE,EAAE;gBACxD,GAAG,aAAK,CAAC,MAAM,CAAC,SAAS,EAAE,IAAI,aAAK,CAAC,MAAM,CAAC,QAAQ,EAAE,EAAE;gBACxD,GAAG,aAAK,CAAC,MAAM,CAAC,SAAS,EAAE,IAAI,aAAK,CAAC,MAAM,CAAC,QAAQ,EAAE,EAAE;aACzD,EACD,aAAK,CAAC,MAAM,CAAC,GAAG,CAAC;gBACf,GAAG,EAAE,CAAC;gBACN,GAAG,EAAE,CAAC;aACP,CAAC,CACH,EACD,8BAA8B,EAAE,aAAK,CAAC,MAAM,CAAC,GAAG,CAAC;gBAC/C,GAAG,EAAE,CAAC;gBACN,GAAG,EAAE,CAAC;aACP,CAAC,EACF,GAAG,EAAE,aAAK,CAAC,MAAM,CAAC,GAAG,CAAC;gBACpB,GAAG,EAAE,CAAC;gBACN,GAAG,EAAE,EAAE;aACR,CAAC,EACF,QAAQ,EAAE,QAAQ,EAClB,qBAAqB,EAAE,cAAc,CAAC,QAAQ,CAAC,EAC/C,oCAAoC,EAAE,aAAK,CAAC,OAAO,CAAC,aAAa,CAC/D,CAAC,aAAK,CAAC,OAAO,CAAC,IAAI,EAAE,EAAE,aAAK,CAAC,OAAO,CAAC,IAAI,EAAE,EAAE,aAAK,CAAC,OAAO,CAAC,IAAI,EAAE,CAAC,EAClE,aAAK,CAAC,MAAM,CAAC,GAAG,CAAC;gBACf,GAAG,EAAE,CAAC;gBACN,GAAG,EAAE,CAAC;aACP,CAAC,CACH,EACD,OAAO,EAAE,aAAK,CAAC,IAAI,CAAC,MAAM,EAAE,CAAC,WAAW,EAAE,EAC1C,aAAa,EAAE,aAAK,CAAC,IAAI,CAAC,MAAM,EAAE,CAAC,WAAW,EAAE,EAChD,+CAA+C,EAAE,EAAE,IAChD,UAAU,CAAC,MAAM,KAEnB,UAAU,EACb;AACJ,CAAC,CAAC;AAxLW,QAAA,uBAAuB,2BAwLlC;AAEF;;;;;GAKG;AACI,MAAM,uBAAuB,GAAG,CACrC,aAAqC,EAAE,EACvC,EAAE,CAAC,iBACH,EAAE,EAAE,aAAK,CAAC,MAAM,CAAC,IAAI,EAAE,EACvB,WAAW,EAAE,aAAK,CAAC,IAAI,CAAC,MAAM,EAAE,CAAC,WAAW,EAAE,EAC9C,MAAM,kBACJ,MAAM,EAAE,aAAK,CAAC,OAAO,CAAC,YAAY,CAAC;YACjC,SAAS;YACT,QAAQ;YACR,aAAa;YACb,UAAU;YACV,UAAU;YACV,aAAa;SACd,CAAC,EACF,OAAO,EAAE,aAAK,CAAC,OAAO,CAAC,YAAY,CAAC,oBAAQ,CAAC,EAC7C,wBAAwB,EAAE,aAAK,CAAC,QAAQ,CAAC,IAAI,EAAE,EAC/C,qBAAqB,EAAE,aAAK,CAAC,IAAI,CAAC,OAAO,EAAE,CAAC,QAAQ,EAAE,EACtD,sBAAsB,EAAE,aAAK,CAAC,QAAQ,CAAC,IAAI,EAAE,EAC7C,mBAAmB,EAAE,aAAK,CAAC,IAAI,CAAC,MAAM,EAAE,CAAC,WAAW,EAAE,EACtD,gBAAgB,EAAE,aAAK,CAAC,MAAM,CAAC,GAAG,CAAC;YACjC,GAAG,EAAE,GAAG;YACR,GAAG,EAAE,KAAK;SACX,CAAC,EACF,GAAG,EAAE,aAAK,CAAC,MAAM,CAAC,GAAG,CAAC;YACpB,GAAG,EAAE,CAAC;YACN,GAAG,EAAE,KAAK;SACX,CAAC,EACF,eAAe,EAAE,aAAK,CAAC,MAAM,CAAC,GAAG,CAAC;YAChC,GAAG,EAAE,CAAC;YACN,GAAG,EAAE,GAAG;SACT,CAAC,EACF,qBAAqB,EAAE,aAAK,CAAC,OAAO,CAAC,YAAY,CAAC;YAChD,cAAc;YACd,WAAW;YACX,SAAS;YACT,gBAAgB;YAChB,OAAO;SACR,CAAC,EACF,aAAa,EAAE,aAAK,CAAC,OAAO,CAAC,IAAI,EAAE,EACnC,UAAU,EAAE,aAAK,CAAC,OAAO,CAAC,aAAa,CACrC,CAAC,aAAK,CAAC,MAAM,CAAC,IAAI,EAAE,EAAE,aAAK,CAAC,MAAM,CAAC,IAAI,EAAE,EAAE,aAAK,CAAC,MAAM,CAAC,IAAI,EAAE,CAAC,EAC/D,aAAK,CAAC,MAAM,CAAC,GAAG,CAAC;YACf,GAAG,EAAE,CAAC;YACN,GAAG,EAAE,CAAC;SACP,CAAC,CACH,EACD,mBAAmB,EAAE,aAAK,CAAC,MAAM,CAAC,KAAK,CAAC,CAAC,CAAC,CAAC,iBAAiB,EAAE,EAC9D,iBAAiB,EAAE,aAAK,CAAC,MAAM,CAAC,KAAK,CAAC,CAAC,CAAC,CAAC,iBAAiB,EAAE,EAC5D,mBAAmB,EAAE,aAAK,CAAC,OAAO,CAAC,aAAa,CAC9C,CAAC,aAAK,CAAC,QAAQ,CAAC,GAAG,EAAE,EAAE,aAAK,CAAC,QAAQ,CAAC,GAAG,EAAE,EAAE,aAAK,CAAC,QAAQ,CAAC,GAAG,EAAE,CAAC,EAClE,aAAK,CAAC,MAAM,CAAC,GAAG,CAAC;YACf,GAAG,EAAE,CAAC;YACN,GAAG,EAAE,CAAC;SACP,CAAC,CACH,EACD,QAAQ,EAAE,aAAK,CAAC,MAAM,CAAC,IAAI,EAAE,EAC7B,iBAAiB,EAAE,aAAK,CAAC,MAAM,CAAC,GAAG,CAAC;YAClC,GAAG,EAAE,CAAC;YACN,GAAG,EAAE,CAAC;SACP,CAAC,EACF,UAAU,EAAE,aAAK,CAAC,OAAO,CAAC,YAAY,CAAC,CAAC,WAAW,EAAE,YAAY,EAAE,QAAQ,CAAC,CAAC,EAC7E,UAAU,EAAE,aAAK,CAAC,MAAM,CAAC,GAAG,CAAC;YAC3B,GAAG,EAAE,CAAC;YACN,GAAG,EAAE,CAAC;SACP,CAAC,EACF,aAAa,EAAE,aAAK,CAAC,MAAM,CAAC,GAAG,CAAC;YAC9B,GAAG,EAAE,GAAG;YACR,GAAG,EAAE,KAAK;SACX,CAAC,EACF,iBAAiB,EAAE,aAAK,CAAC,OAAO,CAAC,aAAa,CAC5C;YACE,GAAG,aAAK,CAAC,MAAM,CAAC,SAAS,EAAE,IAAI,aAAK,CAAC,MAAM,CAAC,QAAQ,EAAE,EAAE;YACxD,GAAG,aAAK,CAAC,MAAM,CAAC,SAAS,EAAE,IAAI,aAAK,CAAC,MAAM,CAAC,QAAQ,EAAE,EAAE;YACxD,GAAG,aAAK,CAAC,MAAM,CAAC,SAAS,EAAE,IAAI,aAAK,CAAC,MAAM,CAAC,QAAQ,EAAE,EAAE;SACzD,EACD,aAAK,CAAC,MAAM,CAAC,GAAG,CAAC;YACf,GAAG,EAAE,CAAC;YACN,GAAG,EAAE,CAAC;SACP,CAAC,CACH,EACD,YAAY,EAAE,aAAK,CAAC,MAAM,CAAC,GAAG,CAAC;YAC7B,GAAG,EAAE,GAAG;YACR,GAAG,EAAE,IAAI;SACV,CAAC,EACF,cAAc,EAAE,aAAK,CAAC,MAAM,CAAC,GAAG,CAAC;YAC/B,GAAG,EAAE,CAAC;YACN,GAAG,EAAE,KAAK;SACX,CAAC,EACF,oBAAoB,EAAE,aAAK,CAAC,MAAM,CAAC,IAAI,EAAE,EACzC,4BAA4B,EAAE,aAAK,CAAC,OAAO,CAAC,aAAa,CACvD,CAAC,UAAU,EAAE,UAAU,EAAE,UAAU,EAAE,UAAU,EAAE,UAAU,CAAC,EAC5D,aAAK,CAAC,MAAM,CAAC,GAAG,CAAC;YACf,GAAG,EAAE,CAAC;YACN,GAAG,EAAE,CAAC;SACP,CAAC,CACH,EACD,+BAA+B,EAAE,aAAK,CAAC,OAAO,CAAC,aAAa,CAC1D,CAAC,aAAK,CAAC,MAAM,CAAC,IAAI,EAAE,EAAE,aAAK,CAAC,MAAM,CAAC,IAAI,EAAE,EAAE,aAAK,CAAC,MAAM,CAAC,IAAI,EAAE,CAAC,EAC/D,aAAK,CAAC,MAAM,CAAC,GAAG,CAAC;YACf,GAAG,EAAE,CAAC;YACN,GAAG,EAAE,CAAC;SACP,CAAC,CACH,EACD,oBAAoB,EAAE;YACpB,KAAK,EAAE,aAAK,CAAC,OAAO,CAAC,IAAI,EAAE;YAC3B,GAAG,EAAE,aAAK,CAAC,QAAQ,CAAC,GAAG,EAAE;SAC1B,EACD,eAAe,EAAE,aAAK,CAAC,IAAI,CAAC,MAAM,EAAE,CAAC,WAAW,EAAE,EAClD,cAAc,EAAE,aAAK,CAAC,OAAO,CAAC,aAAa,CACzC;YACE,GAAG,aAAK,CAAC,MAAM,CAAC,SAAS,EAAE,IAAI,aAAK,CAAC,MAAM,CAAC,QAAQ,EAAE,EAAE;YACxD,GAAG,aAAK,CAAC,MAAM,CAAC,SAAS,EAAE,IAAI,aAAK,CAAC,MAAM,CAAC,QAAQ,EAAE,EAAE;YACxD,GAAG,aAAK,CAAC,MAAM,CAAC,SAAS,EAAE,IAAI,aAAK,CAAC,MAAM,CAAC,QAAQ,EAAE,EAAE;SACzD,EACD,aAAK,CAAC,MAAM,CAAC,GAAG,CAAC;YACf,GAAG,EAAE,CAAC;YACN,GAAG,EAAE,CAAC;SACP,CAAC,CACH,EACD,yBAAyB,EAAE,aAAK,CAAC,OAAO,CAAC,aAAa,CACpD,CAAC,aAAK,CAAC,QAAQ,CAAC,KAAK,EAAE,EAAE,aAAK,CAAC,QAAQ,CAAC,KAAK,EAAE,EAAE,aAAK,CAAC,QAAQ,CAAC,KAAK,EAAE,CAAC,EACxE,aAAK,CAAC,MAAM,CAAC,GAAG,CAAC;YACf,GAAG,EAAE,CAAC;YACN,GAAG,EAAE,CAAC;SACP,CAAC,CACH,EACD,gCAAgC,EAAE,aAAK,CAAC,OAAO,CAAC,aAAa,CAC3D,CAAC,aAAK,CAAC,QAAQ,CAAC,KAAK,EAAE,EAAE,aAAK,CAAC,QAAQ,CAAC,KAAK,EAAE,EAAE,aAAK,CAAC,QAAQ,CAAC,KAAK,EAAE,CAAC,EACxE,aAAK,CAAC,MAAM,CAAC,GAAG,CAAC;YACf,GAAG,EAAE,CAAC;YACN,GAAG,EAAE,CAAC;SACP,CAAC,CACH,EACD,8BAA8B,EAAE,aAAK,CAAC,OAAO,CAAC,aAAa,CACzD,CAAC,aAAK,CAAC,QAAQ,CAAC,KAAK,EAAE,EAAE,aAAK,CAAC,QAAQ,CAAC,KAAK,EAAE,EAAE,aAAK,CAAC,QAAQ,CAAC,KAAK,EAAE,CAAC,EACxE,aAAK,CAAC,MAAM,CAAC,GAAG,CAAC;YACf,GAAG,EAAE,CAAC;YACN,GAAG,EAAE,CAAC;SACP,CAAC,CACH,EACD,2BAA2B,EAAE,aAAK,CAAC,OAAO,CAAC,aAAa,CACtD,CAAC,aAAK,CAAC,QAAQ,CAAC,KAAK,EAAE,EAAE,aAAK,CAAC,QAAQ,CAAC,KAAK,EAAE,EAAE,aAAK,CAAC,QAAQ,CAAC,KAAK,EAAE,CAAC,EACxE,aAAK,CAAC,MAAM,CAAC,GAAG,CAAC;YACf,GAAG,EAAE,CAAC;YACN,GAAG,EAAE,CAAC;SACP,CAAC,CACH,EACD,kCAAkC,EAAE,aAAK,CAAC,OAAO,CAAC,aAAa,CAC7D,CAAC,aAAK,CAAC,QAAQ,CAAC,KAAK,EAAE,EAAE,aAAK,CAAC,QAAQ,CAAC,KAAK,EAAE,EAAE,aAAK,CAAC,QAAQ,CAAC,KAAK,EAAE,CAAC,EACxE,aAAK,CAAC,MAAM,CAAC,GAAG,CAAC;YACf,GAAG,EAAE,CAAC;YACN,GAAG,EAAE,CAAC;SACP,CAAC,CACH,EACD,iCAAiC,EAAE,aAAK,CAAC,OAAO,CAAC,aAAa,CAC5D;YACE,aAAK,CAAC,IAAI,CAAC,IAAI,EAAE,CAAC,WAAW,EAAE;YAC/B,aAAK,CAAC,IAAI,CAAC,IAAI,EAAE,CAAC,WAAW,EAAE;YAC/B,aAAK,CAAC,IAAI,CAAC,IAAI,EAAE,CAAC,WAAW,EAAE;SAChC,EACD,aAAK,CAAC,MAAM,CAAC,GAAG,CAAC;YACf,GAAG,EAAE,CAAC;YACN,GAAG,EAAE,CAAC;SACP,CAAC,CACH,EACD,qBAAqB,EAAE,aAAK,CAAC,OAAO,CAAC,aAAa,CAChD;YACE,aAAK,CAAC,IAAI,CAAC,IAAI,EAAE,CAAC,WAAW,EAAE;YAC/B,aAAK,CAAC,IAAI,CAAC,IAAI,EAAE,CAAC,WAAW,EAAE;YAC/B,aAAK,CAAC,IAAI,CAAC,IAAI,EAAE,CAAC,WAAW,EAAE;SAChC,EACD,aAAK,CAAC,MAAM,CAAC,GAAG,CAAC;YACf,GAAG,EAAE,CAAC;YACN,GAAG,EAAE,CAAC;SACP,CAAC,CACH,EACD,gBAAgB,EAAE,aAAK,CAAC,OAAO,CAAC,YAAY,CAAC,CAAC,KAAK,EAAE,IAAI,CAAC,CAAC,EAC3D,8BAA8B,EAAE,aAAK,CAAC,OAAO,CAAC,aAAa,CACzD,CAAC,aAAK,CAAC,KAAK,CAAC,MAAM,EAAE,EAAE,aAAK,CAAC,KAAK,CAAC,MAAM,EAAE,EAAE,aAAK,CAAC,KAAK,CAAC,MAAM,EAAE,CAAC,EAClE,aAAK,CAAC,MAAM,CAAC,GAAG,CAAC;YACf,GAAG,EAAE,CAAC;YACN,GAAG,EAAE,CAAC;SACP,CAAC,CACH,EACD,0BAA0B,EAAE,aAAK,CAAC,OAAO,CAAC,aAAa,CACrD;YACE,aAAK,CAAC,QAAQ,CAAC,aAAa,EAAE;YAC9B,aAAK,CAAC,QAAQ,CAAC,aAAa,EAAE;YAC9B,aAAK,CAAC,QAAQ,CAAC,aAAa,EAAE;SAC/B,EACD,aAAK,CAAC,MAAM,CAAC,GAAG,CAAC;YACf,GAAG,EAAE,CAAC;YACN,GAAG,EAAE,CAAC;SACP,CAAC,CACH,EACD,IAAI,EAAE,aAAK,CAAC,OAAO,CAAC,aAAa,CAC/B,CAAC,aAAK,CAAC,QAAQ,CAAC,IAAI,EAAE,EAAE,aAAK,CAAC,QAAQ,CAAC,IAAI,EAAE,EAAE,aAAK,CAAC,QAAQ,CAAC,IAAI,EAAE,CAAC,EACrE,aAAK,CAAC,MAAM,CAAC,GAAG,CAAC;YACf,GAAG,EAAE,CAAC;YACN,GAAG,EAAE,CAAC;SACP,CAAC,CACH,EACD,2BAA2B,EAAE,aAAK,CAAC,OAAO,CAAC,aAAa,CACtD,CAAC,aAAK,CAAC,QAAQ,CAAC,KAAK,EAAE,EAAE,aAAK,CAAC,QAAQ,CAAC,KAAK,EAAE,EAAE,aAAK,CAAC,QAAQ,CAAC,KAAK,EAAE,CAAC,EACxE,aAAK,CAAC,MAAM,CAAC,GAAG,CAAC;YACf,GAAG,EAAE,CAAC;YACN,GAAG,EAAE,CAAC;SACP,CAAC,CACH,EACD,uBAAuB,EAAE,aAAK,CAAC,OAAO,CAAC,aAAa,CAClD;YACE,aAAK,CAAC,QAAQ,CAAC,OAAO,EAAE;YACxB,aAAK,CAAC,QAAQ,CAAC,OAAO,EAAE;YACxB,aAAK,CAAC,QAAQ,CAAC,OAAO,EAAE;SACzB,EACD,aAAK,CAAC,MAAM,CAAC,GAAG,CAAC;YACf,GAAG,EAAE,CAAC;YACN,GAAG,EAAE,CAAC;SACP,CAAC,CACH,EACD,6BAA6B,EAAE,aAAK,CAAC,OAAO,CAAC,aAAa,CACxD,CAAC,aAAK,CAAC,KAAK,CAAC,QAAQ,EAAE,EAAE,aAAK,CAAC,KAAK,CAAC,QAAQ,EAAE,EAAE,aAAK,CAAC,KAAK,CAAC,QAAQ,EAAE,CAAC,EACxE,aAAK,CAAC,MAAM,CAAC,GAAG,CAAC;YACf,GAAG,EAAE,CAAC;YACN,GAAG,EAAE,CAAC;SACP,CAAC,CACH,EACD,mCAAmC,EAAE,aAAK,CAAC,OAAO,CAAC,aAAa,CAC9D;YACE,aAAK,CAAC,IAAI,CAAC,IAAI,EAAE,CAAC,WAAW,EAAE;YAC/B,aAAK,CAAC,IAAI,CAAC,IAAI,EAAE,CAAC,WAAW,EAAE;YAC/B,aAAK,CAAC,IAAI,CAAC,IAAI,EAAE,CAAC,WAAW,EAAE;SAChC,EACD,aAAK,CAAC,MAAM,CAAC,GAAG,CAAC;YACf,GAAG,EAAE,CAAC;YACN,GAAG,EAAE,CAAC;SACP,CAAC,CACH,EACD,iEAAiE,EAC/D,aAAK,CAAC,OAAO,CAAC,aAAa,CACzB,CAAC,aAAK,CAAC,QAAQ,CAAC,IAAI,EAAE,EAAE,aAAK,CAAC,QAAQ,CAAC,IAAI,EAAE,EAAE,aAAK,CAAC,QAAQ,CAAC,IAAI,EAAE,CAAC,EACrE,aAAK,CAAC,MAAM,CAAC,GAAG,CAAC;YACf,GAAG,EAAE,CAAC;YACN,GAAG,EAAE,CAAC;SACP,CAAC,CACH,EACH,uBAAuB,EAAE,aAAK,CAAC,OAAO,CAAC,YAAY,CAAC,CAAC,KAAK,EAAE,IAAI,CAAC,CAAC,IAC/D,UAAU,CAAC,MAAM,KAEnB,UAAU,EACb,CAAC;AA1PU,QAAA,uBAAuB,2BA0PjC;AAEH;;;;;GAKG;AACI,MAAM,2BAA2B,GAAG,CACzC,aAAyC,EAAE,EAC3C,EAAE,CACF,iBACE,EAAE,EAAE,aAAK,CAAC,MAAM,CAAC,IAAI,EAAE,EACvB,WAAW,EAAE,aAAK,CAAC,IAAI,CAAC,MAAM,EAAE,CAAC,WAAW,EAAE,EAC9C,MAAM,kBACJ,eAAe,EAAE,aAAK,CAAC,MAAM,CAAC,IAAI,EAAE,EACpC,WAAW,EAAE,aAAK,CAAC,OAAO,CAAC,YAAY,CAAC,CAAC,SAAS,EAAE,WAAW,CAAC,CAAC,EACjE,gBAAgB,EAAE,aAAK,CAAC,IAAI,CAAC,MAAM,EAAE,CAAC,WAAW,EAAE,CAAC,KAAK,CAAC,GAAG,CAAC,CAAC,CAAC,CAAC,EACjE,cAAc,EAAE,aAAK,CAAC,OAAO,CAAC,YAAY,CAAC;YACzC,aAAa;YACb,gCAAgC;YAChC,WAAW;YACX,4BAA4B;YAC5B,qBAAqB;YACrB,uBAAuB;YACvB,0BAA0B;YAC1B,mBAAmB;SACpB,CAAC,EACF,gBAAgB,EAAE,aAAK,CAAC,MAAM,CAAC,GAAG,CAAC;YACjC,GAAG,EAAE,CAAC;YACN,GAAG,EAAE,CAAC;SACP,CAAC,EACF,6BAA6B,EAAE,aAAK,CAAC,OAAO,CAAC,YAAY,CAAC;YACxD,UAAU;YACV,QAAQ;YACR,SAAS;SACV,CAAC,EACF,4BAA4B,EAAE,aAAK,CAAC,OAAO,CAAC,YAAY,CAAC;YACvD,iBAAiB;YACjB,cAAc;YACd,iBAAiB;YACjB,kBAAkB;YAClB,OAAO;SACR,CAAC,EACF,SAAS,EAAE,aAAK,CAAC,KAAK,CAAC,QAAQ,EAAE,EACjC,aAAa,EAAE,aAAK,CAAC,OAAO,CAAC,aAAa,CACxC,CAAC,aAAK,CAAC,MAAM,CAAC,IAAI,EAAE,EAAE,aAAK,CAAC,MAAM,CAAC,IAAI,EAAE,EAAE,aAAK,CAAC,MAAM,CAAC,IAAI,EAAE,CAAC,EAC/D,aAAK,CAAC,MAAM,CAAC,GAAG,CAAC;YACf,GAAG,EAAE,CAAC;YACN,GAAG,EAAE,CAAC;SACP,CAAC,CACH,EACD,cAAc,EAAE,aAAK,CAAC,OAAO,CAAC,YAAY,CAAC;YACzC,SAAS;YACT,wBAAwB;YACxB,sBAAsB;SACvB,CAAC,EACF,SAAS,EAAE,aAAK,CAAC,OAAO,CAAC,aAAa,CACpC;YACE,gCAAgC;YAChC,OAAO;YACP,OAAO;YACP,iBAAiB;YACjB,kCAAkC;YAClC,OAAO;YACP,OAAO;SACR,EACD,aAAK,CAAC,MAAM,CAAC,GAAG,CAAC;YACf,GAAG,EAAE,CAAC;YACN,GAAG,EAAE,CAAC;SACP,CAAC,CACH,EACD,gBAAgB,EAAE,aAAK,CAAC,QAAQ,CAAC,IAAI,EAAE,EACvC,SAAS,EAAE,aAAK,CAAC,OAAO,CAAC,YAAY,CAAC;YACpC,8BAA8B;YAC9B,kCAAkC;YAClC,yBAAyB;YACzB,kBAAkB;YAClB,mBAAmB;YACnB,iCAAiC;SAClC,CAAC,EACF,iBAAiB,EAAE,aAAK,CAAC,KAAK,CAAC,MAAM,EAAE,EACvC,iBAAiB,EAAE,aAAK,CAAC,IAAI,CAAC,MAAM,EAAE,CAAC,WAAW,EAAE,CAAC,KAAK,CAAC,GAAG,CAAC,CAAC,CAAC,CAAC,EAClE,yBAAyB,EAAE,aAAK,CAAC,MAAM,CAAC,KAAK,CAAC,CAAC,CAAC,CAAC,iBAAiB,EAAE,EACpE,0BAA0B,EAAE,aAAK,CAAC,MAAM,CAAC,QAAQ,EAAE,EACnD,aAAa,EAAE,aAAK,CAAC,OAAO,CAAC,YAAY,CAAC;YACxC,mBAAmB;YACnB,qBAAqB;YACrB,IAAI;SACL,CAAC,EACF,mBAAmB,EAAE,aAAK,CAAC,MAAM,CAAC,QAAQ,EAAE,EAC5C,WAAW,EAAE,aAAK,CAAC,IAAI,CAAC,MAAM,EAAE,CAAC,WAAW,EAAE,CAAC,KAAK,CAAC,GAAG,CAAC,CAAC,CAAC,CAAC,EAC5D,6BAA6B,EAAE,aAAK,CAAC,OAAO,CAAC,YAAY,CAAC;YACxD,UAAU;YACV,QAAQ;YACR,SAAS;SACV,CAAC,EACF,eAAe,EAAE,aAAK,CAAC,OAAO,CAAC,YAAY,CAAC,CAAC,KAAK,EAAE,IAAI,CAAC,CAAC,EAC1D,mBAAmB,EAAE,aAAK,CAAC,OAAO,CAAC,YAAY,CAAC;YAC9C,WAAW;YACX,4BAA4B;YAC5B,qBAAqB;YACrB,uBAAuB;YACvB,0BAA0B;YAC1B,mBAAmB;SACpB,CAAC,EACF,oBAAoB,EAAE,aAAK,CAAC,KAAK,CAAC,QAAQ,EAAE,EAC5C,iBAAiB,EAAE,aAAK,CAAC,OAAO,CAAC,YAAY,CAAC;YAC5C,MAAM;YACN,QAAQ;YACR,QAAQ;YACR,QAAQ;YACR,OAAO;SACR,CAAC,EACF,aAAa,EAAE,aAAK,CAAC,OAAO,CAAC,aAAa,CACxC,CAAC,aAAK,CAAC,MAAM,CAAC,IAAI,EAAE,EAAE,aAAK,CAAC,MAAM,CAAC,IAAI,EAAE,EAAE,aAAK,CAAC,MAAM,CAAC,IAAI,EAAE,CAAC,EAC/D,aAAK,CAAC,MAAM,CAAC,GAAG,CAAC;YACf,GAAG,EAAE,CAAC;YACN,GAAG,EAAE,CAAC;SACP,CAAC,CACH,EACD,MAAM,EAAE,aAAK,CAAC,OAAO,CAAC,YAAY,CAAC;YACjC,SAAS;YACT,QAAQ;YACR,aAAa;YACb,UAAU;YACV,UAAU;YACV,aAAa;SACd,CAAC,EACF,kBAAkB,EAAE,aAAK,CAAC,MAAM,CAAC,GAAG,CAAC;YACnC,GAAG,EAAE,IAAI;YACT,GAAG,EAAE,MAAM;SACZ,CAAC,EACF,mBAAmB,EAAE,aAAK,CAAC,KAAK,CAAC,QAAQ,EAAE,EAC3C,SAAS,EAAE,aAAK,CAAC,OAAO,CAAC,YAAY,CAAC,CAAC,KAAK,EAAE,IAAI,CAAC,CAAC,EACpD,gBAAgB,EAAE,aAAK,CAAC,MAAM,CAAC,KAAK,CAAC,CAAC,CAAC,CAAC,iBAAiB,EAAE,EAC3D,eAAe,EAAE,aAAK,CAAC,KAAK,CAAC,MAAM,EAAE,EACrC,UAAU,EAAE,aAAK,CAAC,OAAO,CAAC,YAAY,CAAC;YACrC,sCAAsC;YACtC,uCAAuC;YACvC,8BAA8B;YAC9B,kCAAkC;YAClC,SAAS;YACT,SAAS;YACT,WAAW;YACX,gBAAgB;YAChB,OAAO;SACR,CAAC,EACF,gBAAgB,EAAE,aAAK,CAAC,OAAO,CAAC,YAAY,CAAC;YAC3C,QAAQ;YACR,SAAS;YACT,UAAU;YACV,SAAS;SACV,CAAC,EACF,kBAAkB,EAAE,aAAK,CAAC,OAAO,CAAC,YAAY,CAAC;YAC7C,QAAQ;YACR,SAAS;YACT,gBAAgB;SACjB,CAAC,EACF,8BAA8B,EAAE,aAAK,CAAC,OAAO,CAAC,YAAY,CAAC,CAAC,KAAK,EAAE,IAAI,CAAC,CAAC,EACzE,OAAO,EAAE,aAAK,CAAC,OAAO,CAAC,aAAa,CAClC,CAAC,aAAK,CAAC,MAAM,CAAC,IAAI,EAAE,EAAE,aAAK,CAAC,MAAM,CAAC,IAAI,EAAE,EAAE,aAAK,CAAC,MAAM,CAAC,IAAI,EAAE,CAAC,EAC/D,aAAK,CAAC,MAAM,CAAC,GAAG,CAAC;YACf,GAAG,EAAE,CAAC;YACN,GAAG,EAAE,CAAC;SACP,CAAC,CACH,EACD,aAAa,EAAE,aAAK,CAAC,OAAO,CAAC,aAAa,CACxC,CAAC,aAAK,CAAC,MAAM,CAAC,IAAI,EAAE,EAAE,aAAK,CAAC,MAAM,CAAC,IAAI,EAAE,EAAE,aAAK,CAAC,MAAM,CAAC,IAAI,EAAE,CAAC,EAC/D,aAAK,CAAC,MAAM,CAAC,GAAG,CAAC;YACf,GAAG,EAAE,CAAC;YACN,GAAG,EAAE,CAAC;SACP,CAAC,CACH,EACD,aAAa,EAAE,aAAK,CAAC,IAAI,CAAC,MAAM,EAAE,CAAC,WAAW,EAAE,CAAC,KAAK,CAAC,GAAG,CAAC,CAAC,CAAC,CAAC,EAC9D,gBAAgB,EAAE,aAAK,CAAC,OAAO,CAAC,IAAI,EAAE,EACtC,iBAAiB,EAAE,aAAK,CAAC,QAAQ,CAAC,aAAa,EAAE,EACjD,yBAAyB,EAAE,aAAK,CAAC,IAAI,CAAC,MAAM,EAAE,CAAC,WAAW,EAAE,CAAC,KAAK,CAAC,GAAG,CAAC,CAAC,CAAC,CAAC,EAC1E,aAAa,EAAE,aAAK,CAAC,MAAM,CAAC,GAAG,CAAC;YAC9B,GAAG,EAAE,CAAC;YACN,GAAG,EAAE,EAAE;SACR,CAAC,EACF,8BAA8B,EAAE,aAAK,CAAC,OAAO,CAAC,YAAY,CAAC,CAAC,KAAK,EAAE,IAAI,CAAC,CAAC,EACzE,qBAAqB,EAAE,aAAK,CAAC,MAAM,CAAC,KAAK,CAAC,CAAC,CAAC,CAAC,iBAAiB,EAAE,EAChE,qBAAqB,EAAE,aAAK,CAAC,MAAM,CAAC,KAAK,CAAC,CAAC,CAAC,CAAC,iBAAiB,EAAE,EAChE,oBAAoB,EAAE,aAAK,CAAC,MAAM,CAAC,IAAI,EAAE,EACzC,4BAA4B,EAAE,aAAK,CAAC,OAAO,CAAC,aAAa,CACvD,CAAC,aAAK,CAAC,MAAM,CAAC,IAAI,EAAE,EAAE,aAAK,CAAC,MAAM,CAAC,IAAI,EAAE,EAAE,aAAK,CAAC,MAAM,CAAC,IAAI,EAAE,CAAC,EAC/D,aAAK,CAAC,MAAM,CAAC,GAAG,CAAC;YACf,GAAG,EAAE,CAAC;YACN,GAAG,EAAE,CAAC;SACP,CAAC,CACH,EACD,gCAAgC,EAAE,aAAK,CAAC,OAAO,CAAC,aAAa,CAC3D,CAAC,aAAK,CAAC,MAAM,CAAC,IAAI,EAAE,EAAE,aAAK,CAAC,MAAM,CAAC,IAAI,EAAE,EAAE,aAAK,CAAC,MAAM,CAAC,IAAI,EAAE,CAAC,EAC/D,aAAK,CAAC,MAAM,CAAC,GAAG,CAAC;YACf,GAAG,EAAE,CAAC;YACN,GAAG,EAAE,CAAC;SACP,CAAC,CACH,EACD,gCAAgC,EAAE,aAAK,CAAC,OAAO,CAAC,aAAa,CAC3D,CAAC,aAAK,CAAC,MAAM,CAAC,IAAI,EAAE,EAAE,aAAK,CAAC,MAAM,CAAC,IAAI,EAAE,EAAE,aAAK,CAAC,MAAM,CAAC,IAAI,EAAE,CAAC,EAC/D,aAAK,CAAC,MAAM,CAAC,GAAG,CAAC;YACf,GAAG,EAAE,CAAC;YACN,GAAG,EAAE,CAAC;SACP,CAAC,CACH,EACD,+BAA+B,EAAE,aAAK,CAAC,OAAO,CAAC,aAAa,CAC1D,CAAC,aAAK,CAAC,MAAM,CAAC,IAAI,EAAE,EAAE,aAAK,CAAC,MAAM,CAAC,IAAI,EAAE,EAAE,aAAK,CAAC,MAAM,CAAC,IAAI,EAAE,CAAC,EAC/D,aAAK,CAAC,MAAM,CAAC,GAAG,CAAC;YACf,GAAG,EAAE,CAAC;YACN,GAAG,EAAE,CAAC;SACP,CAAC,CACH,EACD,kBAAkB,EAAE;YAClB,KAAK,EAAE,aAAK,CAAC,OAAO,CAAC,IAAI,EAAE;YAC3B,GAAG,EAAE,aAAK,CAAC,QAAQ,CAAC,GAAG,EAAE;SAC1B,EACD,oBAAoB,EAAE,aAAK,CAAC,OAAO,CAAC,aAAa,CAC/C,CAAC,aAAK,CAAC,KAAK,CAAC,QAAQ,EAAE,EAAE,aAAK,CAAC,KAAK,CAAC,QAAQ,EAAE,EAAE,aAAK,CAAC,KAAK,CAAC,QAAQ,EAAE,CAAC,EACxE,aAAK,CAAC,MAAM,CAAC,GAAG,CAAC;YACf,GAAG,EAAE,CAAC;YACN,GAAG,EAAE,CAAC;SACP,CAAC,CACH,EACD,sBAAsB,EAAE,aAAK,CAAC,MAAM,CAAC,GAAG,CAAC;YACvC,GAAG,EAAE,GAAG;YACR,GAAG,EAAE,KAAK;SACX,CAAC,EACF,WAAW,EAAE,aAAK,CAAC,MAAM,CAAC,GAAG,CAAC;YAC5B,GAAG,EAAE,CAAC;YACN,GAAG,EAAE,KAAK;SACX,CAAC,EACF,WAAW,EAAE,aAAK,CAAC,MAAM,CAAC,GAAG,CAAC;YAC5B,GAAG,EAAE,CAAC;YACN,GAAG,EAAE,KAAK;SACX,CAAC,EACF,YAAY,EAAE,aAAK,CAAC,MAAM,CAAC,GAAG,CAAC;YAC7B,GAAG,EAAE,CAAC;YACN,GAAG,EAAE,KAAK;SACX,CAAC,EACF,WAAW,EAAE,aAAK,CAAC,MAAM,CAAC,GAAG,CAAC;YAC5B,GAAG,EAAE,CAAC;YACN,GAAG,EAAE,EAAE;SACR,CAAC,EACF,eAAe,EAAE,aAAK,CAAC,MAAM,CAAC,GAAG,CAAC;YAChC,GAAG,EAAE,CAAC;YACN,GAAG,EAAE,KAAK;SACX,CAAC,EACF,aAAa,EAAE,aAAK,CAAC,MAAM,CAAC,GAAG,CAAC;YAC9B,GAAG,EAAE,CAAC;YACN,GAAG,EAAE,KAAK;SACX,CAAC,EACF,aAAa,EAAE,aAAK,CAAC,MAAM,CAAC,GAAG,CAAC;YAC9B,GAAG,EAAE,CAAC;YACN,GAAG,EAAE,KAAK;SACX,CAAC,EACF,gBAAgB,EAAE,aAAK,CAAC,MAAM,CAAC,GAAG,CAAC;YACjC,GAAG,EAAE,CAAC;YACN,GAAG,EAAE,EAAE;SACR,CAAC,EACF,iBAAiB,EAAE,aAAK,CAAC,MAAM,CAAC,GAAG,CAAC;YAClC,GAAG,EAAE,CAAC;YACN,GAAG,EAAE,EAAE;SACR,CAAC,EACF,oBAAoB,EAAE,aAAK,CAAC,MAAM,CAAC,SAAS,EAAE,EAC9C,mBAAmB,EAAE,aAAK,CAAC,MAAM,CAAC,QAAQ,EAAE,EAC5C,cAAc,EAAE,aAAK,CAAC,MAAM,CAAC,QAAQ,EAAE,EACvC,OAAO,EAAE,aAAK,CAAC,OAAO,CAAC,aAAa,CAClC,oBAAQ,EACR,aAAK,CAAC,MAAM,CAAC,GAAG,CAAC;YACf,GAAG,EAAE,CAAC;YACN,GAAG,EAAE,CAAC;SACP,CAAC,CACH,EACD,yBAAyB,EAAE,aAAK,CAAC,IAAI,CAAC,MAAM,EAAE,CAAC,WAAW,EAAE,CAAC,KAAK,CAAC,GAAG,CAAC,CAAC,CAAC,CAAC,EAC1E,uBAAuB,EAAE,aAAK,CAAC,IAAI,CAAC,MAAM,EAAE,CAAC,WAAW,EAAE,CAAC,KAAK,CAAC,GAAG,CAAC,CAAC,CAAC,CAAC,EACxE,YAAY,EAAE,aAAK,CAAC,MAAM,CAAC,IAAI,EAAE,EACjC,KAAK,EAAE,aAAK,CAAC,QAAQ,CAAC,KAAK,EAAE,IAC1B,UAAU,CAAC,MAAM,KAEnB,UAAU,EACQ,CAAC;AAlRb,QAAA,2BAA2B,+BAkRd","sourcesContent":["import { AIRLINES } from './constants';\nimport { faker } from '@faker-js/faker';\nimport type { FlightRequestData } from '../interfaces/requests/flight-request.interface';\nimport type { PassengerData } from '../interfaces/passenger/passenger.interface';\nimport type { FlightLegData } from '../interfaces/legs/flight-leg.interface';\n\n/**\n * Creates a test passenger data object with random data\n *\n * @param manualData - Optional data to override the random data\n * @returns A test passenger data object\n */\nexport const createTestPassengerData = (\n  manualData: Partial<PassengerData> = {}\n): PassengerData => {\n  const firstName = faker.person.firstName();\n  const lastName = faker.person.lastName();\n  const birthday = faker.date.past().toISOString();\n  const getPreviousDay = (isoDate: string) =>\n    new Date(new Date(isoDate).getTime() - 24 * 60 * 60 * 1000)\n      .toISOString()\n      .split('T')[0];\n\n  return {\n    id: faker.string.uuid(),\n    createdTime: faker.date.recent().toISOString(),\n    fields: {\n      Type: faker.helpers.arrayElement([\n        'Patient',\n        'Accompanying Passenger',\n        'Partner Organization',\n      ]),\n      'First Name': firstName,\n      'Last Name': lastName,\n      'Date of Birth': birthday,\n      Gender: faker.helpers.arrayElement(['Female', 'Male']),\n      Street: faker.location.streetAddress(),\n      Country: faker.location.country(),\n      Email: faker.internet.email({\n        firstName: firstName,\n        lastName: lastName,\n      }),\n      'Household Income': faker.number.int({\n        min: 5000,\n        max: 400000,\n      }),\n      'Household Size': faker.number.int({\n        min: 1,\n        max: 8,\n      }),\n      Ethnicity: faker.helpers.arrayElements(\n        [\n          'American Indian or Alaska Native',\n          'Asian',\n          'Black or African American',\n          'Hispanic or Latino',\n          'Native Hawaiian or Other Pacific Islander',\n          'White',\n          'Other',\n        ],\n        faker.number.int({\n          min: 1,\n          max: 5,\n        })\n      ),\n      'Military Service': faker.helpers.arrayElement([\n        'Active',\n        'Veteran',\n        'Not Applicable',\n      ]),\n      'Military Member': faker.helpers.arrayElements(\n        ['Self', 'Spouse', 'Mother', 'Father', 'Other'],\n        faker.number.int({\n          min: 0,\n          max: 3,\n        })\n      ),\n      'How did you hear about us': faker.helpers.arrayElements(\n        ['Social Media', 'Internet Search', 'Friend or Family', 'Other'],\n        faker.number.int({\n          min: 1,\n          max
[...]
edTime);\n    expect(legData.fields.Status).to.equal(trimmedLeg.Status);\n    expect(legData.fields.Airline).to.equal(trimmedLeg.Airline);\n    expect(legData.fields['Departure Date/Time']).to.equal(\n      trimmedLeg['Departure Date/Time']\n    );\n    expect(legData.fields['Arrival Date/Time']).to.equal(\n      trimmedLeg['Arrival Date/Time']\n    );\n    expect(legData.fields['Nautical Miles']).to.equal(\n      trimmedLeg['Nautical Miles']\n    );\n    expect(legData.fields.Passengers).to.equal(trimmedLeg.Passengers);\n    expect(legData.fields['Departure Airport']).to.equal(\n      trimmedLeg['Departure Airport']\n    );\n    expect(legData.fields['Arrival Airport']).to.equal(\n      trimmedLeg['Arrival Airport']\n    );\n    expect(legData.fields['Leg ID']).to.equal(trimmedLeg['Leg ID']);\n    expect(legData.fields['Leg Type']).to.equal(trimmedLeg['Leg Type']);\n    expect(legData.fields['Total Miles']).to.equal(trimmedLeg['Total Miles']);\n    expect(legData.fields['Passenger Names']).to.equal(\n      trimmedLeg['Passenger Names']\n    );\n    expect(legData.fields['Total Cost']).to.equal(trimmedLeg['Total Cost']);\n    expect(legData.fields['AirTable Record ID']).to.equal(\n      trimmedLeg['AirTable Record ID']\n    );\n    expect(legData.fields['Request AirTable Record ID']).to.equal(\n      trimmedLeg['Request AirTable Record ID']\n    );\n    expect(legData.fields['Passenger AirTable Record IDs']).to.equal(\n      trimmedLeg['Passenger AirTable Record IDs']\n    );\n    expect(legData.fields['Log Airline Credit'].label).to.equal(\n      trimmedLeg['Log Airline Credit'].label\n    );\n    expect(legData.fields['Log Airline Credit'].url).to.equal(\n      trimmedLeg['Log Airline Credit'].url\n    );\n    expect(legData.fields['Patient Name']).to.equal(trimmedLeg['Patient Name']);\n    expect(legData.fields['Patient Latest Trip']).to.equal(\n      trimmedLeg['Patient Latest Trip']\n    );\n    expect(legData.fields['Is Latest Trip']).to.equal(\n      trimmedLeg['Is Latest Trip']\n    );\n  });\n\n  it('should properly trim passenger', () => {\n    const passengerData: PassengerData = createTestPassengerData();\n    const trimmedPassenger: TrimmedPassenger = trimPassenger(passengerData);\n    expect(passengerData.id).to.equal(trimmedPassenger.id);\n    expect(passengerData.createdTime).to.equal(trimmedPassenger.createdTime);\n    expect(passengerData.fields.Type).to.equal(trimmedPassenger.Type);\n    expect(passengerData.fields['First Name']).to.equal(\n      trimmedPassenger['First Name']\n    );\n    expect(passengerData.fields['Last Name']).to.equal(\n      trimmedPassenger['Last Name']\n    );\n    expect(passengerData.fields['Date of Birth']).to.equal(\n      trimmedPassenger['Date of Birth']\n    );\n    expect(passengerData.fields.Gender).to.equal(trimmedPassenger.Gender);\n    expect(passengerData.fields.Street).to.equal(trimmedPassenger.Street);\n    expect(passengerData.fields.Country).to.equal(trimmedPassenger.Country);\n    expect(passengerData.fields.Email).to.equal(trimmedPassenger.Email);\n    expect(passengerData.fields['Household Income']).to.equal(\n      trimmedPassenger['Household Income']\n    );\n    expect(passengerData.fields['Household Size']).to.equal(\n      trimmedPassenger['Household Size']\n    );\n    expect(passengerData.fields.Ethnicity).to.equal(trimmedPassenger.Ethnicity);\n    expect(passengerData.fields['Military Service']).to.equal(\n      trimmedPassenger['Military Service']\n    );\n    expect(passengerData.fields['Military Member']).to.equal(\n      trimmedPassenger['Military Member']\n    );\n    expect(passengerData.fields['How did you hear about us']).to.equal(\n      trimmedPassenger['How did you hear about us']\n    );\n    expect(passengerData.fields['All Flight Legs']).to.equal(\n      trimmedPassenger['All Flight Legs']\n    );\n    expect(passengerData.fields.Diagnosis).to.equal(trimmedPassenger.Diagnosis);\n    expect(passengerData.fields['AirTable Record ID']).to.equal(\n      trimmedPassenger['AirTable Record ID']\n    );\n    expect(passengerData.fields['# of Flight Legs']).to.equal(\n      trimmedPassenger['# of Flight Legs']\n    );\n    expect(passengerData.fields['# of Booked Flight Requests']).to.equal(\n      trimmedPassenger['# of Booked Flight Requests']\n    );\n    expect(passengerData.fields['Birth Month']).to.equal(\n      trimmedPassenger['Birth Month']\n    );\n    expect(passengerData.fields['Full Name']).to.equal(\n      trimmedPassenger['Full Name']\n    );\n    expect(passengerData.fields.Age).to.equal(trimmedPassenger.Age);\n    expect(passengerData.fields['Latest Trip']).to.equal(\n      trimmedPassenger['Latest Trip']\n    );\n  });\n});\n"]},"_coverageSchema":"1a1c01bbd47fc00a2c39e90264f33305004495a9","hash":"c775a9c12aed1359f7ee260e8075aba754f6449f","contentHash":"16b14269cd315ba8e55179a880ad98d1fd52487f6d5f12e5417e1fa3697b3471"},"/Users/sophiascomputer/Documents/vanderbilt/changeplusplus/MFbackend/miracleflightsbackend/src/tests/User.tests.ts":{"path":"/Users/sophiascomputer/Documents/vanderbilt/changeplusplus/MFbackend/miracleflightsbackend/src/tests/User.tests.ts","statementMap":{"0":{"start":{"line":2,"column":22},"end":{"line":12,"column":3}},"1":{"start":{"line":3,"column":4},"end":{"line":3,"column":33}},"2":{"start":{"line":3,"column":26},"end":{"line":3,"column":33}},"3":{"start":{"line":4,"column":15},"end":{"line":4,"column":52}},"4":{"start":{"line":5,"column":4},"end":{"line":7,"column":5}},"5":{"start":{"line":6,"column":6},"end":{"line":6,"column":68}},"6":{"start":{"line":6,"column":51},"end":{"line":6,"column":63}},"7":{"start":{"line":8,"column":4},"end":{"line":8,"column":39}},"8":{"start":{"line":10,"column":4},"end":{"line":10,"column":33}},"9":{"start":{"line":10,"column":26},"end":{"line":10,"column":33}},"10":{"start":{"line":11,"column":4},"end":{"line":11,"column":17}},"11":{"start":{"line":13,"column":25},"end":{"line":17,"column":2}},"12":{"start":{"line":14,"column":4},"end":{"line":14,"column":72}},"13":{"start":{"line":16,"column":4},"end":{"line":16,"column":21}},"14":{"start":{"line":18,"column":19},"end":{"line":24,"column":1}},"15":{"start":{"line":19,"column":4},"end":{"line":19,"column":42}},"16":{"start":{"line":19,"column":31},"end":{"line":19,"column":42}},"17":{"start":{"line":20,"column":17},"end":{"line":20,"column":19}},"18":{"start":{"line":21,"column":4},"end":{"line":21,"column":141}},"19":{"start":{"line":21,"column":21},"end":{"line":21,"column":141}},"20":{"start":{"line":21,"column":40},"end":{"line":21,"column":141}},"21":{"start":{"line":21,"column":109},"end":{"line":21,"column":141}},"22":{"start":{"line":22,"column":4},"end":{"line":22,"column":36}},"23":{"start":{"line":23,"column":4},"end":{"line":23,"column":18}},"24":{"start":{"line":25,"column":22},"end":{"line":27,"column":1}},"25":{"start":{"line":26,"column":4},"end":{"line":26,"column":62}},"26":{"start":{"line":28,"column":0},"end":{"line":28,"column":62}},"27":{"start":{"line":29,"column":24},"end":{"line":29,"column":58}},"28":{"start":{"line":30,"column":20},"end":{"line":30,"column":57}},"29":{"start":{"line":31,"column":17},"end":{"line":31,"column":51}},"30":{"start":{"line":32,"column":15},"end":{"line":32,"column":44}},"31":{"start":{"line":33,"column":0},"end":{"line":33,"column":26}},"32":{"start":{"line":35,"column":0},"end":{"line":35,"column":40}},"33":{"start":{"line":36,"column":0},"end":{"line":36,"column":24}},"34":{"start":{"line":38,"column":12},"end":{"line":38,"column":50}},"35":{"start":{"line":41,"column":0},"end":{"line":45,"column":3}},"36":{"start":{"line":42,"column":4},"end":{"line":44,"column":7}},"37":{"start":{"line":43,"column":8},"end":{"line":43,"column":15}},"38":{"start":{"line":47,"column":0},"end":{"line":50,"column":3}},"39":{"start":{"line":48,"column":4},"end":{"line":48,"column":19}},"40":{"start":{"line":49,"column":4},"end":{"line":49,"column":11}},"41":{"start":{"line":52,"column":0},"end":{"line":81,"column":3}},"42":{"start":{"line":53,"column":4},"end":{"line":66,"column":7}},"43":{"start":{"line":54,"column":8},"end":{"line":65,"column":11}},"44":{"start":{"line":63,"column":12},"end":{"line":63,"column":56}},"45":{"start":{"line":64,"column":12},"end":{"line":64,"column":19}},"46":{"start":{"line":67,"column":4},"end":{"line":80,"column":7}},"47":{"start":{"line":68,"column":8},"end":{"line":79,"column":11}},"48":{"start":{"line":77,"column":12},"end":{"line":77,"column":56}},"49":{"start":{"line":78,"column":12},"end":{"line":78,"column":19}}},"fnMap":{"0":{"name":"(anonymous_0)","decl":{"start":{"line":2,"column":74},"end":{"line":2,"column":75}},"loc":{"start":{"line":2,"column":96},"end":{"line":9,"column":1}},"line":2},"1":{"name":"(anonymous_1)","decl":{"start":{"line":6,"column":38},"end":{"line":6,"column":39}},"loc":{"start":{"line":6,"column":49},"end":{"line":6,"column":65}},"line":6},"2":{"name":"(anonymous_2)","decl":{"start":{"line":9,"column":6},"end":{"line":9,"column":7}},"loc":{"start":{"line":9,"column":28},"end":{"line":12,"column":1}},"line":9},"3":{"name":"(anonymous_3)","decl":{"start":{"line":13,"column":80},"end":{"line":13,"column":81}},"loc":{"start":{"line":13,"column":95},"end":{"line":15,"column":1}},"line":13},"4":{"name":"(anonymous_4)","decl":{"start":{"line":15,"column":5},"end":{"line":15,"column":6}},"loc":{"start":{"line":15,"column":20},"end":{"line":17,"column":1}},"line":15},"5":{"name":"(anonymous_5)","decl":{"start":{"line":18,"column":50},"end":{"line":18,"column":51}},"loc":{"start":{"line":18,"column":65},"end":{"line":24,"column":1}},"line":18},"6":{"name":"(anonymous_6)","decl":{"start":{"line":25,"column":56},"end":{"line":25,"column":57}},"loc":{"start":{"line":25,"column":71},"end":{"line":27,"column":1}},"line":25},"7":{"name":"(anonymous_7)","decl":{"start":{"line":41,"column":7},"end":{"line":41,"column":8}},"loc":{"start":{"line":41,"column":15},"end":{"line":45,"column":1}},"line":41},"8":{"name":"(anonymous_8)","decl":{"start":{"line":42,"column":30},"end":{"line":42,"column":31}},"loc":{"start":{"line":42,"column":36},"end":{"line":44,"column":5}},"line":42},"9":{"name":"(anonymous_9)","decl":{"start":{"line":47,"column":6},"end":{"line":47,"column":7}},"loc":{"start":{"line":47,"column":14},"end":{"line":50,"column":1}},"line":47},"10":{"name":"(anonymous_10)","decl":{"start":{"line":52,"column":43},"end":{"line":52,"column":44}},"loc":{"start":{"line":52,"column":49},"end":{"line":81,"column":1}},"line":52},"11":{"name":"(anonymous_11)","decl":{"start":{"line":53,"column":56},"end":{"line":53,"column":57}},"loc":{"start":{"line":53,"column":64},"end":{"line":66,"column":5}},"line":53},"12":{"name":"(anonymous_12)","decl":{"start":{"line":62,"column":17},"end":{"line":62,"column":18}},"loc":{"start":{"line":62,"column":31},"end":{"line":65,"column":9}},"line":62},"13":{"name":"(anonymous_13)","decl":{"start":{"line":67,"column":65},"end":{"line":67,"column":66}},"loc":{"start":{"line":67,"column":73},"end":{"line":80,"column":5}},"line":67},"14":{"name":"(anonymous_14)","decl":{"start":{"line":76,"column":17},"end":{"line":76,"column":18}},"loc":{"start":{"line":76,"column":31},"end":{"line":79,"column":9}},"line":76}},"branchMap":{"0":{"loc":{"start":{"line":2,"column":22},"end":{"line":12,"column":3}},"type":"binary-expr","locations":[{"start":{"line":2,"column":23},"end":{"line":2,"column":27}},{"start":{"line":2,"column":31},"end":{"line":2,"column":51}},{"start":{"line":2,"column":57},"end":{"line":12,"column":2}}],"line":2},"1":{"loc":{"start":{"line":2,"column":57},"end":{"line":12,"column":2}},"type":"cond-expr","locations":[{"start":{"line":2,"column":74},"end":{"line":9,"column":1}},{"start":{"line":9,"column":6},"end":{"line":12,"column":1}}],"line":2},"2":{"loc":{"start":{"line":3,"column":4},"end":{"line":3,"column":33}},"type":"if","locations":[{"start":{"line":3,"column":4},"end":{"line":3,"column":33}},{"start":{"line":3,"column":4},"end":{"line":3,"column":33}}],"line":3},"3":{"loc":{"start":{"line":5,"column":4},"end":{"line":7,"column":5}},"type":"if","locations":[{"start":{"line":5,"column":4},"end":{"line":7,"column":5}},{"start":{"line":5,"column":4},"end":{"line":7,"column":5}}],"line":5},"4":{"loc":{"start":{"line":5,"column":8},"end":{"line":5,"column":85}},"type":"binary-expr","locations":[{"start":{"line":5,"column":8},"end":{"line":5,"column":13}},{"start":{"line":5,"column":18},"end":{"line":5,"column":84}}],"line":5},"5":{"loc":{"start":{"line":5,"column":18},"end":{"line":5,"column":84}},"type":"cond-expr","locations":[{"start":{"line":5,"column":34},"end":{"line":5,"column":47}},{"start":{"line":5,"column":50},"end":{"line":5,"column":84}}],"line":5},"6":{"loc":{"start":{"line":5,"column":50},"end":{"line":5,"column":84}},"type":"binary-expr","locations":[{"start":{"line":5,"column":50},"end":{"line":5,"column":63}},{"start":{"line":5,"column":67},"end":{"line":5,"column":84}}],"line":5},"7":{"loc":{"start":{"line":10,"column":4},"end":{"line":10,"column":33}},"type":"if","locations":[{"start":{"line":10,"column":4},"end":{"line":10,"column":33}},{"start":{"line":10,"column":4},"end":{"line":10,"column":33}}],"line":10},"8":{"loc":{"start":{"line":13,"column":25},"end":{"line":17,"column":2}},"type":"binary-expr","locations":[{"start":{"line":13,"column":26},"end":{"line":13,"column":30}},{"start":{"line":13,"column":34},"end":{"line":13,"column":57}},{"start":{"line":13,"column":63},"end":{"line":17,"column":1}}],"line":13},"9":{"loc":{"start":{"line":13,"column":63},"end":{"line":17,"column":1}},"type":"cond-expr","locations":[{"start":{"line":13,"column":80},"end":{"line":15,"column":1}},{"start":{"line":15,"column":5},"end":{"line":17,"column":1}}],"line":13},"10":{"loc":{"start":{"line":18,"column":19},"end":{"line":24,"column":1}},"type":"binary-expr","locations":[{"start":{"line":18,"column":20},"end":{"line":18,"column":24}},{"start":{"line":18,"column":28},"end":{"line":18,"column":45}},{"start":{"line":18,"column":50},"end":{"line":24,"column":1}}],"line":18},"11":{"loc":{"start":{"line":19,"column":4},"end":{"line":19,"column":42}},"type":"if","locations":[{"start":{"line":19,"column":4},"end":{"line":19,"column":42}},{"start":{"line":19,"column":4},"end":{"line":19,"column":42}}],"line":19},"12":{"loc":{"start":{"line":19,"column":8},"end":{"line":19,"column":29}},"type":"binary-expr","locations":[{"start":{"line":19,"column":8},"end":{"line":19,"column":11}},{"start":{"line":19,"column":15},"end":{"line":19,"column":29}}],"line":19},"13":{"loc":{"start":{"line":21,"column":4},"end":{"line":21,"column":141}},"type":"if","locations":[{"start":{"line":21,"column":4},"end":{"line":21,"column":141}},{"start":{"line":21,"column":4},"end":{"line":21,"column":141}}],"line":21},"14":{"loc":{"start":{"line":21,"column":40},"end":{"line":21,"column":141}},"type":"if","locations":[{"start":{"line":21,"column":40},"end":{"line":21,"column":141}},{"start":{"line":21,"column":40},"end":{"line":21,"column":141}}],"line":21},"15":{"loc":{"start":{"line":21,"column":44},"end":{"line":21,"column":107}},"type":"binary-expr","locations":[{"start":{"line":21,"column":44},"end":{"line":21,"column":59}},{"start":{"line":21,"column":63},"end":{"line":21,"column":107}}],"line":21},"16":{"loc":{"start":{"line":25,"column":22},"end":{"line":27,"column":1}},"type":"binary-expr","locations":[{"start":{"line":25,"column":23},"end":{"line":25,"column":27}},{"start":{"line":25,"column":31},"end":{"line":25,"column":51}},{"start":{"line":25,"column":56},"end":{"line":27,"column":1}}],"line":25},"17":{"loc":{"start":{"line":26,"column":11},"end":{"line":26,"column":61}},"type":"cond-expr","locations":[{"start":{"line":26,"column":37},"end":{"line":26,"column":40}},{"start":{"line":26,"column":43},"end":{"line":26,"column":61}}],"line":26},"18":{"loc":{"start":{"line":26,"column":12},"end":{"line":26,"column":33}},"type":"binary-expr","locations":[{"start":{"line":26,"column":12},"end":{"line":26,"column":15}},{"start":{"line":26,"column":19},"end":{"line":26,"column":33}}],"line":26}},"s":{"0":1,"1":11,"2":11,"3":11,"4":11,"5":11,"6":2,"7":11,"8":0,"9":0,"10":0,"11":1,"12":1,"13":0,"14":1,"15":1,"16":0,"17":1,"18":1,"19":1,"20":11,"21":11,"22":1,"23":1,"24":1,"25":2,"26":1,"27":1,"28":1,"29":1,"30":1,"31":1,"32":1,"33":1,"34":1,"35":1,"36":1,"37":1,"38":1,"39":1,"40":1,"41":1,"42":1,"43":1,"44":1,"45":1,"46":1,"47":1,"48":1,"49":1},"f":{"0":11,"1":2,"2":0,"3":1,"4":0,"5":1,"6":2,"7":1,"8":1,"9":1,"10":1,"11":1,"12":1,"13":1,"14":1},"b":{"0":[1,1,1],"1":[1,0],"2":[11,0],"3":[11,0],"4":[11,11],"5":[0,11],"6":[11,0],"7":[0,0],"8":[1,1,1],"9":[1,0],"10":[1,1,1],"11":[0,1],"12":[1,1],"13":[1,0],"14":[11,0],"15":[11,11],"16":[1,1,1],"17":[0,2],"18":[2,2]},"inputSourceMap":{"version":3,"file":"/Users/sophiascomputer/Documents/vanderbilt/changeplusplus/MFbackend/miracleflightsbackend/src/tests/User.tests.ts","sources":["/Users/sophiascomputer/Documents/vanderbilt/changeplusplus/MFbackend/miracleflightsbackend/src/tests/User.tests.ts"],"names":[],"mappings":";;;;;;;;;;;;;;;;;;;;;;;;;;;;AAAA,2DAA0D;AAC1D,0DAAiC;AACjC,oDAA4B;AAC5B,6CAAoC;AAEpC,gBAAM,CAAC,MAAM,EAAE,CAAC;AAEhB,cAAc;AACd,cAAI,CAAC,GAAG,CAAC,mBAAQ,CAAC,CAAC;AACnB,cAAI,CAAC,MAAM,EAAE,CAAC;AAEd,qBAAqB;AACrB,MAAM,GAAG,GAAG,IAAA,+BAAe,GAAE,CAAC;AAC9B,IAAI,MAAc,CAAC;AAEnB,oBAAoB;AACpB,MAAM,CAAC,IAAI,CAAC,EAAE;IACZ,MAAM,GAAG,GAAG,CAAC,MAAM,CAAC,IAAI,EAAE,GAAG,EAAE;QAC7B,IAAI,EAAE,CAAC;IACT,CAAC,CAAC,CAAC;AACL,CAAC,CAAC,CAAC;AAEH,oBAAoB;AACpB,KAAK,CAAC,IAAI,CAAC,EAAE;IACX,MAAM,CAAC,KAAK,EAAE,CAAC;IACf,IAAI,EAAE,CAAC;AACT,CAAC,CAAC,CAAC;AAEH,YAAY;AACZ,QAAQ,CAAC,gCAAgC,EAAE,GAAG,EAAE;IAC9C,EAAE,CAAC,+CAA+C,EAAE,IAAI,CAAC,EAAE;QACzD,cAAI;aACD,OAAO,CAAC,GAAG,CAAC;aACZ,IAAI,CAAC,QAAQ,CAAC;aACd,IAAI,CAAC;YACJ,SAAS,EAAE,MAAM;YACjB,QAAQ,EAAE,MAAM;YAChB,SAAS,EAAE,0BAA0B;SACtC,CAAC;aACD,GAAG,CAAC,CAAC,GAAG,EAAE,GAAG,EAAE,EAAE;YAChB,IAAA,aAAM,EAAC,GAAG,CAAC,CAAC,EAAE,CAAC,IAAI,CAAC,MAAM,CAAC,GAAG,CAAC,CAAC;YAChC,IAAI,EAAE,CAAC;QACT,CAAC,CAAC,CAAC;IACP,CAAC,CAAC,CAAC;IAEH,EAAE,CAAC,wDAAwD,EAAE,IAAI,CAAC,EAAE;QAClE,cAAI;aACD,OAAO,CAAC,GAAG,CAAC;aACZ,IAAI,CAAC,QAAQ,CAAC;aACd,IAAI,CAAC;YACJ,SAAS,EAAE,MAAM;YACjB,QAAQ,EAAE,QAAQ;YAClB,SAAS,EAAE,0BAA0B;SACtC,CAAC;aACD,GAAG,CAAC,CAAC,GAAG,EAAE,GAAG,EAAE,EAAE;YAChB,IAAA,aAAM,EAAC,GAAG,CAAC,CAAC,EAAE,CAAC,IAAI,CAAC,MAAM,CAAC,GAAG,CAAC,CAAC;YAChC,IAAI,EAAE,CAAC;QACT,CAAC,CAAC,CAAC;IACP,CAAC,CAAC,CAAC;AACL,CAAC,CAAC,CAAC","sourcesContent":["import { configureServer } from '../config/server.config';\nimport chaiHttp from 'chai-http';\nimport dotenv from 'dotenv';\nimport chai, { expect } from 'chai';\nimport type { Server } from 'http';\ndotenv.config();\n\n// set up chai\nchai.use(chaiHttp);\nchai.should();\n\n// set up mock server\nconst app = configureServer();\nlet server: Server;\n\n// start mock server\nbefore(done => {\n  server = app.listen(1235, () => {\n    done();\n  });\n});\n\n// close mock server\nafter(done => {\n  server.close();\n  done();\n});\n\n// Test case\ndescribe('POST test/bodyParameterExample', () => {\n  it('should return a 200 response if a user exists', done => {\n    chai\n      .request(app)\n      .post('/user/')\n      .send({\n        firstName: 'Boba',\n        lastName: 'Fett',\n        birthdate: '2000-12-11T19:33:38+0000',\n      })\n      .end((err, res) => {\n        expect(res).to.have.status(200);\n        done();\n      });\n  });\n\n  it('should return a 400 response if a user does not exists', done => {\n    chai\n      .request(app)\n      .post('/user/')\n      .send({\n        firstName: 'Test',\n        lastName: 'Person',\n        birthdate: '2000-12-11T19:33:38+0000',\n      })\n      .end((err, res) => {\n        expect(res).to.have.status(400);\n        done();\n      });\n  });\n});\n"]},"_coverageSchema":"1a1c01bbd47fc00a2c39e90264f33305004495a9","hash":"a2fbb5ffffdc384c1ae86bec02db4d732711fe04","contentHash":"b9fb4de390c4722cd3e2d1fb1a3d6e40432d8abf16b99edd22894db2db62db84"}}